ARM GAS  C:\Users\86390\AppData\Local\Temp\ccMyl5pG.s 			page 1


   1              		.cpu cortex-m4
   2              		.arch armv7e-m
   3              		.fpu fpv4-sp-d16
   4              		.eabi_attribute 27, 1
   5              		.eabi_attribute 28, 1
   6              		.eabi_attribute 20, 1
   7              		.eabi_attribute 21, 1
   8              		.eabi_attribute 23, 3
   9              		.eabi_attribute 24, 1
  10              		.eabi_attribute 25, 1
  11              		.eabi_attribute 26, 1
  12              		.eabi_attribute 30, 1
  13              		.eabi_attribute 34, 1
  14              		.eabi_attribute 18, 4
  15              		.file	"i2c.c"
  16              		.text
  17              	.Ltext0:
  18              		.cfi_sections	.debug_frame
  19              		.section	.text.MX_I2C1_Init,"ax",%progbits
  20              		.align	1
  21              		.global	MX_I2C1_Init
  22              		.syntax unified
  23              		.thumb
  24              		.thumb_func
  26              	MX_I2C1_Init:
  27              	.LFB132:
  28              		.file 1 "Core/Src/i2c.c"
   1:Core/Src/i2c.c **** /* USER CODE BEGIN Header */
   2:Core/Src/i2c.c **** /**
   3:Core/Src/i2c.c ****   ******************************************************************************
   4:Core/Src/i2c.c ****   * @file    i2c.c
   5:Core/Src/i2c.c ****   * @brief   This file provides code for the configuration
   6:Core/Src/i2c.c ****   *          of the I2C instances.
   7:Core/Src/i2c.c ****   ******************************************************************************
   8:Core/Src/i2c.c ****   * @attention
   9:Core/Src/i2c.c ****   *
  10:Core/Src/i2c.c ****   * Copyright (c) 2025 STMicroelectronics.
  11:Core/Src/i2c.c ****   * All rights reserved.
  12:Core/Src/i2c.c ****   *
  13:Core/Src/i2c.c ****   * This software is licensed under terms that can be found in the LICENSE file
  14:Core/Src/i2c.c ****   * in the root directory of this software component.
  15:Core/Src/i2c.c ****   * If no LICENSE file comes with this software, it is provided AS-IS.
  16:Core/Src/i2c.c ****   *
  17:Core/Src/i2c.c ****   ******************************************************************************
  18:Core/Src/i2c.c ****   */
  19:Core/Src/i2c.c **** /* USER CODE END Header */
  20:Core/Src/i2c.c **** /* Includes ------------------------------------------------------------------*/
  21:Core/Src/i2c.c **** #include "i2c.h"
  22:Core/Src/i2c.c **** 
  23:Core/Src/i2c.c **** /* USER CODE BEGIN 0 */
  24:Core/Src/i2c.c **** 
  25:Core/Src/i2c.c **** /* USER CODE END 0 */
  26:Core/Src/i2c.c **** 
  27:Core/Src/i2c.c **** I2C_HandleTypeDef hi2c1;
  28:Core/Src/i2c.c **** 
  29:Core/Src/i2c.c **** /* I2C1 init function */
  30:Core/Src/i2c.c **** void MX_I2C1_Init(void)
ARM GAS  C:\Users\86390\AppData\Local\Temp\ccMyl5pG.s 			page 2


  31:Core/Src/i2c.c **** {
  29              		.loc 1 31 1 view -0
  30              		.cfi_startproc
  31              		@ args = 0, pretend = 0, frame = 0
  32              		@ frame_needed = 0, uses_anonymous_args = 0
  33 0000 08B5     		push	{r3, lr}
  34              	.LCFI0:
  35              		.cfi_def_cfa_offset 8
  36              		.cfi_offset 3, -8
  37              		.cfi_offset 14, -4
  32:Core/Src/i2c.c **** 
  33:Core/Src/i2c.c ****   /* USER CODE BEGIN I2C1_Init 0 */
  34:Core/Src/i2c.c **** 
  35:Core/Src/i2c.c ****   /* USER CODE END I2C1_Init 0 */
  36:Core/Src/i2c.c **** 
  37:Core/Src/i2c.c ****   /* USER CODE BEGIN I2C1_Init 1 */
  38:Core/Src/i2c.c **** 
  39:Core/Src/i2c.c ****   /* USER CODE END I2C1_Init 1 */
  40:Core/Src/i2c.c ****   hi2c1.Instance = I2C1;
  38              		.loc 1 40 3 view .LVU1
  39              		.loc 1 40 18 is_stmt 0 view .LVU2
  40 0002 1448     		ldr	r0, .L9
  41 0004 144B     		ldr	r3, .L9+4
  42 0006 0360     		str	r3, [r0]
  41:Core/Src/i2c.c ****   hi2c1.Init.Timing = 0x4052060F;
  43              		.loc 1 41 3 is_stmt 1 view .LVU3
  44              		.loc 1 41 21 is_stmt 0 view .LVU4
  45 0008 144B     		ldr	r3, .L9+8
  46 000a 4360     		str	r3, [r0, #4]
  42:Core/Src/i2c.c ****   hi2c1.Init.OwnAddress1 = 0;
  47              		.loc 1 42 3 is_stmt 1 view .LVU5
  48              		.loc 1 42 26 is_stmt 0 view .LVU6
  49 000c 0023     		movs	r3, #0
  50 000e 8360     		str	r3, [r0, #8]
  43:Core/Src/i2c.c ****   hi2c1.Init.AddressingMode = I2C_ADDRESSINGMODE_7BIT;
  51              		.loc 1 43 3 is_stmt 1 view .LVU7
  52              		.loc 1 43 29 is_stmt 0 view .LVU8
  53 0010 0122     		movs	r2, #1
  54 0012 C260     		str	r2, [r0, #12]
  44:Core/Src/i2c.c ****   hi2c1.Init.DualAddressMode = I2C_DUALADDRESS_DISABLE;
  55              		.loc 1 44 3 is_stmt 1 view .LVU9
  56              		.loc 1 44 30 is_stmt 0 view .LVU10
  57 0014 0361     		str	r3, [r0, #16]
  45:Core/Src/i2c.c ****   hi2c1.Init.OwnAddress2 = 0;
  58              		.loc 1 45 3 is_stmt 1 view .LVU11
  59              		.loc 1 45 26 is_stmt 0 view .LVU12
  60 0016 4361     		str	r3, [r0, #20]
  46:Core/Src/i2c.c ****   hi2c1.Init.OwnAddress2Masks = I2C_OA2_NOMASK;
  61              		.loc 1 46 3 is_stmt 1 view .LVU13
  62              		.loc 1 46 31 is_stmt 0 view .LVU14
  63 0018 8361     		str	r3, [r0, #24]
  47:Core/Src/i2c.c ****   hi2c1.Init.GeneralCallMode = I2C_GENERALCALL_DISABLE;
  64              		.loc 1 47 3 is_stmt 1 view .LVU15
  65              		.loc 1 47 30 is_stmt 0 view .LVU16
  66 001a C361     		str	r3, [r0, #28]
  48:Core/Src/i2c.c ****   hi2c1.Init.NoStretchMode = I2C_NOSTRETCH_DISABLE;
  67              		.loc 1 48 3 is_stmt 1 view .LVU17
ARM GAS  C:\Users\86390\AppData\Local\Temp\ccMyl5pG.s 			page 3


  68              		.loc 1 48 28 is_stmt 0 view .LVU18
  69 001c 0362     		str	r3, [r0, #32]
  49:Core/Src/i2c.c ****   if (HAL_I2C_Init(&hi2c1) != HAL_OK)
  70              		.loc 1 49 3 is_stmt 1 view .LVU19
  71              		.loc 1 49 7 is_stmt 0 view .LVU20
  72 001e FFF7FEFF 		bl	HAL_I2C_Init
  73              	.LVL0:
  74              		.loc 1 49 6 view .LVU21
  75 0022 70B9     		cbnz	r0, .L6
  76              	.L2:
  50:Core/Src/i2c.c ****   {
  51:Core/Src/i2c.c ****     Error_Handler();
  52:Core/Src/i2c.c ****   }
  53:Core/Src/i2c.c **** 
  54:Core/Src/i2c.c ****   /** Configure Analogue filter
  55:Core/Src/i2c.c ****   */
  56:Core/Src/i2c.c ****   if (HAL_I2CEx_ConfigAnalogFilter(&hi2c1, I2C_ANALOGFILTER_ENABLE) != HAL_OK)
  77              		.loc 1 56 3 is_stmt 1 view .LVU22
  78              		.loc 1 56 7 is_stmt 0 view .LVU23
  79 0024 0021     		movs	r1, #0
  80 0026 0B48     		ldr	r0, .L9
  81 0028 FFF7FEFF 		bl	HAL_I2CEx_ConfigAnalogFilter
  82              	.LVL1:
  83              		.loc 1 56 6 view .LVU24
  84 002c 60B9     		cbnz	r0, .L7
  85              	.L3:
  57:Core/Src/i2c.c ****   {
  58:Core/Src/i2c.c ****     Error_Handler();
  59:Core/Src/i2c.c ****   }
  60:Core/Src/i2c.c **** 
  61:Core/Src/i2c.c ****   /** Configure Digital filter
  62:Core/Src/i2c.c ****   */
  63:Core/Src/i2c.c ****   if (HAL_I2CEx_ConfigDigitalFilter(&hi2c1, 0) != HAL_OK)
  86              		.loc 1 63 3 is_stmt 1 view .LVU25
  87              		.loc 1 63 7 is_stmt 0 view .LVU26
  88 002e 0021     		movs	r1, #0
  89 0030 0848     		ldr	r0, .L9
  90 0032 FFF7FEFF 		bl	HAL_I2CEx_ConfigDigitalFilter
  91              	.LVL2:
  92              		.loc 1 63 6 view .LVU27
  93 0036 50B9     		cbnz	r0, .L8
  94              	.L4:
  64:Core/Src/i2c.c ****   {
  65:Core/Src/i2c.c ****     Error_Handler();
  66:Core/Src/i2c.c ****   }
  67:Core/Src/i2c.c **** 
  68:Core/Src/i2c.c ****   /** I2C Fast mode Plus enable
  69:Core/Src/i2c.c ****   */
  70:Core/Src/i2c.c ****   HAL_I2CEx_EnableFastModePlus(I2C_FASTMODEPLUS_I2C1);
  95              		.loc 1 70 3 is_stmt 1 view .LVU28
  96 0038 4FF48010 		mov	r0, #1048576
  97 003c FFF7FEFF 		bl	HAL_I2CEx_EnableFastModePlus
  98              	.LVL3:
  71:Core/Src/i2c.c ****   /* USER CODE BEGIN I2C1_Init 2 */
  72:Core/Src/i2c.c **** 
  73:Core/Src/i2c.c ****   /* USER CODE END I2C1_Init 2 */
  74:Core/Src/i2c.c **** 
ARM GAS  C:\Users\86390\AppData\Local\Temp\ccMyl5pG.s 			page 4


  75:Core/Src/i2c.c **** }
  99              		.loc 1 75 1 is_stmt 0 view .LVU29
 100 0040 08BD     		pop	{r3, pc}
 101              	.L6:
  51:Core/Src/i2c.c ****   }
 102              		.loc 1 51 5 is_stmt 1 view .LVU30
 103 0042 FFF7FEFF 		bl	Error_Handler
 104              	.LVL4:
 105 0046 EDE7     		b	.L2
 106              	.L7:
  58:Core/Src/i2c.c ****   }
 107              		.loc 1 58 5 view .LVU31
 108 0048 FFF7FEFF 		bl	Error_Handler
 109              	.LVL5:
 110 004c EFE7     		b	.L3
 111              	.L8:
  65:Core/Src/i2c.c ****   }
 112              		.loc 1 65 5 view .LVU32
 113 004e FFF7FEFF 		bl	Error_Handler
 114              	.LVL6:
 115 0052 F1E7     		b	.L4
 116              	.L10:
 117              		.align	2
 118              	.L9:
 119 0054 00000000 		.word	.LANCHOR0
 120 0058 00540040 		.word	1073763328
 121 005c 0F065240 		.word	1079117327
 122              		.cfi_endproc
 123              	.LFE132:
 125              		.section	.text.HAL_I2C_MspInit,"ax",%progbits
 126              		.align	1
 127              		.global	HAL_I2C_MspInit
 128              		.syntax unified
 129              		.thumb
 130              		.thumb_func
 132              	HAL_I2C_MspInit:
 133              	.LVL7:
 134              	.LFB133:
  76:Core/Src/i2c.c **** 
  77:Core/Src/i2c.c **** void HAL_I2C_MspInit(I2C_HandleTypeDef* i2cHandle)
  78:Core/Src/i2c.c **** {
 135              		.loc 1 78 1 view -0
 136              		.cfi_startproc
 137              		@ args = 0, pretend = 0, frame = 104
 138              		@ frame_needed = 0, uses_anonymous_args = 0
 139              		.loc 1 78 1 is_stmt 0 view .LVU34
 140 0000 2DE9F041 		push	{r4, r5, r6, r7, r8, lr}
 141              	.LCFI1:
 142              		.cfi_def_cfa_offset 24
 143              		.cfi_offset 4, -24
 144              		.cfi_offset 5, -20
 145              		.cfi_offset 6, -16
 146              		.cfi_offset 7, -12
 147              		.cfi_offset 8, -8
 148              		.cfi_offset 14, -4
 149 0004 9AB0     		sub	sp, sp, #104
 150              	.LCFI2:
ARM GAS  C:\Users\86390\AppData\Local\Temp\ccMyl5pG.s 			page 5


 151              		.cfi_def_cfa_offset 128
 152 0006 0446     		mov	r4, r0
  79:Core/Src/i2c.c **** 
  80:Core/Src/i2c.c ****   GPIO_InitTypeDef GPIO_InitStruct = {0};
 153              		.loc 1 80 3 is_stmt 1 view .LVU35
 154              		.loc 1 80 20 is_stmt 0 view .LVU36
 155 0008 0021     		movs	r1, #0
 156 000a 1591     		str	r1, [sp, #84]
 157 000c 1691     		str	r1, [sp, #88]
 158 000e 1791     		str	r1, [sp, #92]
 159 0010 1891     		str	r1, [sp, #96]
 160 0012 1991     		str	r1, [sp, #100]
  81:Core/Src/i2c.c ****   RCC_PeriphCLKInitTypeDef PeriphClkInit = {0};
 161              		.loc 1 81 3 is_stmt 1 view .LVU37
 162              		.loc 1 81 28 is_stmt 0 view .LVU38
 163 0014 4422     		movs	r2, #68
 164 0016 04A8     		add	r0, sp, #16
 165              	.LVL8:
 166              		.loc 1 81 28 view .LVU39
 167 0018 FFF7FEFF 		bl	memset
 168              	.LVL9:
  82:Core/Src/i2c.c ****   if(i2cHandle->Instance==I2C1)
 169              		.loc 1 82 3 is_stmt 1 view .LVU40
 170              		.loc 1 82 15 is_stmt 0 view .LVU41
 171 001c 2268     		ldr	r2, [r4]
 172              		.loc 1 82 5 view .LVU42
 173 001e 254B     		ldr	r3, .L17
 174 0020 9A42     		cmp	r2, r3
 175 0022 02D0     		beq	.L15
 176              	.LVL10:
 177              	.L11:
  83:Core/Src/i2c.c ****   {
  84:Core/Src/i2c.c ****   /* USER CODE BEGIN I2C1_MspInit 0 */
  85:Core/Src/i2c.c **** 
  86:Core/Src/i2c.c ****   /* USER CODE END I2C1_MspInit 0 */
  87:Core/Src/i2c.c **** 
  88:Core/Src/i2c.c ****   /** Initializes the peripherals clocks
  89:Core/Src/i2c.c ****   */
  90:Core/Src/i2c.c ****     PeriphClkInit.PeriphClockSelection = RCC_PERIPHCLK_I2C1;
  91:Core/Src/i2c.c ****     PeriphClkInit.I2c1ClockSelection = RCC_I2C1CLKSOURCE_PCLK1;
  92:Core/Src/i2c.c ****     if (HAL_RCCEx_PeriphCLKConfig(&PeriphClkInit) != HAL_OK)
  93:Core/Src/i2c.c ****     {
  94:Core/Src/i2c.c ****       Error_Handler();
  95:Core/Src/i2c.c ****     }
  96:Core/Src/i2c.c **** 
  97:Core/Src/i2c.c ****     __HAL_RCC_GPIOA_CLK_ENABLE();
  98:Core/Src/i2c.c ****     __HAL_RCC_GPIOB_CLK_ENABLE();
  99:Core/Src/i2c.c ****     /**I2C1 GPIO Configuration
 100:Core/Src/i2c.c ****     PA15     ------> I2C1_SCL
 101:Core/Src/i2c.c ****     PB7     ------> I2C1_SDA
 102:Core/Src/i2c.c ****     */
 103:Core/Src/i2c.c ****     GPIO_InitStruct.Pin = GPIO_PIN_15;
 104:Core/Src/i2c.c ****     GPIO_InitStruct.Mode = GPIO_MODE_AF_OD;
 105:Core/Src/i2c.c ****     GPIO_InitStruct.Pull = GPIO_NOPULL;
 106:Core/Src/i2c.c ****     GPIO_InitStruct.Speed = GPIO_SPEED_FREQ_VERY_HIGH;
 107:Core/Src/i2c.c ****     GPIO_InitStruct.Alternate = GPIO_AF4_I2C1;
 108:Core/Src/i2c.c ****     HAL_GPIO_Init(GPIOA, &GPIO_InitStruct);
ARM GAS  C:\Users\86390\AppData\Local\Temp\ccMyl5pG.s 			page 6


 109:Core/Src/i2c.c **** 
 110:Core/Src/i2c.c ****     GPIO_InitStruct.Pin = GPIO_PIN_7;
 111:Core/Src/i2c.c ****     GPIO_InitStruct.Mode = GPIO_MODE_AF_OD;
 112:Core/Src/i2c.c ****     GPIO_InitStruct.Pull = GPIO_NOPULL;
 113:Core/Src/i2c.c ****     GPIO_InitStruct.Speed = GPIO_SPEED_FREQ_VERY_HIGH;
 114:Core/Src/i2c.c ****     GPIO_InitStruct.Alternate = GPIO_AF4_I2C1;
 115:Core/Src/i2c.c ****     HAL_GPIO_Init(GPIOB, &GPIO_InitStruct);
 116:Core/Src/i2c.c **** 
 117:Core/Src/i2c.c ****     /* I2C1 clock enable */
 118:Core/Src/i2c.c ****     __HAL_RCC_I2C1_CLK_ENABLE();
 119:Core/Src/i2c.c ****   /* USER CODE BEGIN I2C1_MspInit 1 */
 120:Core/Src/i2c.c **** 
 121:Core/Src/i2c.c ****   /* USER CODE END I2C1_MspInit 1 */
 122:Core/Src/i2c.c ****   }
 123:Core/Src/i2c.c **** }
 178              		.loc 1 123 1 view .LVU43
 179 0024 1AB0     		add	sp, sp, #104
 180              	.LCFI3:
 181              		.cfi_remember_state
 182              		.cfi_def_cfa_offset 24
 183              		@ sp needed
 184 0026 BDE8F081 		pop	{r4, r5, r6, r7, r8, pc}
 185              	.LVL11:
 186              	.L15:
 187              	.LCFI4:
 188              		.cfi_restore_state
  90:Core/Src/i2c.c ****     PeriphClkInit.I2c1ClockSelection = RCC_I2C1CLKSOURCE_PCLK1;
 189              		.loc 1 90 5 is_stmt 1 view .LVU44
  90:Core/Src/i2c.c ****     PeriphClkInit.I2c1ClockSelection = RCC_I2C1CLKSOURCE_PCLK1;
 190              		.loc 1 90 40 is_stmt 0 view .LVU45
 191 002a 4023     		movs	r3, #64
 192 002c 0493     		str	r3, [sp, #16]
  91:Core/Src/i2c.c ****     if (HAL_RCCEx_PeriphCLKConfig(&PeriphClkInit) != HAL_OK)
 193              		.loc 1 91 5 is_stmt 1 view .LVU46
  92:Core/Src/i2c.c ****     {
 194              		.loc 1 92 5 view .LVU47
  92:Core/Src/i2c.c ****     {
 195              		.loc 1 92 9 is_stmt 0 view .LVU48
 196 002e 04A8     		add	r0, sp, #16
 197 0030 FFF7FEFF 		bl	HAL_RCCEx_PeriphCLKConfig
 198              	.LVL12:
  92:Core/Src/i2c.c ****     {
 199              		.loc 1 92 8 view .LVU49
 200 0034 0028     		cmp	r0, #0
 201 0036 39D1     		bne	.L16
 202              	.L13:
  97:Core/Src/i2c.c ****     __HAL_RCC_GPIOB_CLK_ENABLE();
 203              		.loc 1 97 5 is_stmt 1 view .LVU50
 204              	.LBB2:
  97:Core/Src/i2c.c ****     __HAL_RCC_GPIOB_CLK_ENABLE();
 205              		.loc 1 97 5 view .LVU51
  97:Core/Src/i2c.c ****     __HAL_RCC_GPIOB_CLK_ENABLE();
 206              		.loc 1 97 5 view .LVU52
 207 0038 1F4C     		ldr	r4, .L17+4
 208              	.LVL13:
  97:Core/Src/i2c.c ****     __HAL_RCC_GPIOB_CLK_ENABLE();
 209              		.loc 1 97 5 is_stmt 0 view .LVU53
ARM GAS  C:\Users\86390\AppData\Local\Temp\ccMyl5pG.s 			page 7


 210 003a E36C     		ldr	r3, [r4, #76]
 211 003c 43F00103 		orr	r3, r3, #1
 212 0040 E364     		str	r3, [r4, #76]
  97:Core/Src/i2c.c ****     __HAL_RCC_GPIOB_CLK_ENABLE();
 213              		.loc 1 97 5 is_stmt 1 view .LVU54
 214 0042 E36C     		ldr	r3, [r4, #76]
 215 0044 03F00103 		and	r3, r3, #1
 216 0048 0193     		str	r3, [sp, #4]
  97:Core/Src/i2c.c ****     __HAL_RCC_GPIOB_CLK_ENABLE();
 217              		.loc 1 97 5 view .LVU55
 218 004a 019B     		ldr	r3, [sp, #4]
 219              	.LBE2:
  97:Core/Src/i2c.c ****     __HAL_RCC_GPIOB_CLK_ENABLE();
 220              		.loc 1 97 5 view .LVU56
  98:Core/Src/i2c.c ****     /**I2C1 GPIO Configuration
 221              		.loc 1 98 5 view .LVU57
 222              	.LBB3:
  98:Core/Src/i2c.c ****     /**I2C1 GPIO Configuration
 223              		.loc 1 98 5 view .LVU58
  98:Core/Src/i2c.c ****     /**I2C1 GPIO Configuration
 224              		.loc 1 98 5 view .LVU59
 225 004c E36C     		ldr	r3, [r4, #76]
 226 004e 43F00203 		orr	r3, r3, #2
 227 0052 E364     		str	r3, [r4, #76]
  98:Core/Src/i2c.c ****     /**I2C1 GPIO Configuration
 228              		.loc 1 98 5 view .LVU60
 229 0054 E36C     		ldr	r3, [r4, #76]
 230 0056 03F00203 		and	r3, r3, #2
 231 005a 0293     		str	r3, [sp, #8]
  98:Core/Src/i2c.c ****     /**I2C1 GPIO Configuration
 232              		.loc 1 98 5 view .LVU61
 233 005c 029B     		ldr	r3, [sp, #8]
 234              	.LBE3:
  98:Core/Src/i2c.c ****     /**I2C1 GPIO Configuration
 235              		.loc 1 98 5 view .LVU62
 103:Core/Src/i2c.c ****     GPIO_InitStruct.Mode = GPIO_MODE_AF_OD;
 236              		.loc 1 103 5 view .LVU63
 103:Core/Src/i2c.c ****     GPIO_InitStruct.Mode = GPIO_MODE_AF_OD;
 237              		.loc 1 103 25 is_stmt 0 view .LVU64
 238 005e 4FF40043 		mov	r3, #32768
 239 0062 1593     		str	r3, [sp, #84]
 104:Core/Src/i2c.c ****     GPIO_InitStruct.Pull = GPIO_NOPULL;
 240              		.loc 1 104 5 is_stmt 1 view .LVU65
 104:Core/Src/i2c.c ****     GPIO_InitStruct.Pull = GPIO_NOPULL;
 241              		.loc 1 104 26 is_stmt 0 view .LVU66
 242 0064 4FF01208 		mov	r8, #18
 243 0068 CDF85880 		str	r8, [sp, #88]
 105:Core/Src/i2c.c ****     GPIO_InitStruct.Speed = GPIO_SPEED_FREQ_VERY_HIGH;
 244              		.loc 1 105 5 is_stmt 1 view .LVU67
 105:Core/Src/i2c.c ****     GPIO_InitStruct.Speed = GPIO_SPEED_FREQ_VERY_HIGH;
 245              		.loc 1 105 26 is_stmt 0 view .LVU68
 246 006c 0027     		movs	r7, #0
 247 006e 1797     		str	r7, [sp, #92]
 106:Core/Src/i2c.c ****     GPIO_InitStruct.Alternate = GPIO_AF4_I2C1;
 248              		.loc 1 106 5 is_stmt 1 view .LVU69
 106:Core/Src/i2c.c ****     GPIO_InitStruct.Alternate = GPIO_AF4_I2C1;
 249              		.loc 1 106 27 is_stmt 0 view .LVU70
ARM GAS  C:\Users\86390\AppData\Local\Temp\ccMyl5pG.s 			page 8


 250 0070 0326     		movs	r6, #3
 251 0072 1896     		str	r6, [sp, #96]
 107:Core/Src/i2c.c ****     HAL_GPIO_Init(GPIOA, &GPIO_InitStruct);
 252              		.loc 1 107 5 is_stmt 1 view .LVU71
 107:Core/Src/i2c.c ****     HAL_GPIO_Init(GPIOA, &GPIO_InitStruct);
 253              		.loc 1 107 31 is_stmt 0 view .LVU72
 254 0074 0425     		movs	r5, #4
 255 0076 1995     		str	r5, [sp, #100]
 108:Core/Src/i2c.c **** 
 256              		.loc 1 108 5 is_stmt 1 view .LVU73
 257 0078 15A9     		add	r1, sp, #84
 258 007a 4FF09040 		mov	r0, #1207959552
 259 007e FFF7FEFF 		bl	HAL_GPIO_Init
 260              	.LVL14:
 110:Core/Src/i2c.c ****     GPIO_InitStruct.Mode = GPIO_MODE_AF_OD;
 261              		.loc 1 110 5 view .LVU74
 110:Core/Src/i2c.c ****     GPIO_InitStruct.Mode = GPIO_MODE_AF_OD;
 262              		.loc 1 110 25 is_stmt 0 view .LVU75
 263 0082 8023     		movs	r3, #128
 264 0084 1593     		str	r3, [sp, #84]
 111:Core/Src/i2c.c ****     GPIO_InitStruct.Pull = GPIO_NOPULL;
 265              		.loc 1 111 5 is_stmt 1 view .LVU76
 111:Core/Src/i2c.c ****     GPIO_InitStruct.Pull = GPIO_NOPULL;
 266              		.loc 1 111 26 is_stmt 0 view .LVU77
 267 0086 CDF85880 		str	r8, [sp, #88]
 112:Core/Src/i2c.c ****     GPIO_InitStruct.Speed = GPIO_SPEED_FREQ_VERY_HIGH;
 268              		.loc 1 112 5 is_stmt 1 view .LVU78
 112:Core/Src/i2c.c ****     GPIO_InitStruct.Speed = GPIO_SPEED_FREQ_VERY_HIGH;
 269              		.loc 1 112 26 is_stmt 0 view .LVU79
 270 008a 1797     		str	r7, [sp, #92]
 113:Core/Src/i2c.c ****     GPIO_InitStruct.Alternate = GPIO_AF4_I2C1;
 271              		.loc 1 113 5 is_stmt 1 view .LVU80
 113:Core/Src/i2c.c ****     GPIO_InitStruct.Alternate = GPIO_AF4_I2C1;
 272              		.loc 1 113 27 is_stmt 0 view .LVU81
 273 008c 1896     		str	r6, [sp, #96]
 114:Core/Src/i2c.c ****     HAL_GPIO_Init(GPIOB, &GPIO_InitStruct);
 274              		.loc 1 114 5 is_stmt 1 view .LVU82
 114:Core/Src/i2c.c ****     HAL_GPIO_Init(GPIOB, &GPIO_InitStruct);
 275              		.loc 1 114 31 is_stmt 0 view .LVU83
 276 008e 1995     		str	r5, [sp, #100]
 115:Core/Src/i2c.c **** 
 277              		.loc 1 115 5 is_stmt 1 view .LVU84
 278 0090 15A9     		add	r1, sp, #84
 279 0092 0A48     		ldr	r0, .L17+8
 280 0094 FFF7FEFF 		bl	HAL_GPIO_Init
 281              	.LVL15:
 118:Core/Src/i2c.c ****   /* USER CODE BEGIN I2C1_MspInit 1 */
 282              		.loc 1 118 5 view .LVU85
 283              	.LBB4:
 118:Core/Src/i2c.c ****   /* USER CODE BEGIN I2C1_MspInit 1 */
 284              		.loc 1 118 5 view .LVU86
 118:Core/Src/i2c.c ****   /* USER CODE BEGIN I2C1_MspInit 1 */
 285              		.loc 1 118 5 view .LVU87
 286 0098 A36D     		ldr	r3, [r4, #88]
 287 009a 43F40013 		orr	r3, r3, #2097152
 288 009e A365     		str	r3, [r4, #88]
 118:Core/Src/i2c.c ****   /* USER CODE BEGIN I2C1_MspInit 1 */
ARM GAS  C:\Users\86390\AppData\Local\Temp\ccMyl5pG.s 			page 9


 289              		.loc 1 118 5 view .LVU88
 290 00a0 A36D     		ldr	r3, [r4, #88]
 291 00a2 03F40013 		and	r3, r3, #2097152
 292 00a6 0393     		str	r3, [sp, #12]
 118:Core/Src/i2c.c ****   /* USER CODE BEGIN I2C1_MspInit 1 */
 293              		.loc 1 118 5 view .LVU89
 294 00a8 039B     		ldr	r3, [sp, #12]
 295              	.LBE4:
 118:Core/Src/i2c.c ****   /* USER CODE BEGIN I2C1_MspInit 1 */
 296              		.loc 1 118 5 view .LVU90
 297              		.loc 1 123 1 is_stmt 0 view .LVU91
 298 00aa BBE7     		b	.L11
 299              	.LVL16:
 300              	.L16:
  94:Core/Src/i2c.c ****     }
 301              		.loc 1 94 7 is_stmt 1 view .LVU92
 302 00ac FFF7FEFF 		bl	Error_Handler
 303              	.LVL17:
 304 00b0 C2E7     		b	.L13
 305              	.L18:
 306 00b2 00BF     		.align	2
 307              	.L17:
 308 00b4 00540040 		.word	1073763328
 309 00b8 00100240 		.word	1073876992
 310 00bc 00040048 		.word	1207960576
 311              		.cfi_endproc
 312              	.LFE133:
 314              		.section	.text.HAL_I2C_MspDeInit,"ax",%progbits
 315              		.align	1
 316              		.global	HAL_I2C_MspDeInit
 317              		.syntax unified
 318              		.thumb
 319              		.thumb_func
 321              	HAL_I2C_MspDeInit:
 322              	.LVL18:
 323              	.LFB134:
 124:Core/Src/i2c.c **** 
 125:Core/Src/i2c.c **** void HAL_I2C_MspDeInit(I2C_HandleTypeDef* i2cHandle)
 126:Core/Src/i2c.c **** {
 324              		.loc 1 126 1 view -0
 325              		.cfi_startproc
 326              		@ args = 0, pretend = 0, frame = 0
 327              		@ frame_needed = 0, uses_anonymous_args = 0
 328              		.loc 1 126 1 is_stmt 0 view .LVU94
 329 0000 08B5     		push	{r3, lr}
 330              	.LCFI5:
 331              		.cfi_def_cfa_offset 8
 332              		.cfi_offset 3, -8
 333              		.cfi_offset 14, -4
 127:Core/Src/i2c.c **** 
 128:Core/Src/i2c.c ****   if(i2cHandle->Instance==I2C1)
 334              		.loc 1 128 3 is_stmt 1 view .LVU95
 335              		.loc 1 128 15 is_stmt 0 view .LVU96
 336 0002 0268     		ldr	r2, [r0]
 337              		.loc 1 128 5 view .LVU97
 338 0004 094B     		ldr	r3, .L23
 339 0006 9A42     		cmp	r2, r3
ARM GAS  C:\Users\86390\AppData\Local\Temp\ccMyl5pG.s 			page 10


 340 0008 00D0     		beq	.L22
 341              	.LVL19:
 342              	.L19:
 129:Core/Src/i2c.c ****   {
 130:Core/Src/i2c.c ****   /* USER CODE BEGIN I2C1_MspDeInit 0 */
 131:Core/Src/i2c.c **** 
 132:Core/Src/i2c.c ****   /* USER CODE END I2C1_MspDeInit 0 */
 133:Core/Src/i2c.c ****     /* Peripheral clock disable */
 134:Core/Src/i2c.c ****     __HAL_RCC_I2C1_CLK_DISABLE();
 135:Core/Src/i2c.c **** 
 136:Core/Src/i2c.c ****     /**I2C1 GPIO Configuration
 137:Core/Src/i2c.c ****     PA15     ------> I2C1_SCL
 138:Core/Src/i2c.c ****     PB7     ------> I2C1_SDA
 139:Core/Src/i2c.c ****     */
 140:Core/Src/i2c.c ****     HAL_GPIO_DeInit(GPIOA, GPIO_PIN_15);
 141:Core/Src/i2c.c **** 
 142:Core/Src/i2c.c ****     HAL_GPIO_DeInit(GPIOB, GPIO_PIN_7);
 143:Core/Src/i2c.c **** 
 144:Core/Src/i2c.c ****   /* USER CODE BEGIN I2C1_MspDeInit 1 */
 145:Core/Src/i2c.c **** 
 146:Core/Src/i2c.c ****   /* USER CODE END I2C1_MspDeInit 1 */
 147:Core/Src/i2c.c ****   }
 148:Core/Src/i2c.c **** }
 343              		.loc 1 148 1 view .LVU98
 344 000a 08BD     		pop	{r3, pc}
 345              	.LVL20:
 346              	.L22:
 134:Core/Src/i2c.c **** 
 347              		.loc 1 134 5 is_stmt 1 view .LVU99
 348 000c 084A     		ldr	r2, .L23+4
 349 000e 936D     		ldr	r3, [r2, #88]
 350 0010 23F40013 		bic	r3, r3, #2097152
 351 0014 9365     		str	r3, [r2, #88]
 140:Core/Src/i2c.c **** 
 352              		.loc 1 140 5 view .LVU100
 353 0016 4FF40041 		mov	r1, #32768
 354 001a 4FF09040 		mov	r0, #1207959552
 355              	.LVL21:
 140:Core/Src/i2c.c **** 
 356              		.loc 1 140 5 is_stmt 0 view .LVU101
 357 001e FFF7FEFF 		bl	HAL_GPIO_DeInit
 358              	.LVL22:
 142:Core/Src/i2c.c **** 
 359              		.loc 1 142 5 is_stmt 1 view .LVU102
 360 0022 8021     		movs	r1, #128
 361 0024 0348     		ldr	r0, .L23+8
 362 0026 FFF7FEFF 		bl	HAL_GPIO_DeInit
 363              	.LVL23:
 364              		.loc 1 148 1 is_stmt 0 view .LVU103
 365 002a EEE7     		b	.L19
 366              	.L24:
 367              		.align	2
 368              	.L23:
 369 002c 00540040 		.word	1073763328
 370 0030 00100240 		.word	1073876992
 371 0034 00040048 		.word	1207960576
 372              		.cfi_endproc
ARM GAS  C:\Users\86390\AppData\Local\Temp\ccMyl5pG.s 			page 11


 373              	.LFE134:
 375              		.global	hi2c1
 376              		.section	.bss.hi2c1,"aw",%nobits
 377              		.align	2
 378              		.set	.LANCHOR0,. + 0
 381              	hi2c1:
 382 0000 00000000 		.space	84
 382      00000000 
 382      00000000 
 382      00000000 
 382      00000000 
 383              		.text
 384              	.Letext0:
 385              		.file 2 "d:\\stm32_vscode_bag\\gnu\\arm-none-eabi\\include\\machine\\_default_types.h"
 386              		.file 3 "d:\\stm32_vscode_bag\\gnu\\arm-none-eabi\\include\\sys\\_stdint.h"
 387              		.file 4 "Drivers/CMSIS/Device/ST/STM32G4xx/Include/stm32g431xx.h"
 388              		.file 5 "Drivers/STM32G4xx_HAL_Driver/Inc/stm32g4xx_hal_def.h"
 389              		.file 6 "Drivers/STM32G4xx_HAL_Driver/Inc/stm32g4xx_hal_rcc_ex.h"
 390              		.file 7 "Drivers/STM32G4xx_HAL_Driver/Inc/stm32g4xx_hal_gpio.h"
 391              		.file 8 "Drivers/STM32G4xx_HAL_Driver/Inc/stm32g4xx_hal_dma.h"
 392              		.file 9 "Drivers/STM32G4xx_HAL_Driver/Inc/stm32g4xx_hal_i2c.h"
 393              		.file 10 "Core/Inc/main.h"
 394              		.file 11 "Drivers/STM32G4xx_HAL_Driver/Inc/stm32g4xx_hal_i2c_ex.h"
 395              		.file 12 "Core/Inc/i2c.h"
 396              		.file 13 "<built-in>"
ARM GAS  C:\Users\86390\AppData\Local\Temp\ccMyl5pG.s 			page 12


DEFINED SYMBOLS
                            *ABS*:00000000 i2c.c
C:\Users\86390\AppData\Local\Temp\ccMyl5pG.s:20     .text.MX_I2C1_Init:00000000 $t
C:\Users\86390\AppData\Local\Temp\ccMyl5pG.s:26     .text.MX_I2C1_Init:00000000 MX_I2C1_Init
C:\Users\86390\AppData\Local\Temp\ccMyl5pG.s:119    .text.MX_I2C1_Init:00000054 $d
C:\Users\86390\AppData\Local\Temp\ccMyl5pG.s:126    .text.HAL_I2C_MspInit:00000000 $t
C:\Users\86390\AppData\Local\Temp\ccMyl5pG.s:132    .text.HAL_I2C_MspInit:00000000 HAL_I2C_MspInit
C:\Users\86390\AppData\Local\Temp\ccMyl5pG.s:308    .text.HAL_I2C_MspInit:000000b4 $d
C:\Users\86390\AppData\Local\Temp\ccMyl5pG.s:315    .text.HAL_I2C_MspDeInit:00000000 $t
C:\Users\86390\AppData\Local\Temp\ccMyl5pG.s:321    .text.HAL_I2C_MspDeInit:00000000 HAL_I2C_MspDeInit
C:\Users\86390\AppData\Local\Temp\ccMyl5pG.s:369    .text.HAL_I2C_MspDeInit:0000002c $d
C:\Users\86390\AppData\Local\Temp\ccMyl5pG.s:381    .bss.hi2c1:00000000 hi2c1
C:\Users\86390\AppData\Local\Temp\ccMyl5pG.s:377    .bss.hi2c1:00000000 $d

UNDEFINED SYMBOLS
HAL_I2C_Init
HAL_I2CEx_ConfigAnalogFilter
HAL_I2CEx_ConfigDigitalFilter
HAL_I2CEx_EnableFastModePlus
Error_Handler
memset
HAL_RCCEx_PeriphCLKConfig
HAL_GPIO_Init
HAL_GPIO_DeInit
