ARM GAS  C:\Users\86390\AppData\Local\Temp\cc8LpciN.s 			page 1


   1              		.cpu cortex-m4
   2              		.arch armv7e-m
   3              		.fpu fpv4-sp-d16
   4              		.eabi_attribute 27, 1
   5              		.eabi_attribute 28, 1
   6              		.eabi_attribute 20, 1
   7              		.eabi_attribute 21, 1
   8              		.eabi_attribute 23, 3
   9              		.eabi_attribute 24, 1
  10              		.eabi_attribute 25, 1
  11              		.eabi_attribute 26, 1
  12              		.eabi_attribute 30, 1
  13              		.eabi_attribute 34, 1
  14              		.eabi_attribute 18, 4
  15              		.file	"oledfont.c"
  16              		.text
  17              	.Ltext0:
  18              		.cfi_sections	.debug_frame
  19              		.global	BMP1
  20              		.global	Hzk
  21              		.global	F8X16
  22              		.global	F6x8
  23              		.section	.data.BMP1,"aw"
  24              		.align	2
  27              	BMP1:
  28 0000 00000000 		.ascii	"\000\000\000\000\000\000\000\000\000\200\200\000@\340"
  28      00000000 
  28      00808000 
  28      40E0
  29 000e E0600040 		.ascii	"\340`\000@\200\000\000\000\200\200``\020\000\000\000"
  29      80000000 
  29      80806060 
  29      10000000 
  30 001e 00000000 		.ascii	"\000\000\000\000\000\000\000\220\262fn\354\311\203\002"
  30      00000090 
  30      B2666EEC 
  30      C98302
  31 002d 00408000 		.ascii	"\000@\200\000\014\014\001\003\007\017\021 @\200\000"
  31      0C0C0103 
  31      070F1120 
  31      408000
  32 003c 00000000 		.ascii	"\000\000\000\000\000\000\000\000\010\030;7f\356\356"
  32      00000000 
  32      08183B37 
  32      66EEEE
  33 004b CC888000 		.ascii	"\314\210\200\000\000\001\002\004\010\020\020\020\020"
  33      00010204 
  33      08101010 
  33      10
  34 0058 10100F00 		.ascii	"\020\020\017\000\000\000\000\000\000>@@@>\000~\004\010"
  34      00000000 
  34      003E4040 
  34      403E007E 
  34      0408
  35 006a 107E007E 		.ascii	"\020~\000~\000<BBBB\000~BBB~\000~\004\010\020~"
  35      003C4242 
  35      4242007E 
ARM GAS  C:\Users\86390\AppData\Local\Temp\cc8LpciN.s 			page 2


  35      4242427E 
  35      007E0408 
  36              		.section	.rodata.F6x8,"a"
  37              		.align	2
  40              	F6x8:
  41 0000 00000000 		.ascii	"\000\000\000\000\000\000"
  41      0000
  42 0006 0000002F 		.ascii	"\000\000\000/\000\000"
  42      0000
  43 000c 00000700 		.ascii	"\000\000\007\000\007\000"
  43      0700
  44 0012 00147F14 		.ascii	"\000\024\177\024\177\024"
  44      7F14
  45 0018 00242A7F 		.ascii	"\000$*\177*\022"
  45      2A12
  46 001e 00626408 		.ascii	"\000bd\010\023#"
  46      1323
  47 0024 00364955 		.ascii	"\0006IU\"P"
  47      2250
  48 002a 00000503 		.ascii	"\000\000\005\003\000\000"
  48      0000
  49 0030 00001C22 		.ascii	"\000\000\034\"A\000"
  49      4100
  50 0036 00004122 		.ascii	"\000\000A\"\034\000"
  50      1C00
  51 003c 0014083E 		.ascii	"\000\024\010>\010\024"
  51      0814
  52 0042 0008083E 		.ascii	"\000\010\010>\010\010"
  52      0808
  53 0048 000000A0 		.ascii	"\000\000\000\240`\000"
  53      6000
  54 004e 00080808 		.ascii	"\000\010\010\010\010\010"
  54      0808
  55 0054 00006060 		.ascii	"\000\000``\000\000"
  55      0000
  56 005a 00201008 		.ascii	"\000 \020\010\004\002"
  56      0402
  57 0060 003E5149 		.ascii	"\000>QIE>"
  57      453E
  58 0066 0000427F 		.ascii	"\000\000B\177@\000"
  58      4000
  59 006c 00426151 		.ascii	"\000BaQIF"
  59      4946
  60 0072 00214145 		.ascii	"\000!AEK1"
  60      4B31
  61 0078 00181412 		.ascii	"\000\030\024\022\177\020"
  61      7F10
  62 007e 00274545 		.ascii	"\000'EEE9"
  62      4539
  63 0084 003C4A49 		.ascii	"\000<JII0"
  63      4930
  64 008a 00017109 		.ascii	"\000\001q\011\005\003"
  64      0503
  65 0090 00364949 		.ascii	"\0006III6"
  65      4936
  66 0096 00064949 		.ascii	"\000\006II)\036"
  66      291E
ARM GAS  C:\Users\86390\AppData\Local\Temp\cc8LpciN.s 			page 3


  67 009c 00003636 		.ascii	"\000\00066\000\000"
  67      0000
  68 00a2 00005636 		.ascii	"\000\000V6\000\000"
  68      0000
  69 00a8 00081422 		.ascii	"\000\010\024\"A\000"
  69      4100
  70 00ae 00141414 		.ascii	"\000\024\024\024\024\024"
  70      1414
  71 00b4 00004122 		.ascii	"\000\000A\"\024\010"
  71      1408
  72 00ba 00020151 		.ascii	"\000\002\001Q\011\006"
  72      0906
  73 00c0 00324959 		.ascii	"\0002IYQ>"
  73      513E
  74 00c6 007C1211 		.ascii	"\000|\022\021\022|"
  74      127C
  75 00cc 007F4949 		.ascii	"\000\177III6"
  75      4936
  76 00d2 003E4141 		.ascii	"\000>AAA\""
  76      4122
  77 00d8 007F4141 		.ascii	"\000\177AA\"\034"
  77      221C
  78 00de 007F4949 		.ascii	"\000\177IIIA"
  78      4941
  79 00e4 007F0909 		.ascii	"\000\177\011\011\011\001"
  79      0901
  80 00ea 003E4149 		.ascii	"\000>AIIz"
  80      497A
  81 00f0 007F0808 		.ascii	"\000\177\010\010\010\177"
  81      087F
  82 00f6 0000417F 		.ascii	"\000\000A\177A\000"
  82      4100
  83 00fc 00204041 		.ascii	"\000 @A?\001"
  83      3F01
  84 0102 007F0814 		.ascii	"\000\177\010\024\"A"
  84      2241
  85 0108 007F4040 		.ascii	"\000\177@@@@"
  85      4040
  86 010e 007F020C 		.ascii	"\000\177\002\014\002\177"
  86      027F
  87 0114 007F0408 		.ascii	"\000\177\004\010\020\177"
  87      107F
  88 011a 003E4141 		.ascii	"\000>AAA>"
  88      413E
  89 0120 007F0909 		.ascii	"\000\177\011\011\011\006"
  89      0906
  90 0126 003E4151 		.ascii	"\000>AQ!^"
  90      215E
  91 012c 007F0919 		.ascii	"\000\177\011\031)F"
  91      2946
  92 0132 00464949 		.ascii	"\000FIII1"
  92      4931
  93 0138 0001017F 		.ascii	"\000\001\001\177\001\001"
  93      0101
  94 013e 003F4040 		.ascii	"\000?@@@?"
  94      403F
  95 0144 001F2040 		.ascii	"\000\037 @ \037"
ARM GAS  C:\Users\86390\AppData\Local\Temp\cc8LpciN.s 			page 4


  95      201F
  96 014a 003F4038 		.ascii	"\000?@8@?"
  96      403F
  97 0150 00631408 		.ascii	"\000c\024\010\024c"
  97      1463
  98 0156 00070870 		.ascii	"\000\007\010p\010\007"
  98      0807
  99 015c 00615149 		.ascii	"\000aQIEC"
  99      4543
 100 0162 00007F41 		.ascii	"\000\000\177AA\000"
 100      4100
 101 0168 00552A55 		.ascii	"\000U*U*U"
 101      2A55
 102 016e 00004141 		.ascii	"\000\000AA\177\000"
 102      7F00
 103 0174 00040201 		.ascii	"\000\004\002\001\002\004"
 103      0204
 104 017a 00404040 		.ascii	"\000@@@@@"
 104      4040
 105 0180 00000102 		.ascii	"\000\000\001\002\004\000"
 105      0400
 106 0186 00205454 		.ascii	"\000 TTTx"
 106      5478
 107 018c 007F4844 		.ascii	"\000\177HDD8"
 107      4438
 108 0192 00384444 		.ascii	"\0008DDD "
 108      4420
 109 0198 00384444 		.ascii	"\0008DDH\177"
 109      487F
 110 019e 00385454 		.ascii	"\0008TTT\030"
 110      5418
 111 01a4 00087E09 		.ascii	"\000\010~\011\001\002"
 111      0102
 112 01aa 0018A4A4 		.ascii	"\000\030\244\244\244|"
 112      A47C
 113 01b0 007F0804 		.ascii	"\000\177\010\004\004x"
 113      0478
 114 01b6 0000447D 		.ascii	"\000\000D}@\000"
 114      4000
 115 01bc 00408084 		.ascii	"\000@\200\204}\000"
 115      7D00
 116 01c2 007F1028 		.ascii	"\000\177\020(D\000"
 116      4400
 117 01c8 0000417F 		.ascii	"\000\000A\177@\000"
 117      4000
 118 01ce 007C0418 		.ascii	"\000|\004\030\004x"
 118      0478
 119 01d4 007C0804 		.ascii	"\000|\010\004\004x"
 119      0478
 120 01da 00384444 		.ascii	"\0008DDD8"
 120      4438
 121 01e0 00FC2424 		.ascii	"\000\374$$$\030"
 121      2418
 122 01e6 00182424 		.ascii	"\000\030$$\030\374"
 122      18FC
 123 01ec 007C0804 		.ascii	"\000|\010\004\004\010"
 123      0408
ARM GAS  C:\Users\86390\AppData\Local\Temp\cc8LpciN.s 			page 5


 124 01f2 00485454 		.ascii	"\000HTTT "
 124      5420
 125 01f8 00043F44 		.ascii	"\000\004?D@ "
 125      4020
 126 01fe 003C4040 		.ascii	"\000<@@ |"
 126      207C
 127 0204 001C2040 		.ascii	"\000\034 @ \034"
 127      201C
 128 020a 003C4030 		.ascii	"\000<@0@<"
 128      403C
 129 0210 00442810 		.ascii	"\000D(\020(D"
 129      2844
 130 0216 001CA0A0 		.ascii	"\000\034\240\240\240|"
 130      A07C
 131 021c 00446454 		.ascii	"\000DdTLD"
 131      4C44
 132 0222 14141414 		.ascii	"\024\024\024\024\024\024"
 132      1414
 133              		.section	.rodata.F8X16,"a"
 134              		.align	2
 137              	F8X16:
 138 0000 00000000 		.ascii	"\000\000\000\000\000\000\000\000\000\000\000\000\000"
 138      00000000 
 138      00000000 
 138      00
 139 000d 00000000 		.ascii	"\000\000\000\000\000\000\370\000\000\000\000\000\000"
 139      0000F800 
 139      00000000 
 139      00
 140 001a 00333000 		.ascii	"\00030\000\000\000\000\020\014\006\020\014\006\000\000"
 140      00000010 
 140      0C06100C 
 140      060000
 141 0029 00000000 		.ascii	"\000\000\000\000\000\000\000@\300x@\300x@\000\004?\004"
 141      00000040 
 141      C07840C0 
 141      78400004 
 141      3F04
 142 003b 043F0404 		.ascii	"\004?\004\004\000\000p\210\374\0100\000\000\000\030"
 142      00007088 
 142      FC083000 
 142      000018
 143 004a 20FF211E 		.ascii	" \377!\036\000\000\360\010\360\000\340\030\000\000\000"
 143      0000F008 
 143      F000E018 
 143      000000
 144 0059 211C031E 		.ascii	"!\034\003\036!\036\000\000\360\010\210p\000\000\000"
 144      211E0000 
 144      F0088870 
 144      000000
 145 0068 1E212324 		.ascii	"\036!#$\031'!\020\020\026\016\000\000\000\000\000\000"
 145      19272110 
 145      10160E00 
 145      00000000 
 145      00
 146 0079 00000000 		.ascii	"\000\000\000\000\000\000\000\000\000\000\340\030\004"
 146      00000000 
ARM GAS  C:\Users\86390\AppData\Local\Temp\cc8LpciN.s 			page 6


 146      0000E018 
 146      04
 147 0086 02000000 		.ascii	"\002\000\000\000\000\007\030 @\000\000\002\004\030\340"
 147      00071820 
 147      40000002 
 147      0418E0
 148 0095 00000000 		.ascii	"\000\000\000\000@ \030\007\000\000\000@@\200\360\200"
 148      40201807 
 148      00000040 
 148      4080F080 
 149 00a5 40400002 		.ascii	"@@\000\002\002\001\017\001\002\002\000\000\000\000\360"
 149      02010F01 
 149      02020000 
 149      0000F0
 150 00b4 00000000 		.ascii	"\000\000\000\000\001\001\001\037\001\001\001\000\000"
 150      0101011F 
 150      01010100 
 150      00
 151 00c1 00000000 		.ascii	"\000\000\000\000\000\000\000\200\260p\000\000\000\000"
 151      00000080 
 151      B0700000 
 151      0000
 152 00cf 00000000 		.ascii	"\000\000\000\000\000\000\000\000\000\000\001\001\001"
 152      00000000 
 152      00000101 
 152      01
 153 00dc 01010101 		.ascii	"\001\001\001\001\000\000\000\000\000\000\000\000\000"
 153      00000000 
 153      00000000 
 153      00
 154 00e9 30300000 		.ascii	"00\000\000\000\000\000\000\000\000\000\200`\030\004"
 154      00000000 
 154      00000080 
 154      601804
 155 00f8 00601806 		.ascii	"\000`\030\006\001\000\000\000\000\340\020\010\010\020"
 155      01000000 
 155      00E01008 
 155      0810
 156 0106 E000000F 		.ascii	"\340\000\000\017\020  \020\017\000\000\020\020\370\000"
 156      10202010 
 156      0F000010 
 156      10F800
 157 0115 00000000 		.ascii	"\000\000\000\000  ?  \000\000\000p\010\010\010\210p"
 157      20203F20 
 157      20000000 
 157      70080808 
 157      8870
 158 0127 00003028 		.ascii	"\000\0000($\"!0\000\0000\010\210\210H0\000\000\030 "
 158      24222130 
 158      00003008 
 158      88884830 
 158      00001820 
 159 013b 2020110E 		.ascii	"  \021\016\000\000\000\300 \020\370\000\000\000\007"
 159      000000C0 
 159      2010F800 
 159      000007
 160 014a 0424243F 		.ascii	"\004$$?$\000\000\370\010\210\210\010\010\000\000\031"
ARM GAS  C:\Users\86390\AppData\Local\Temp\cc8LpciN.s 			page 7


 160      240000F8 
 160      08888808 
 160      08000019 
 161 015a 21202011 		.ascii	"!  \021\016\000\000\340\020\210\210\030\000\000\000"
 161      0E0000E0 
 161      10888818 
 161      000000
 162 0169 0F112020 		.ascii	"\017\021  \021\016\000\0008\010\010\3108\010\000\000"
 162      110E0000 
 162      380808C8 
 162      38080000 
 163 0179 00003F00 		.ascii	"\000\000?\000\000\000\000\000p\210\010\010\210p\000"
 163      00000000 
 163      70880808 
 163      887000
 164 0188 001C2221 		.ascii	"\000\034\"!!\"\034\000\000\340\020\010\010\020\340\000"
 164      21221C00 
 164      00E01008 
 164      0810E000 
 165 0198 00003122 		.ascii	"\000\0001\"\"\021\017\000\000\000\000\300\300\000\000"
 165      22110F00 
 165      000000C0 
 165      C00000
 166 01a7 00000000 		.ascii	"\000\000\000\00000\000\000\000\000\000\000\200\000\000"
 166      30300000 
 166      00000000 
 166      800000
 167 01b6 00000000 		.ascii	"\000\000\000\000\200`\000\000\000\000\000\000\200@ "
 167      80600000 
 167      00000000 
 167      804020
 168 01c5 10080000 		.ascii	"\020\010\000\000\001\002\004\010\020 \000@@@@@@@\000"
 168      01020408 
 168      10200040 
 168      40404040 
 168      404000
 169 01d8 04040404 		.ascii	"\004\004\004\004\004\004\004\000\000\010\020 @\200\000"
 169      04040400 
 169      00081020 
 169      408000
 170 01e7 00002010 		.ascii	"\000\000 \020\010\004\002\001\000\000pH\010\010\010"
 170      08040201 
 170      00007048 
 170      080808
 171 01f6 F0000000 		.ascii	"\360\000\000\000\00006\001\000\000\3000\310(\350\020"
 171      00303601 
 171      0000C030 
 171      C828E810 
 172 0206 E0000718 		.ascii	"\340\000\007\030'$#\024\013\000\000\000\3008\340\000"
 172      27242314 
 172      0B000000 
 172      C038E000 
 173 0216 0000203C 		.ascii	"\000\000 <#\002\002'8 \010\370\210\210\210p\000\000"
 173      23020227 
 173      382008F8 
 173      88888870 
 173      0000
ARM GAS  C:\Users\86390\AppData\Local\Temp\cc8LpciN.s 			page 8


 174 0228 203F2020 		.ascii	" ?   \021\016\000\3000\010\010\010\0108\000\007\030"
 174      20110E00 
 174      C0300808 
 174      08083800 
 174      0718
 175 023a 20202010 		.ascii	"   \020\010\000\010\370\010\010\010\020\340\000 ?  "
 175      080008F8 
 175      08080810 
 175      E000203F 
 175      2020
 176 024c 20100F00 		.ascii	" \020\017\000\010\370\210\210\350\010\020\000 ?  # "
 176      08F88888 
 176      E8081000 
 176      203F2020 
 176      2320
 177 025e 180008F8 		.ascii	"\030\000\010\370\210\210\350\010\020\000 ? \000\003"
 177      8888E808 
 177      1000203F 
 177      200003
 178 026d 000000C0 		.ascii	"\000\000\000\3000\010\010\0108\000\000\007\030  \"\036"
 178      30080808 
 178      38000007 
 178      18202022 
 178      1E
 179 027e 020008F8 		.ascii	"\002\000\010\370\010\000\000\010\370\010 ?!\001\001"
 179      08000008 
 179      F808203F 
 179      210101
 180 028d 213F2000 		.ascii	"!? \000\010\010\370\010\010\000\000\000  ?  \000\000"
 180      0808F808 
 180      08000000 
 180      20203F20 
 180      200000
 181 02a0 00000808 		.ascii	"\000\000\010\010\370\010\010\000\300\200\200\200\177"
 181      F8080800 
 181      C0808080 
 181      7F
 182 02ad 00000008 		.ascii	"\000\000\000\010\370\210\300(\030\010\000 ? \001&8 "
 182      F888C028 
 182      18080020 
 182      3F200126 
 182      3820
 183 02bf 0008F808 		.ascii	"\000\010\370\010\000\000\000\000\000 ?    0\000\010"
 183      00000000 
 183      00203F20 
 183      20202030 
 183      0008
 184 02d1 F8F800F8 		.ascii	"\370\370\000\370\370\010\000 ?\000?\000? \000\010\370"
 184      F8080020 
 184      3F003F00 
 184      3F200008 
 184      F8
 185 02e2 30C00008 		.ascii	"0\300\000\010\370\010 ? \000\007\030?\000\340\020\010"
 185      F808203F 
 185      20000718 
 185      3F00E010 
 185      08
ARM GAS  C:\Users\86390\AppData\Local\Temp\cc8LpciN.s 			page 9


 186 02f3 080810E0 		.ascii	"\010\010\020\340\000\017\020   \020\017\000\010\370"
 186      000F1020 
 186      2020100F 
 186      0008F8
 187 0302 08080808 		.ascii	"\010\010\010\010\360\000 ?!\001\001\001\000\000\340"
 187      F000203F 
 187      21010101 
 187      0000E0
 188 0311 10080808 		.ascii	"\020\010\010\010\020\340\000\017\030$$8PO\000\010\370"
 188      10E0000F 
 188      18242438 
 188      504F0008 
 188      F8
 189 0322 88888888 		.ascii	"\210\210\210\210p\000 ? \000\003\0140 \000p\210\010"
 189      7000203F 
 189      2000030C 
 189      30200070 
 189      8808
 190 0334 08083800 		.ascii	"\010\0108\000\0008 !!\"\034\000\030\010\010\370\010"
 190      00382021 
 190      21221C00 
 190      180808F8 
 190      08
 191 0345 08180000 		.ascii	"\010\030\000\000\000 ? \000\000\000\010\370\010\000"
 191      00203F20 
 191      00000008 
 191      F80800
 192 0354 0008F808 		.ascii	"\000\010\370\010\000\037    \037\000\010x\210\000\000"
 192      001F2020 
 192      20201F00 
 192      08788800 
 192      00
 193 0365 C8380800 		.ascii	"\3108\010\000\000\0078\016\001\000\000\370\010\000\370"
 193      0007380E 
 193      010000F8 
 193      0800F8
 194 0374 0008F800 		.ascii	"\000\010\370\000\003<\007\000\007<\003\000\010\030h"
 194      033C0700 
 194      073C0300 
 194      081868
 195 0383 80806818 		.ascii	"\200\200h\030\010 0,\003\003,0 \0108\310\000\3108\010"
 195      0820302C 
 195      03032C30 
 195      200838C8 
 195      00C83808 
 196 0397 00000020 		.ascii	"\000\000\000 ? \000\000\000\020\010\010\010\3108\010"
 196      3F200000 
 196      00100808 
 196      08C83808 
 197 03a7 00203826 		.ascii	"\000 8&!  \030\000\000\000\000\376\002\002\002\000\000"
 197      21202018 
 197      00000000 
 197      FE020202 
 197      0000
 198 03b9 00007F40 		.ascii	"\000\000\177@@@\000\000\0140\300\000\000\000\000\000"
 198      40400000 
 198      0C30C000 
ARM GAS  C:\Users\86390\AppData\Local\Temp\cc8LpciN.s 			page 10


 198      00000000 
 199 03c9 00000106 		.ascii	"\000\000\001\0068\300\000\000\002\002\002\376\000\000"
 199      38C00000 
 199      020202FE 
 199      0000
 200 03d7 00004040 		.ascii	"\000\000@@@\177\000\000\000\000\000\004\002\002\002"
 200      407F0000 
 200      00000004 
 200      020202
 201 03e6 04000000 		.ascii	"\004\000\000\000\000\000\000\000\000\000\000\000\000"
 201      00000000 
 201      00000000 
 201      00
 202 03f3 00000000 		.ascii	"\000\000\000\000\000\200\200\200\200\200\200\200\200"
 202      00808080 
 202      80808080 
 202      80
 203 0400 00020204 		.ascii	"\000\002\002\004\000\000\000\000\000\000\000\000\000"
 203      00000000 
 203      00000000 
 203      00
 204 040d 00000000 		.ascii	"\000\000\000\000\000\200\200\200\200\000\000\000\031"
 204      00808080 
 204      80000000 
 204      19
 205 041a 24222222 		.ascii	"$\"\"\"? \010\370\000\200\200\000\000\000\000?\021 "
 205      3F2008F8 
 205      00808000 
 205      0000003F 
 205      1120
 206 042c 20110E00 		.ascii	" \021\016\000\000\000\000\200\200\200\000\000\000\016"
 206      00000080 
 206      80800000 
 206      000E
 207 043a 11202020 		.ascii	"\021   \021\000\000\000\000\200\200\210\370\000\000"
 207      11000000 
 207      00808088 
 207      F80000
 208 0449 0E112020 		.ascii	"\016\021  \020? \000\000\200\200\200\200\000\000\000"
 208      103F2000 
 208      00808080 
 208      80000000 
 209 0459 1F222222 		.ascii	"\037\"\"\"\"\023\000\000\200\200\360\210\210\210\030"
 209      22130000 
 209      8080F088 
 209      888818
 210 0468 0020203F 		.ascii	"\000  ?  \000\000\000\000\200\200\200\200\200\000\000"
 210      20200000 
 210      00008080 
 210      80808000 
 210      00
 211 0479 6B949494 		.ascii	"k\224\224\224\223`\000\010\370\000\200\200\200\000\000"
 211      93600008 
 211      F8008080 
 211      800000
 212 0488 203F2100 		.ascii	" ?!\000\000 ? \000\200\230\230\000\000\000\000\000 "
 212      00203F20 
ARM GAS  C:\Users\86390\AppData\Local\Temp\cc8LpciN.s 			page 11


 212      00809898 
 212      00000000 
 212      0020
 213 049a 203F2020 		.ascii	" ?  \000\000\000\000\000\200\230\230\000\000\000\300"
 213      00000000 
 213      00809898 
 213      000000C0 
 214 04aa 8080807F 		.ascii	"\200\200\200\177\000\000\010\370\000\000\200\200\200"
 214      000008F8 
 214      00008080 
 214      80
 215 04b7 00203F24 		.ascii	"\000 ?$\002-0 \000\000\010\010\370\000\000\000\000\000"
 215      022D3020 
 215      00000808 
 215      F8000000 
 215      0000
 216 04c9 20203F20 		.ascii	"  ?  \000\000\200\200\200\200\200\200\200\000 ? \000"
 216      20000080 
 216      80808080 
 216      80800020 
 216      3F2000
 217 04dc 3F20003F 		.ascii	"? \000?\200\200\000\200\200\200\000\000 ?!\000\000 "
 217      80800080 
 217      80800000 
 217      203F2100 
 217      0020
 218 04ee 3F200000 		.ascii	"? \000\000\200\200\200\200\000\000\000\037    \037\000"
 218      80808080 
 218      0000001F 
 218      20202020 
 218      1F00
 219 0500 80800080 		.ascii	"\200\200\000\200\200\000\000\000\200\377\241  \021\016"
 219      80000000 
 219      80FFA120 
 219      20110E
 220 050f 00000000 		.ascii	"\000\000\000\000\200\200\200\200\000\000\016\021  \240"
 220      80808080 
 220      00000E11 
 220      2020A0
 221 051e FF808080 		.ascii	"\377\200\200\200\200\000\200\200\200\000  ?! \000\001"
 221      80008080 
 221      80002020 
 221      3F212000 
 221      01
 222 052f 00000080 		.ascii	"\000\000\000\200\200\200\200\200\000\0003$$$$\031\000"
 222      80808080 
 222      00003324 
 222      24242419 
 222      00
 223 0540 008080E0 		.ascii	"\000\200\200\340\200\200\000\000\000\000\000\037  \000"
 223      80800000 
 223      0000001F 
 223      202000
 224 054f 00808000 		.ascii	"\000\200\200\000\000\000\200\200\000\000\037   \020"
 224      00008080 
 224      00001F20 
 224      202010
ARM GAS  C:\Users\86390\AppData\Local\Temp\cc8LpciN.s 			page 12


 225 055e 3F208080 		.ascii	"? \200\200\200\000\000\200\200\200\000\001\0160\010"
 225      80000080 
 225      80800001 
 225      0E3008
 226 056d 06010080 		.ascii	"\006\001\000\200\200\000\200\000\200\200\200\0170\014"
 226      80008000 
 226      8080800F 
 226      300C
 227 057b 030C300F 		.ascii	"\003\0140\017\000\000\200\200\000\200\200\200\000\000"
 227      00008080 
 227      00808080 
 227      0000
 228 0589 20312E0E 		.ascii	" 1.\0161 \000\200\200\200\000\000\200\200\200\200\201"
 228      31200080 
 228      80800000 
 228      80808080 
 228      81
 229 059a 8E701806 		.ascii	"\216p\030\006\001\000\000\200\200\200\200\200\200\000"
 229      01000080 
 229      80808080 
 229      8000
 230 05a8 0021302C 		.ascii	"\000!0,\"!0\000\000\000\000\000\200|\002\002\000\000"
 230      22213000 
 230      00000000 
 230      807C0202 
 230      0000
 231 05ba 0000003F 		.ascii	"\000\000\000?@@\000\002\002|\200\000\000\000\000@@?"
 231      40400002 
 231      027C8000 
 231      00000040 
 231      403F
 232 05cc 00000000 		.ascii	"\000\000\000\000\000\000\000\000\377\000\000\000\000"
 232      00000000 
 232      FF000000 
 232      00
 233 05d9 000000FF 		.ascii	"\000\000\000\377\000\000\000"
 233      000000
 234              		.section	.rodata.Hzk,"a"
 235              		.align	2
 238              	Hzk:
 239 0000 40221408 		.ascii	"@\"\024\010\364\002\000\370\010\010\377\010\010\370"
 239      F40200F8 
 239      0808FF08 
 239      08F8
 240 000e 000000   		.ascii	"\000\000\000"
 241 0011 00000000 		.space	15
 241      00000000 
 241      00000000 
 241      000000
 242 0020 08448241 		.ascii	"\010D\202A?\000 c!!?!)3`\000\000"
 242      3F002063 
 242      21213F21 
 242      29336000 
 242      00
 243 0031 00000000 		.space	15
 243      00000000 
 243      00000000 
ARM GAS  C:\Users\86390\AppData\Local\Temp\cc8LpciN.s 			page 13


 243      000000
 244 0040 2010E824 		.ascii	" \020\350$'$$\344$4, \340\000\000\000\000"
 244      272424E4 
 244      24342C20 
 244      E0000000 
 244      00
 245 0051 00000000 		.space	15
 245      00000000 
 245      00000000 
 245      000000
 246 0060 80601F09 		.ascii	"\200`\037\011\011\011\011\177\011\011I\211\177\000\000"
 246      0909097F 
 246      09094989 
 246      7F0000
 247 006f 0000     		.ascii	"\000\000"
 248 0071 00000000 		.space	15
 248      00000000 
 248      00000000 
 248      000000
 249 0080 00007C54 		.ascii	"\000\000|TUVT|TVUT|\000\000\000\000"
 249      5556547C 
 249      54565554 
 249      7C000000 
 249      00
 250 0091 00000000 		.space	15
 250      00000000 
 250      00000000 
 250      000000
 251 00a0 010101FD 		.ascii	"\001\001\001\375EEEEEEE\375\001\001\001\000\000"
 251      45454545 
 251      454545FD 
 251      01010100 
 251      00
 252 00b1 00000000 		.space	15
 252      00000000 
 252      00000000 
 252      000000
 253              		.text
 254              	.Letext0:
 255              		.file 1 "E:/MCU_Project/stm32/Target_tracking/user/My_Peripheral/OLED/oledfont.h"
 256              		.file 2 "E:/MCU_Project/stm32/Target_tracking/user/My_Peripheral/OLED/oledfont.c"
ARM GAS  C:\Users\86390\AppData\Local\Temp\cc8LpciN.s 			page 14


DEFINED SYMBOLS
                            *ABS*:00000000 oledfont.c
C:\Users\86390\AppData\Local\Temp\cc8LpciN.s:27     .data.BMP1:00000000 BMP1
C:\Users\86390\AppData\Local\Temp\cc8LpciN.s:238    .rodata.Hzk:00000000 Hzk
C:\Users\86390\AppData\Local\Temp\cc8LpciN.s:137    .rodata.F8X16:00000000 F8X16
C:\Users\86390\AppData\Local\Temp\cc8LpciN.s:40     .rodata.F6x8:00000000 F6x8
C:\Users\86390\AppData\Local\Temp\cc8LpciN.s:24     .data.BMP1:00000000 $d
C:\Users\86390\AppData\Local\Temp\cc8LpciN.s:37     .rodata.F6x8:00000000 $d
C:\Users\86390\AppData\Local\Temp\cc8LpciN.s:134    .rodata.F8X16:00000000 $d
C:\Users\86390\AppData\Local\Temp\cc8LpciN.s:235    .rodata.Hzk:00000000 $d

NO UNDEFINED SYMBOLS
