ARM GAS  C:\Users\86390\AppData\Local\Temp\cco0aJ4Y.s 			page 1


   1              		.cpu cortex-m4
   2              		.arch armv7e-m
   3              		.fpu fpv4-sp-d16
   4              		.eabi_attribute 27, 1
   5              		.eabi_attribute 28, 1
   6              		.eabi_attribute 20, 1
   7              		.eabi_attribute 21, 1
   8              		.eabi_attribute 23, 3
   9              		.eabi_attribute 24, 1
  10              		.eabi_attribute 25, 1
  11              		.eabi_attribute 26, 1
  12              		.eabi_attribute 30, 1
  13              		.eabi_attribute 34, 1
  14              		.eabi_attribute 18, 4
  15              		.file	"tim.c"
  16              		.text
  17              	.Ltext0:
  18              		.cfi_sections	.debug_frame
  19              		.section	.text.MX_TIM6_Init,"ax",%progbits
  20              		.align	1
  21              		.global	MX_TIM6_Init
  22              		.syntax unified
  23              		.thumb
  24              		.thumb_func
  26              	MX_TIM6_Init:
  27              	.LFB132:
  28              		.file 1 "Core/Src/tim.c"
   1:Core/Src/tim.c **** /* USER CODE BEGIN Header */
   2:Core/Src/tim.c **** /**
   3:Core/Src/tim.c ****   ******************************************************************************
   4:Core/Src/tim.c ****   * @file    tim.c
   5:Core/Src/tim.c ****   * @brief   This file provides code for the configuration
   6:Core/Src/tim.c ****   *          of the TIM instances.
   7:Core/Src/tim.c ****   ******************************************************************************
   8:Core/Src/tim.c ****   * @attention
   9:Core/Src/tim.c ****   *
  10:Core/Src/tim.c ****   * Copyright (c) 2025 STMicroelectronics.
  11:Core/Src/tim.c ****   * All rights reserved.
  12:Core/Src/tim.c ****   *
  13:Core/Src/tim.c ****   * This software is licensed under terms that can be found in the LICENSE file
  14:Core/Src/tim.c ****   * in the root directory of this software component.
  15:Core/Src/tim.c ****   * If no LICENSE file comes with this software, it is provided AS-IS.
  16:Core/Src/tim.c ****   *
  17:Core/Src/tim.c ****   ******************************************************************************
  18:Core/Src/tim.c ****   */
  19:Core/Src/tim.c **** /* USER CODE END Header */
  20:Core/Src/tim.c **** /* Includes ------------------------------------------------------------------*/
  21:Core/Src/tim.c **** #include "tim.h"
  22:Core/Src/tim.c **** 
  23:Core/Src/tim.c **** /* USER CODE BEGIN 0 */
  24:Core/Src/tim.c **** 
  25:Core/Src/tim.c **** /* USER CODE END 0 */
  26:Core/Src/tim.c **** 
  27:Core/Src/tim.c **** TIM_HandleTypeDef htim6;
  28:Core/Src/tim.c **** TIM_HandleTypeDef htim7;
  29:Core/Src/tim.c **** 
  30:Core/Src/tim.c **** /* TIM6 init function */
ARM GAS  C:\Users\86390\AppData\Local\Temp\cco0aJ4Y.s 			page 2


  31:Core/Src/tim.c **** void MX_TIM6_Init(void)
  32:Core/Src/tim.c **** {
  29              		.loc 1 32 1 view -0
  30              		.cfi_startproc
  31              		@ args = 0, pretend = 0, frame = 16
  32              		@ frame_needed = 0, uses_anonymous_args = 0
  33 0000 00B5     		push	{lr}
  34              	.LCFI0:
  35              		.cfi_def_cfa_offset 4
  36              		.cfi_offset 14, -4
  37 0002 85B0     		sub	sp, sp, #20
  38              	.LCFI1:
  39              		.cfi_def_cfa_offset 24
  33:Core/Src/tim.c **** 
  34:Core/Src/tim.c ****   /* USER CODE BEGIN TIM6_Init 0 */
  35:Core/Src/tim.c **** 
  36:Core/Src/tim.c ****   /* USER CODE END TIM6_Init 0 */
  37:Core/Src/tim.c **** 
  38:Core/Src/tim.c ****   TIM_MasterConfigTypeDef sMasterConfig = {0};
  40              		.loc 1 38 3 view .LVU1
  41              		.loc 1 38 27 is_stmt 0 view .LVU2
  42 0004 0023     		movs	r3, #0
  43 0006 0193     		str	r3, [sp, #4]
  44 0008 0293     		str	r3, [sp, #8]
  45 000a 0393     		str	r3, [sp, #12]
  39:Core/Src/tim.c **** 
  40:Core/Src/tim.c ****   /* USER CODE BEGIN TIM6_Init 1 */
  41:Core/Src/tim.c **** 
  42:Core/Src/tim.c ****   /* USER CODE END TIM6_Init 1 */
  43:Core/Src/tim.c ****   htim6.Instance = TIM6;
  46              		.loc 1 43 3 is_stmt 1 view .LVU3
  47              		.loc 1 43 18 is_stmt 0 view .LVU4
  48 000c 0E48     		ldr	r0, .L7
  49 000e 0F4A     		ldr	r2, .L7+4
  50 0010 0260     		str	r2, [r0]
  44:Core/Src/tim.c ****   htim6.Init.Prescaler = 170-1;
  51              		.loc 1 44 3 is_stmt 1 view .LVU5
  52              		.loc 1 44 24 is_stmt 0 view .LVU6
  53 0012 A922     		movs	r2, #169
  54 0014 4260     		str	r2, [r0, #4]
  45:Core/Src/tim.c ****   htim6.Init.CounterMode = TIM_COUNTERMODE_UP;
  55              		.loc 1 45 3 is_stmt 1 view .LVU7
  56              		.loc 1 45 26 is_stmt 0 view .LVU8
  57 0016 8360     		str	r3, [r0, #8]
  46:Core/Src/tim.c ****   htim6.Init.Period = 999;
  58              		.loc 1 46 3 is_stmt 1 view .LVU9
  59              		.loc 1 46 21 is_stmt 0 view .LVU10
  60 0018 40F2E732 		movw	r2, #999
  61 001c C260     		str	r2, [r0, #12]
  47:Core/Src/tim.c ****   htim6.Init.AutoReloadPreload = TIM_AUTORELOAD_PRELOAD_DISABLE;
  62              		.loc 1 47 3 is_stmt 1 view .LVU11
  63              		.loc 1 47 32 is_stmt 0 view .LVU12
  64 001e 8361     		str	r3, [r0, #24]
  48:Core/Src/tim.c ****   if (HAL_TIM_Base_Init(&htim6) != HAL_OK)
  65              		.loc 1 48 3 is_stmt 1 view .LVU13
  66              		.loc 1 48 7 is_stmt 0 view .LVU14
  67 0020 FFF7FEFF 		bl	HAL_TIM_Base_Init
ARM GAS  C:\Users\86390\AppData\Local\Temp\cco0aJ4Y.s 			page 3


  68              	.LVL0:
  69              		.loc 1 48 6 view .LVU15
  70 0024 50B9     		cbnz	r0, .L5
  71              	.L2:
  49:Core/Src/tim.c ****   {
  50:Core/Src/tim.c ****     Error_Handler();
  51:Core/Src/tim.c ****   }
  52:Core/Src/tim.c ****   sMasterConfig.MasterOutputTrigger = TIM_TRGO_RESET;
  72              		.loc 1 52 3 is_stmt 1 view .LVU16
  73              		.loc 1 52 37 is_stmt 0 view .LVU17
  74 0026 0023     		movs	r3, #0
  75 0028 0193     		str	r3, [sp, #4]
  53:Core/Src/tim.c ****   sMasterConfig.MasterSlaveMode = TIM_MASTERSLAVEMODE_DISABLE;
  76              		.loc 1 53 3 is_stmt 1 view .LVU18
  77              		.loc 1 53 33 is_stmt 0 view .LVU19
  78 002a 0393     		str	r3, [sp, #12]
  54:Core/Src/tim.c ****   if (HAL_TIMEx_MasterConfigSynchronization(&htim6, &sMasterConfig) != HAL_OK)
  79              		.loc 1 54 3 is_stmt 1 view .LVU20
  80              		.loc 1 54 7 is_stmt 0 view .LVU21
  81 002c 01A9     		add	r1, sp, #4
  82 002e 0648     		ldr	r0, .L7
  83 0030 FFF7FEFF 		bl	HAL_TIMEx_MasterConfigSynchronization
  84              	.LVL1:
  85              		.loc 1 54 6 view .LVU22
  86 0034 28B9     		cbnz	r0, .L6
  87              	.L1:
  55:Core/Src/tim.c ****   {
  56:Core/Src/tim.c ****     Error_Handler();
  57:Core/Src/tim.c ****   }
  58:Core/Src/tim.c ****   /* USER CODE BEGIN TIM6_Init 2 */
  59:Core/Src/tim.c **** 
  60:Core/Src/tim.c ****   /* USER CODE END TIM6_Init 2 */
  61:Core/Src/tim.c **** 
  62:Core/Src/tim.c **** }
  88              		.loc 1 62 1 view .LVU23
  89 0036 05B0     		add	sp, sp, #20
  90              	.LCFI2:
  91              		.cfi_remember_state
  92              		.cfi_def_cfa_offset 4
  93              		@ sp needed
  94 0038 5DF804FB 		ldr	pc, [sp], #4
  95              	.L5:
  96              	.LCFI3:
  97              		.cfi_restore_state
  50:Core/Src/tim.c ****   }
  98              		.loc 1 50 5 is_stmt 1 view .LVU24
  99 003c FFF7FEFF 		bl	Error_Handler
 100              	.LVL2:
 101 0040 F1E7     		b	.L2
 102              	.L6:
  56:Core/Src/tim.c ****   }
 103              		.loc 1 56 5 view .LVU25
 104 0042 FFF7FEFF 		bl	Error_Handler
 105              	.LVL3:
 106              		.loc 1 62 1 is_stmt 0 view .LVU26
 107 0046 F6E7     		b	.L1
 108              	.L8:
ARM GAS  C:\Users\86390\AppData\Local\Temp\cco0aJ4Y.s 			page 4


 109              		.align	2
 110              	.L7:
 111 0048 00000000 		.word	.LANCHOR0
 112 004c 00100040 		.word	1073745920
 113              		.cfi_endproc
 114              	.LFE132:
 116              		.section	.text.MX_TIM7_Init,"ax",%progbits
 117              		.align	1
 118              		.global	MX_TIM7_Init
 119              		.syntax unified
 120              		.thumb
 121              		.thumb_func
 123              	MX_TIM7_Init:
 124              	.LFB133:
  63:Core/Src/tim.c **** /* TIM7 init function */
  64:Core/Src/tim.c **** void MX_TIM7_Init(void)
  65:Core/Src/tim.c **** {
 125              		.loc 1 65 1 is_stmt 1 view -0
 126              		.cfi_startproc
 127              		@ args = 0, pretend = 0, frame = 16
 128              		@ frame_needed = 0, uses_anonymous_args = 0
 129 0000 00B5     		push	{lr}
 130              	.LCFI4:
 131              		.cfi_def_cfa_offset 4
 132              		.cfi_offset 14, -4
 133 0002 85B0     		sub	sp, sp, #20
 134              	.LCFI5:
 135              		.cfi_def_cfa_offset 24
  66:Core/Src/tim.c **** 
  67:Core/Src/tim.c ****   /* USER CODE BEGIN TIM7_Init 0 */
  68:Core/Src/tim.c **** 
  69:Core/Src/tim.c ****   /* USER CODE END TIM7_Init 0 */
  70:Core/Src/tim.c **** 
  71:Core/Src/tim.c ****   TIM_MasterConfigTypeDef sMasterConfig = {0};
 136              		.loc 1 71 3 view .LVU28
 137              		.loc 1 71 27 is_stmt 0 view .LVU29
 138 0004 0023     		movs	r3, #0
 139 0006 0193     		str	r3, [sp, #4]
 140 0008 0293     		str	r3, [sp, #8]
 141 000a 0393     		str	r3, [sp, #12]
  72:Core/Src/tim.c **** 
  73:Core/Src/tim.c ****   /* USER CODE BEGIN TIM7_Init 1 */
  74:Core/Src/tim.c **** 
  75:Core/Src/tim.c ****   /* USER CODE END TIM7_Init 1 */
  76:Core/Src/tim.c ****   htim7.Instance = TIM7;
 142              		.loc 1 76 3 is_stmt 1 view .LVU30
 143              		.loc 1 76 18 is_stmt 0 view .LVU31
 144 000c 0E48     		ldr	r0, .L15
 145 000e 0F4A     		ldr	r2, .L15+4
 146 0010 0260     		str	r2, [r0]
  77:Core/Src/tim.c ****   htim7.Init.Prescaler = 170-1;
 147              		.loc 1 77 3 is_stmt 1 view .LVU32
 148              		.loc 1 77 24 is_stmt 0 view .LVU33
 149 0012 A922     		movs	r2, #169
 150 0014 4260     		str	r2, [r0, #4]
  78:Core/Src/tim.c ****   htim7.Init.CounterMode = TIM_COUNTERMODE_UP;
 151              		.loc 1 78 3 is_stmt 1 view .LVU34
ARM GAS  C:\Users\86390\AppData\Local\Temp\cco0aJ4Y.s 			page 5


 152              		.loc 1 78 26 is_stmt 0 view .LVU35
 153 0016 8360     		str	r3, [r0, #8]
  79:Core/Src/tim.c ****   htim7.Init.Period = 999;
 154              		.loc 1 79 3 is_stmt 1 view .LVU36
 155              		.loc 1 79 21 is_stmt 0 view .LVU37
 156 0018 40F2E732 		movw	r2, #999
 157 001c C260     		str	r2, [r0, #12]
  80:Core/Src/tim.c ****   htim7.Init.AutoReloadPreload = TIM_AUTORELOAD_PRELOAD_DISABLE;
 158              		.loc 1 80 3 is_stmt 1 view .LVU38
 159              		.loc 1 80 32 is_stmt 0 view .LVU39
 160 001e 8361     		str	r3, [r0, #24]
  81:Core/Src/tim.c ****   if (HAL_TIM_Base_Init(&htim7) != HAL_OK)
 161              		.loc 1 81 3 is_stmt 1 view .LVU40
 162              		.loc 1 81 7 is_stmt 0 view .LVU41
 163 0020 FFF7FEFF 		bl	HAL_TIM_Base_Init
 164              	.LVL4:
 165              		.loc 1 81 6 view .LVU42
 166 0024 50B9     		cbnz	r0, .L13
 167              	.L10:
  82:Core/Src/tim.c ****   {
  83:Core/Src/tim.c ****     Error_Handler();
  84:Core/Src/tim.c ****   }
  85:Core/Src/tim.c ****   sMasterConfig.MasterOutputTrigger = TIM_TRGO_RESET;
 168              		.loc 1 85 3 is_stmt 1 view .LVU43
 169              		.loc 1 85 37 is_stmt 0 view .LVU44
 170 0026 0023     		movs	r3, #0
 171 0028 0193     		str	r3, [sp, #4]
  86:Core/Src/tim.c ****   sMasterConfig.MasterSlaveMode = TIM_MASTERSLAVEMODE_DISABLE;
 172              		.loc 1 86 3 is_stmt 1 view .LVU45
 173              		.loc 1 86 33 is_stmt 0 view .LVU46
 174 002a 0393     		str	r3, [sp, #12]
  87:Core/Src/tim.c ****   if (HAL_TIMEx_MasterConfigSynchronization(&htim7, &sMasterConfig) != HAL_OK)
 175              		.loc 1 87 3 is_stmt 1 view .LVU47
 176              		.loc 1 87 7 is_stmt 0 view .LVU48
 177 002c 01A9     		add	r1, sp, #4
 178 002e 0648     		ldr	r0, .L15
 179 0030 FFF7FEFF 		bl	HAL_TIMEx_MasterConfigSynchronization
 180              	.LVL5:
 181              		.loc 1 87 6 view .LVU49
 182 0034 28B9     		cbnz	r0, .L14
 183              	.L9:
  88:Core/Src/tim.c ****   {
  89:Core/Src/tim.c ****     Error_Handler();
  90:Core/Src/tim.c ****   }
  91:Core/Src/tim.c ****   /* USER CODE BEGIN TIM7_Init 2 */
  92:Core/Src/tim.c **** 
  93:Core/Src/tim.c ****   /* USER CODE END TIM7_Init 2 */
  94:Core/Src/tim.c **** 
  95:Core/Src/tim.c **** }
 184              		.loc 1 95 1 view .LVU50
 185 0036 05B0     		add	sp, sp, #20
 186              	.LCFI6:
 187              		.cfi_remember_state
 188              		.cfi_def_cfa_offset 4
 189              		@ sp needed
 190 0038 5DF804FB 		ldr	pc, [sp], #4
 191              	.L13:
ARM GAS  C:\Users\86390\AppData\Local\Temp\cco0aJ4Y.s 			page 6


 192              	.LCFI7:
 193              		.cfi_restore_state
  83:Core/Src/tim.c ****   }
 194              		.loc 1 83 5 is_stmt 1 view .LVU51
 195 003c FFF7FEFF 		bl	Error_Handler
 196              	.LVL6:
 197 0040 F1E7     		b	.L10
 198              	.L14:
  89:Core/Src/tim.c ****   }
 199              		.loc 1 89 5 view .LVU52
 200 0042 FFF7FEFF 		bl	Error_Handler
 201              	.LVL7:
 202              		.loc 1 95 1 is_stmt 0 view .LVU53
 203 0046 F6E7     		b	.L9
 204              	.L16:
 205              		.align	2
 206              	.L15:
 207 0048 00000000 		.word	.LANCHOR1
 208 004c 00140040 		.word	1073746944
 209              		.cfi_endproc
 210              	.LFE133:
 212              		.section	.text.HAL_TIM_Base_MspInit,"ax",%progbits
 213              		.align	1
 214              		.global	HAL_TIM_Base_MspInit
 215              		.syntax unified
 216              		.thumb
 217              		.thumb_func
 219              	HAL_TIM_Base_MspInit:
 220              	.LVL8:
 221              	.LFB134:
  96:Core/Src/tim.c **** 
  97:Core/Src/tim.c **** void HAL_TIM_Base_MspInit(TIM_HandleTypeDef* tim_baseHandle)
  98:Core/Src/tim.c **** {
 222              		.loc 1 98 1 is_stmt 1 view -0
 223              		.cfi_startproc
 224              		@ args = 0, pretend = 0, frame = 8
 225              		@ frame_needed = 0, uses_anonymous_args = 0
 226              		.loc 1 98 1 is_stmt 0 view .LVU55
 227 0000 00B5     		push	{lr}
 228              	.LCFI8:
 229              		.cfi_def_cfa_offset 4
 230              		.cfi_offset 14, -4
 231 0002 83B0     		sub	sp, sp, #12
 232              	.LCFI9:
 233              		.cfi_def_cfa_offset 16
  99:Core/Src/tim.c **** 
 100:Core/Src/tim.c ****   if(tim_baseHandle->Instance==TIM6)
 234              		.loc 1 100 3 is_stmt 1 view .LVU56
 235              		.loc 1 100 20 is_stmt 0 view .LVU57
 236 0004 0368     		ldr	r3, [r0]
 237              		.loc 1 100 5 view .LVU58
 238 0006 174A     		ldr	r2, .L23
 239 0008 9342     		cmp	r3, r2
 240 000a 05D0     		beq	.L21
 101:Core/Src/tim.c ****   {
 102:Core/Src/tim.c ****   /* USER CODE BEGIN TIM6_MspInit 0 */
 103:Core/Src/tim.c **** 
ARM GAS  C:\Users\86390\AppData\Local\Temp\cco0aJ4Y.s 			page 7


 104:Core/Src/tim.c ****   /* USER CODE END TIM6_MspInit 0 */
 105:Core/Src/tim.c ****     /* TIM6 clock enable */
 106:Core/Src/tim.c ****     __HAL_RCC_TIM6_CLK_ENABLE();
 107:Core/Src/tim.c **** 
 108:Core/Src/tim.c ****     /* TIM6 interrupt Init */
 109:Core/Src/tim.c ****     HAL_NVIC_SetPriority(TIM6_DAC_IRQn, 1, 0);
 110:Core/Src/tim.c ****     HAL_NVIC_EnableIRQ(TIM6_DAC_IRQn);
 111:Core/Src/tim.c ****   /* USER CODE BEGIN TIM6_MspInit 1 */
 112:Core/Src/tim.c **** 
 113:Core/Src/tim.c ****   /* USER CODE END TIM6_MspInit 1 */
 114:Core/Src/tim.c ****   }
 115:Core/Src/tim.c ****   else if(tim_baseHandle->Instance==TIM7)
 241              		.loc 1 115 8 is_stmt 1 view .LVU59
 242              		.loc 1 115 10 is_stmt 0 view .LVU60
 243 000c 164A     		ldr	r2, .L23+4
 244 000e 9342     		cmp	r3, r2
 245 0010 15D0     		beq	.L22
 246              	.LVL9:
 247              	.L17:
 116:Core/Src/tim.c ****   {
 117:Core/Src/tim.c ****   /* USER CODE BEGIN TIM7_MspInit 0 */
 118:Core/Src/tim.c **** 
 119:Core/Src/tim.c ****   /* USER CODE END TIM7_MspInit 0 */
 120:Core/Src/tim.c ****     /* TIM7 clock enable */
 121:Core/Src/tim.c ****     __HAL_RCC_TIM7_CLK_ENABLE();
 122:Core/Src/tim.c **** 
 123:Core/Src/tim.c ****     /* TIM7 interrupt Init */
 124:Core/Src/tim.c ****     HAL_NVIC_SetPriority(TIM7_IRQn, 1, 0);
 125:Core/Src/tim.c ****     HAL_NVIC_EnableIRQ(TIM7_IRQn);
 126:Core/Src/tim.c ****   /* USER CODE BEGIN TIM7_MspInit 1 */
 127:Core/Src/tim.c **** 
 128:Core/Src/tim.c ****   /* USER CODE END TIM7_MspInit 1 */
 129:Core/Src/tim.c ****   }
 130:Core/Src/tim.c **** }
 248              		.loc 1 130 1 view .LVU61
 249 0012 03B0     		add	sp, sp, #12
 250              	.LCFI10:
 251              		.cfi_remember_state
 252              		.cfi_def_cfa_offset 4
 253              		@ sp needed
 254 0014 5DF804FB 		ldr	pc, [sp], #4
 255              	.LVL10:
 256              	.L21:
 257              	.LCFI11:
 258              		.cfi_restore_state
 106:Core/Src/tim.c **** 
 259              		.loc 1 106 5 is_stmt 1 view .LVU62
 260              	.LBB2:
 106:Core/Src/tim.c **** 
 261              		.loc 1 106 5 view .LVU63
 106:Core/Src/tim.c **** 
 262              		.loc 1 106 5 view .LVU64
 263 0018 144B     		ldr	r3, .L23+8
 264 001a 9A6D     		ldr	r2, [r3, #88]
 265 001c 42F01002 		orr	r2, r2, #16
 266 0020 9A65     		str	r2, [r3, #88]
 106:Core/Src/tim.c **** 
ARM GAS  C:\Users\86390\AppData\Local\Temp\cco0aJ4Y.s 			page 8


 267              		.loc 1 106 5 view .LVU65
 268 0022 9B6D     		ldr	r3, [r3, #88]
 269 0024 03F01003 		and	r3, r3, #16
 270 0028 0093     		str	r3, [sp]
 106:Core/Src/tim.c **** 
 271              		.loc 1 106 5 view .LVU66
 272 002a 009B     		ldr	r3, [sp]
 273              	.LBE2:
 106:Core/Src/tim.c **** 
 274              		.loc 1 106 5 view .LVU67
 109:Core/Src/tim.c ****     HAL_NVIC_EnableIRQ(TIM6_DAC_IRQn);
 275              		.loc 1 109 5 view .LVU68
 276 002c 0022     		movs	r2, #0
 277 002e 0121     		movs	r1, #1
 278 0030 3620     		movs	r0, #54
 279              	.LVL11:
 109:Core/Src/tim.c ****     HAL_NVIC_EnableIRQ(TIM6_DAC_IRQn);
 280              		.loc 1 109 5 is_stmt 0 view .LVU69
 281 0032 FFF7FEFF 		bl	HAL_NVIC_SetPriority
 282              	.LVL12:
 110:Core/Src/tim.c ****   /* USER CODE BEGIN TIM6_MspInit 1 */
 283              		.loc 1 110 5 is_stmt 1 view .LVU70
 284 0036 3620     		movs	r0, #54
 285 0038 FFF7FEFF 		bl	HAL_NVIC_EnableIRQ
 286              	.LVL13:
 287 003c E9E7     		b	.L17
 288              	.LVL14:
 289              	.L22:
 121:Core/Src/tim.c **** 
 290              		.loc 1 121 5 view .LVU71
 291              	.LBB3:
 121:Core/Src/tim.c **** 
 292              		.loc 1 121 5 view .LVU72
 121:Core/Src/tim.c **** 
 293              		.loc 1 121 5 view .LVU73
 294 003e 0B4B     		ldr	r3, .L23+8
 295 0040 9A6D     		ldr	r2, [r3, #88]
 296 0042 42F02002 		orr	r2, r2, #32
 297 0046 9A65     		str	r2, [r3, #88]
 121:Core/Src/tim.c **** 
 298              		.loc 1 121 5 view .LVU74
 299 0048 9B6D     		ldr	r3, [r3, #88]
 300 004a 03F02003 		and	r3, r3, #32
 301 004e 0193     		str	r3, [sp, #4]
 121:Core/Src/tim.c **** 
 302              		.loc 1 121 5 view .LVU75
 303 0050 019B     		ldr	r3, [sp, #4]
 304              	.LBE3:
 121:Core/Src/tim.c **** 
 305              		.loc 1 121 5 view .LVU76
 124:Core/Src/tim.c ****     HAL_NVIC_EnableIRQ(TIM7_IRQn);
 306              		.loc 1 124 5 view .LVU77
 307 0052 0022     		movs	r2, #0
 308 0054 0121     		movs	r1, #1
 309 0056 3720     		movs	r0, #55
 310              	.LVL15:
 124:Core/Src/tim.c ****     HAL_NVIC_EnableIRQ(TIM7_IRQn);
ARM GAS  C:\Users\86390\AppData\Local\Temp\cco0aJ4Y.s 			page 9


 311              		.loc 1 124 5 is_stmt 0 view .LVU78
 312 0058 FFF7FEFF 		bl	HAL_NVIC_SetPriority
 313              	.LVL16:
 125:Core/Src/tim.c ****   /* USER CODE BEGIN TIM7_MspInit 1 */
 314              		.loc 1 125 5 is_stmt 1 view .LVU79
 315 005c 3720     		movs	r0, #55
 316 005e FFF7FEFF 		bl	HAL_NVIC_EnableIRQ
 317              	.LVL17:
 318              		.loc 1 130 1 is_stmt 0 view .LVU80
 319 0062 D6E7     		b	.L17
 320              	.L24:
 321              		.align	2
 322              	.L23:
 323 0064 00100040 		.word	1073745920
 324 0068 00140040 		.word	1073746944
 325 006c 00100240 		.word	1073876992
 326              		.cfi_endproc
 327              	.LFE134:
 329              		.section	.text.HAL_TIM_Base_MspDeInit,"ax",%progbits
 330              		.align	1
 331              		.global	HAL_TIM_Base_MspDeInit
 332              		.syntax unified
 333              		.thumb
 334              		.thumb_func
 336              	HAL_TIM_Base_MspDeInit:
 337              	.LVL18:
 338              	.LFB135:
 131:Core/Src/tim.c **** 
 132:Core/Src/tim.c **** void HAL_TIM_Base_MspDeInit(TIM_HandleTypeDef* tim_baseHandle)
 133:Core/Src/tim.c **** {
 339              		.loc 1 133 1 is_stmt 1 view -0
 340              		.cfi_startproc
 341              		@ args = 0, pretend = 0, frame = 0
 342              		@ frame_needed = 0, uses_anonymous_args = 0
 343              		.loc 1 133 1 is_stmt 0 view .LVU82
 344 0000 08B5     		push	{r3, lr}
 345              	.LCFI12:
 346              		.cfi_def_cfa_offset 8
 347              		.cfi_offset 3, -8
 348              		.cfi_offset 14, -4
 134:Core/Src/tim.c **** 
 135:Core/Src/tim.c ****   if(tim_baseHandle->Instance==TIM6)
 349              		.loc 1 135 3 is_stmt 1 view .LVU83
 350              		.loc 1 135 20 is_stmt 0 view .LVU84
 351 0002 0368     		ldr	r3, [r0]
 352              		.loc 1 135 5 view .LVU85
 353 0004 0D4A     		ldr	r2, .L31
 354 0006 9342     		cmp	r3, r2
 355 0008 03D0     		beq	.L29
 136:Core/Src/tim.c ****   {
 137:Core/Src/tim.c ****   /* USER CODE BEGIN TIM6_MspDeInit 0 */
 138:Core/Src/tim.c **** 
 139:Core/Src/tim.c ****   /* USER CODE END TIM6_MspDeInit 0 */
 140:Core/Src/tim.c ****     /* Peripheral clock disable */
 141:Core/Src/tim.c ****     __HAL_RCC_TIM6_CLK_DISABLE();
 142:Core/Src/tim.c **** 
 143:Core/Src/tim.c ****     /* TIM6 interrupt Deinit */
ARM GAS  C:\Users\86390\AppData\Local\Temp\cco0aJ4Y.s 			page 10


 144:Core/Src/tim.c ****     HAL_NVIC_DisableIRQ(TIM6_DAC_IRQn);
 145:Core/Src/tim.c ****   /* USER CODE BEGIN TIM6_MspDeInit 1 */
 146:Core/Src/tim.c **** 
 147:Core/Src/tim.c ****   /* USER CODE END TIM6_MspDeInit 1 */
 148:Core/Src/tim.c ****   }
 149:Core/Src/tim.c ****   else if(tim_baseHandle->Instance==TIM7)
 356              		.loc 1 149 8 is_stmt 1 view .LVU86
 357              		.loc 1 149 10 is_stmt 0 view .LVU87
 358 000a 0D4A     		ldr	r2, .L31+4
 359 000c 9342     		cmp	r3, r2
 360 000e 0AD0     		beq	.L30
 361              	.LVL19:
 362              	.L25:
 150:Core/Src/tim.c ****   {
 151:Core/Src/tim.c ****   /* USER CODE BEGIN TIM7_MspDeInit 0 */
 152:Core/Src/tim.c **** 
 153:Core/Src/tim.c ****   /* USER CODE END TIM7_MspDeInit 0 */
 154:Core/Src/tim.c ****     /* Peripheral clock disable */
 155:Core/Src/tim.c ****     __HAL_RCC_TIM7_CLK_DISABLE();
 156:Core/Src/tim.c **** 
 157:Core/Src/tim.c ****     /* TIM7 interrupt Deinit */
 158:Core/Src/tim.c ****     HAL_NVIC_DisableIRQ(TIM7_IRQn);
 159:Core/Src/tim.c ****   /* USER CODE BEGIN TIM7_MspDeInit 1 */
 160:Core/Src/tim.c **** 
 161:Core/Src/tim.c ****   /* USER CODE END TIM7_MspDeInit 1 */
 162:Core/Src/tim.c ****   }
 163:Core/Src/tim.c **** }
 363              		.loc 1 163 1 view .LVU88
 364 0010 08BD     		pop	{r3, pc}
 365              	.LVL20:
 366              	.L29:
 141:Core/Src/tim.c **** 
 367              		.loc 1 141 5 is_stmt 1 view .LVU89
 368 0012 02F50032 		add	r2, r2, #131072
 369 0016 936D     		ldr	r3, [r2, #88]
 370 0018 23F01003 		bic	r3, r3, #16
 371 001c 9365     		str	r3, [r2, #88]
 144:Core/Src/tim.c ****   /* USER CODE BEGIN TIM6_MspDeInit 1 */
 372              		.loc 1 144 5 view .LVU90
 373 001e 3620     		movs	r0, #54
 374              	.LVL21:
 144:Core/Src/tim.c ****   /* USER CODE BEGIN TIM6_MspDeInit 1 */
 375              		.loc 1 144 5 is_stmt 0 view .LVU91
 376 0020 FFF7FEFF 		bl	HAL_NVIC_DisableIRQ
 377              	.LVL22:
 378 0024 F4E7     		b	.L25
 379              	.LVL23:
 380              	.L30:
 155:Core/Src/tim.c **** 
 381              		.loc 1 155 5 is_stmt 1 view .LVU92
 382 0026 02F5FE32 		add	r2, r2, #130048
 383 002a 936D     		ldr	r3, [r2, #88]
 384 002c 23F02003 		bic	r3, r3, #32
 385 0030 9365     		str	r3, [r2, #88]
 158:Core/Src/tim.c ****   /* USER CODE BEGIN TIM7_MspDeInit 1 */
 386              		.loc 1 158 5 view .LVU93
 387 0032 3720     		movs	r0, #55
ARM GAS  C:\Users\86390\AppData\Local\Temp\cco0aJ4Y.s 			page 11


 388              	.LVL24:
 158:Core/Src/tim.c ****   /* USER CODE BEGIN TIM7_MspDeInit 1 */
 389              		.loc 1 158 5 is_stmt 0 view .LVU94
 390 0034 FFF7FEFF 		bl	HAL_NVIC_DisableIRQ
 391              	.LVL25:
 392              		.loc 1 163 1 view .LVU95
 393 0038 EAE7     		b	.L25
 394              	.L32:
 395 003a 00BF     		.align	2
 396              	.L31:
 397 003c 00100040 		.word	1073745920
 398 0040 00140040 		.word	1073746944
 399              		.cfi_endproc
 400              	.LFE135:
 402              		.global	htim7
 403              		.global	htim6
 404              		.section	.bss.htim6,"aw",%nobits
 405              		.align	2
 406              		.set	.LANCHOR0,. + 0
 409              	htim6:
 410 0000 00000000 		.space	76
 410      00000000 
 410      00000000 
 410      00000000 
 410      00000000 
 411              		.section	.bss.htim7,"aw",%nobits
 412              		.align	2
 413              		.set	.LANCHOR1,. + 0
 416              	htim7:
 417 0000 00000000 		.space	76
 417      00000000 
 417      00000000 
 417      00000000 
 417      00000000 
 418              		.text
 419              	.Letext0:
 420              		.file 2 "d:\\stm32_vscode_bag\\gnu\\arm-none-eabi\\include\\machine\\_default_types.h"
 421              		.file 3 "d:\\stm32_vscode_bag\\gnu\\arm-none-eabi\\include\\sys\\_stdint.h"
 422              		.file 4 "Drivers/CMSIS/Device/ST/STM32G4xx/Include/stm32g431xx.h"
 423              		.file 5 "Drivers/STM32G4xx_HAL_Driver/Inc/stm32g4xx_hal_def.h"
 424              		.file 6 "Drivers/STM32G4xx_HAL_Driver/Inc/stm32g4xx_hal_dma.h"
 425              		.file 7 "Drivers/STM32G4xx_HAL_Driver/Inc/stm32g4xx_hal_tim.h"
 426              		.file 8 "Core/Inc/tim.h"
 427              		.file 9 "Drivers/STM32G4xx_HAL_Driver/Inc/stm32g4xx_hal_cortex.h"
 428              		.file 10 "Drivers/STM32G4xx_HAL_Driver/Inc/stm32g4xx_hal_tim_ex.h"
 429              		.file 11 "Core/Inc/main.h"
ARM GAS  C:\Users\86390\AppData\Local\Temp\cco0aJ4Y.s 			page 12


DEFINED SYMBOLS
                            *ABS*:00000000 tim.c
C:\Users\86390\AppData\Local\Temp\cco0aJ4Y.s:20     .text.MX_TIM6_Init:00000000 $t
C:\Users\86390\AppData\Local\Temp\cco0aJ4Y.s:26     .text.MX_TIM6_Init:00000000 MX_TIM6_Init
C:\Users\86390\AppData\Local\Temp\cco0aJ4Y.s:111    .text.MX_TIM6_Init:00000048 $d
C:\Users\86390\AppData\Local\Temp\cco0aJ4Y.s:117    .text.MX_TIM7_Init:00000000 $t
C:\Users\86390\AppData\Local\Temp\cco0aJ4Y.s:123    .text.MX_TIM7_Init:00000000 MX_TIM7_Init
C:\Users\86390\AppData\Local\Temp\cco0aJ4Y.s:207    .text.MX_TIM7_Init:00000048 $d
C:\Users\86390\AppData\Local\Temp\cco0aJ4Y.s:213    .text.HAL_TIM_Base_MspInit:00000000 $t
C:\Users\86390\AppData\Local\Temp\cco0aJ4Y.s:219    .text.HAL_TIM_Base_MspInit:00000000 HAL_TIM_Base_MspInit
C:\Users\86390\AppData\Local\Temp\cco0aJ4Y.s:323    .text.HAL_TIM_Base_MspInit:00000064 $d
C:\Users\86390\AppData\Local\Temp\cco0aJ4Y.s:330    .text.HAL_TIM_Base_MspDeInit:00000000 $t
C:\Users\86390\AppData\Local\Temp\cco0aJ4Y.s:336    .text.HAL_TIM_Base_MspDeInit:00000000 HAL_TIM_Base_MspDeInit
C:\Users\86390\AppData\Local\Temp\cco0aJ4Y.s:397    .text.HAL_TIM_Base_MspDeInit:0000003c $d
C:\Users\86390\AppData\Local\Temp\cco0aJ4Y.s:416    .bss.htim7:00000000 htim7
C:\Users\86390\AppData\Local\Temp\cco0aJ4Y.s:409    .bss.htim6:00000000 htim6
C:\Users\86390\AppData\Local\Temp\cco0aJ4Y.s:405    .bss.htim6:00000000 $d
C:\Users\86390\AppData\Local\Temp\cco0aJ4Y.s:412    .bss.htim7:00000000 $d

UNDEFINED SYMBOLS
HAL_TIM_Base_Init
HAL_TIMEx_MasterConfigSynchronization
Error_Handler
HAL_NVIC_SetPriority
HAL_NVIC_EnableIRQ
HAL_NVIC_DisableIRQ
