ARM GAS  C:\Users\86390\AppData\Local\Temp\ccsi2mKh.s 			page 1


   1              		.cpu cortex-m4
   2              		.arch armv7e-m
   3              		.fpu fpv4-sp-d16
   4              		.eabi_attribute 27, 1
   5              		.eabi_attribute 28, 1
   6              		.eabi_attribute 20, 1
   7              		.eabi_attribute 21, 1
   8              		.eabi_attribute 23, 3
   9              		.eabi_attribute 24, 1
  10              		.eabi_attribute 25, 1
  11              		.eabi_attribute 26, 1
  12              		.eabi_attribute 30, 1
  13              		.eabi_attribute 34, 1
  14              		.eabi_attribute 18, 4
  15              		.file	"usart.c"
  16              		.text
  17              	.Ltext0:
  18              		.cfi_sections	.debug_frame
  19              		.section	.text.MX_USART1_UART_Init,"ax",%progbits
  20              		.align	1
  21              		.global	MX_USART1_UART_Init
  22              		.syntax unified
  23              		.thumb
  24              		.thumb_func
  26              	MX_USART1_UART_Init:
  27              	.LFB135:
  28              		.file 1 "Core/Src/usart.c"
   1:Core/Src/usart.c **** /* USER CODE BEGIN Header */
   2:Core/Src/usart.c **** /**
   3:Core/Src/usart.c ****   ******************************************************************************
   4:Core/Src/usart.c ****   * @file    usart.c
   5:Core/Src/usart.c ****   * @brief   This file provides code for the configuration
   6:Core/Src/usart.c ****   *          of the USART instances.
   7:Core/Src/usart.c ****   ******************************************************************************
   8:Core/Src/usart.c ****   * @attention
   9:Core/Src/usart.c ****   *
  10:Core/Src/usart.c ****   * Copyright (c) 2025 STMicroelectronics.
  11:Core/Src/usart.c ****   * All rights reserved.
  12:Core/Src/usart.c ****   *
  13:Core/Src/usart.c ****   * This software is licensed under terms that can be found in the LICENSE file
  14:Core/Src/usart.c ****   * in the root directory of this software component.
  15:Core/Src/usart.c ****   * If no LICENSE file comes with this software, it is provided AS-IS.
  16:Core/Src/usart.c ****   *
  17:Core/Src/usart.c ****   ******************************************************************************
  18:Core/Src/usart.c ****   */
  19:Core/Src/usart.c **** /* USER CODE END Header */
  20:Core/Src/usart.c **** /* Includes ------------------------------------------------------------------*/
  21:Core/Src/usart.c **** #include "usart.h"
  22:Core/Src/usart.c **** 
  23:Core/Src/usart.c **** /* USER CODE BEGIN 0 */
  24:Core/Src/usart.c **** 
  25:Core/Src/usart.c **** /* USER CODE END 0 */
  26:Core/Src/usart.c **** 
  27:Core/Src/usart.c **** UART_HandleTypeDef huart1;
  28:Core/Src/usart.c **** UART_HandleTypeDef huart2;
  29:Core/Src/usart.c **** UART_HandleTypeDef huart3;
  30:Core/Src/usart.c **** DMA_HandleTypeDef hdma_usart3_rx;
ARM GAS  C:\Users\86390\AppData\Local\Temp\ccsi2mKh.s 			page 2


  31:Core/Src/usart.c **** 
  32:Core/Src/usart.c **** /* USART1 init function */
  33:Core/Src/usart.c **** 
  34:Core/Src/usart.c **** void MX_USART1_UART_Init(void)
  35:Core/Src/usart.c **** {
  29              		.loc 1 35 1 view -0
  30              		.cfi_startproc
  31              		@ args = 0, pretend = 0, frame = 0
  32              		@ frame_needed = 0, uses_anonymous_args = 0
  33 0000 70B5     		push	{r4, r5, r6, lr}
  34              	.LCFI0:
  35              		.cfi_def_cfa_offset 16
  36              		.cfi_offset 4, -16
  37              		.cfi_offset 5, -12
  38              		.cfi_offset 6, -8
  39              		.cfi_offset 14, -4
  36:Core/Src/usart.c **** 
  37:Core/Src/usart.c ****   /* USER CODE BEGIN USART1_Init 0 */
  38:Core/Src/usart.c **** 
  39:Core/Src/usart.c ****   /* USER CODE END USART1_Init 0 */
  40:Core/Src/usart.c **** 
  41:Core/Src/usart.c ****   /* USER CODE BEGIN USART1_Init 1 */
  42:Core/Src/usart.c **** 
  43:Core/Src/usart.c ****   /* USER CODE END USART1_Init 1 */
  44:Core/Src/usart.c ****   huart1.Instance = USART1;
  40              		.loc 1 44 3 view .LVU1
  41              		.loc 1 44 19 is_stmt 0 view .LVU2
  42 0002 2148     		ldr	r0, .L11
  43 0004 214B     		ldr	r3, .L11+4
  44 0006 0360     		str	r3, [r0]
  45:Core/Src/usart.c ****   huart1.Init.BaudRate = 115200;
  45              		.loc 1 45 3 is_stmt 1 view .LVU3
  46              		.loc 1 45 24 is_stmt 0 view .LVU4
  47 0008 4FF4E133 		mov	r3, #115200
  48 000c 4360     		str	r3, [r0, #4]
  46:Core/Src/usart.c ****   huart1.Init.WordLength = UART_WORDLENGTH_8B;
  49              		.loc 1 46 3 is_stmt 1 view .LVU5
  50              		.loc 1 46 26 is_stmt 0 view .LVU6
  51 000e 0023     		movs	r3, #0
  52 0010 8360     		str	r3, [r0, #8]
  47:Core/Src/usart.c ****   huart1.Init.StopBits = UART_STOPBITS_1;
  53              		.loc 1 47 3 is_stmt 1 view .LVU7
  54              		.loc 1 47 24 is_stmt 0 view .LVU8
  55 0012 C360     		str	r3, [r0, #12]
  48:Core/Src/usart.c ****   huart1.Init.Parity = UART_PARITY_NONE;
  56              		.loc 1 48 3 is_stmt 1 view .LVU9
  57              		.loc 1 48 22 is_stmt 0 view .LVU10
  58 0014 0361     		str	r3, [r0, #16]
  49:Core/Src/usart.c ****   huart1.Init.Mode = UART_MODE_TX_RX;
  59              		.loc 1 49 3 is_stmt 1 view .LVU11
  60              		.loc 1 49 20 is_stmt 0 view .LVU12
  61 0016 0C22     		movs	r2, #12
  62 0018 4261     		str	r2, [r0, #20]
  50:Core/Src/usart.c ****   huart1.Init.HwFlowCtl = UART_HWCONTROL_NONE;
  63              		.loc 1 50 3 is_stmt 1 view .LVU13
  64              		.loc 1 50 25 is_stmt 0 view .LVU14
  65 001a 8361     		str	r3, [r0, #24]
ARM GAS  C:\Users\86390\AppData\Local\Temp\ccsi2mKh.s 			page 3


  51:Core/Src/usart.c ****   huart1.Init.OverSampling = UART_OVERSAMPLING_16;
  66              		.loc 1 51 3 is_stmt 1 view .LVU15
  67              		.loc 1 51 28 is_stmt 0 view .LVU16
  68 001c C361     		str	r3, [r0, #28]
  52:Core/Src/usart.c ****   huart1.Init.OneBitSampling = UART_ONE_BIT_SAMPLE_DISABLE;
  69              		.loc 1 52 3 is_stmt 1 view .LVU17
  70              		.loc 1 52 30 is_stmt 0 view .LVU18
  71 001e 0362     		str	r3, [r0, #32]
  53:Core/Src/usart.c ****   huart1.Init.ClockPrescaler = UART_PRESCALER_DIV1;
  72              		.loc 1 53 3 is_stmt 1 view .LVU19
  73              		.loc 1 53 30 is_stmt 0 view .LVU20
  74 0020 4362     		str	r3, [r0, #36]
  54:Core/Src/usart.c ****   huart1.AdvancedInit.AdvFeatureInit = UART_ADVFEATURE_NO_INIT;
  75              		.loc 1 54 3 is_stmt 1 view .LVU21
  76              		.loc 1 54 38 is_stmt 0 view .LVU22
  77 0022 8362     		str	r3, [r0, #40]
  55:Core/Src/usart.c ****   if (HAL_UART_Init(&huart1) != HAL_OK)
  78              		.loc 1 55 3 is_stmt 1 view .LVU23
  79              		.loc 1 55 7 is_stmt 0 view .LVU24
  80 0024 FFF7FEFF 		bl	HAL_UART_Init
  81              	.LVL0:
  82              		.loc 1 55 6 view .LVU25
  83 0028 08BB     		cbnz	r0, .L7
  84              	.L2:
  56:Core/Src/usart.c ****   {
  57:Core/Src/usart.c ****     Error_Handler();
  58:Core/Src/usart.c ****   }
  59:Core/Src/usart.c ****   if (HAL_UARTEx_SetTxFifoThreshold(&huart1, UART_TXFIFO_THRESHOLD_1_8) != HAL_OK)
  85              		.loc 1 59 3 is_stmt 1 view .LVU26
  86              		.loc 1 59 7 is_stmt 0 view .LVU27
  87 002a 0021     		movs	r1, #0
  88 002c 1648     		ldr	r0, .L11
  89 002e FFF7FEFF 		bl	HAL_UARTEx_SetTxFifoThreshold
  90              	.LVL1:
  91              		.loc 1 59 6 view .LVU28
  92 0032 F8B9     		cbnz	r0, .L8
  93              	.L3:
  60:Core/Src/usart.c ****   {
  61:Core/Src/usart.c ****     Error_Handler();
  62:Core/Src/usart.c ****   }
  63:Core/Src/usart.c ****   if (HAL_UARTEx_SetRxFifoThreshold(&huart1, UART_RXFIFO_THRESHOLD_1_8) != HAL_OK)
  94              		.loc 1 63 3 is_stmt 1 view .LVU29
  95              		.loc 1 63 7 is_stmt 0 view .LVU30
  96 0034 0021     		movs	r1, #0
  97 0036 1448     		ldr	r0, .L11
  98 0038 FFF7FEFF 		bl	HAL_UARTEx_SetRxFifoThreshold
  99              	.LVL2:
 100              		.loc 1 63 6 view .LVU31
 101 003c E8B9     		cbnz	r0, .L9
 102              	.L4:
  64:Core/Src/usart.c ****   {
  65:Core/Src/usart.c ****     Error_Handler();
  66:Core/Src/usart.c ****   }
  67:Core/Src/usart.c ****   if (HAL_UARTEx_DisableFifoMode(&huart1) != HAL_OK)
 103              		.loc 1 67 3 is_stmt 1 view .LVU32
 104              		.loc 1 67 7 is_stmt 0 view .LVU33
 105 003e 1248     		ldr	r0, .L11
ARM GAS  C:\Users\86390\AppData\Local\Temp\ccsi2mKh.s 			page 4


 106 0040 FFF7FEFF 		bl	HAL_UARTEx_DisableFifoMode
 107              	.LVL3:
 108              		.loc 1 67 6 view .LVU34
 109 0044 E0B9     		cbnz	r0, .L10
 110              	.L5:
  68:Core/Src/usart.c ****   {
  69:Core/Src/usart.c ****     Error_Handler();
  70:Core/Src/usart.c ****   }
  71:Core/Src/usart.c ****   /* USER CODE BEGIN USART1_Init 2 */
  72:Core/Src/usart.c **** 
  73:Core/Src/usart.c **** 	
  74:Core/Src/usart.c ****     // 赋值结构体usart指针
  75:Core/Src/usart.c ****     usart1.pUSARTx = &huart1;
 111              		.loc 1 75 5 is_stmt 1 view .LVU35
 112              		.loc 1 75 20 is_stmt 0 view .LVU36
 113 0046 124C     		ldr	r4, .L11+8
 114 0048 0F4B     		ldr	r3, .L11
 115 004a 2360     		str	r3, [r4]
  76:Core/Src/usart.c **** 		// 初始化缓冲区(环形队列)
  77:Core/Src/usart.c **** 		RingBuffer_Init(&usart1SendRingBuf,  USART_SEND_BUF_SIZE, usart1SendBuf);
 116              		.loc 1 77 3 is_stmt 1 view .LVU37
 117 004c 114D     		ldr	r5, .L11+12
 118 004e 124A     		ldr	r2, .L11+16
 119 0050 4FF4FA71 		mov	r1, #500
 120 0054 2846     		mov	r0, r5
 121 0056 FFF7FEFF 		bl	RingBuffer_Init
 122              	.LVL4:
  78:Core/Src/usart.c **** 		RingBuffer_Init(&usart1RecvRingBuf, USART_RECV_BUF_SIZE,  usart1RecvBuf);
 123              		.loc 1 78 3 view .LVU38
 124 005a 104E     		ldr	r6, .L11+20
 125 005c 104A     		ldr	r2, .L11+24
 126 005e 4FF4FA71 		mov	r1, #500
 127 0062 3046     		mov	r0, r6
 128 0064 FFF7FEFF 		bl	RingBuffer_Init
 129              	.LVL5:
  79:Core/Src/usart.c **** 		usart1.recvBuf = &usart1RecvRingBuf;
 130              		.loc 1 79 3 view .LVU39
 131              		.loc 1 79 18 is_stmt 0 view .LVU40
 132 0068 A660     		str	r6, [r4, #8]
  80:Core/Src/usart.c **** 		usart1.sendBuf = &usart1SendRingBuf;	
 133              		.loc 1 80 3 is_stmt 1 view .LVU41
 134              		.loc 1 80 18 is_stmt 0 view .LVU42
 135 006a 6560     		str	r5, [r4, #4]
  81:Core/Src/usart.c **** 	
  82:Core/Src/usart.c **** 	
  83:Core/Src/usart.c ****   /* USER CODE END USART1_Init 2 */
  84:Core/Src/usart.c **** 
  85:Core/Src/usart.c **** }
 136              		.loc 1 85 1 view .LVU43
 137 006c 70BD     		pop	{r4, r5, r6, pc}
 138              	.L7:
  57:Core/Src/usart.c ****   }
 139              		.loc 1 57 5 is_stmt 1 view .LVU44
 140 006e FFF7FEFF 		bl	Error_Handler
 141              	.LVL6:
 142 0072 DAE7     		b	.L2
 143              	.L8:
ARM GAS  C:\Users\86390\AppData\Local\Temp\ccsi2mKh.s 			page 5


  61:Core/Src/usart.c ****   }
 144              		.loc 1 61 5 view .LVU45
 145 0074 FFF7FEFF 		bl	Error_Handler
 146              	.LVL7:
 147 0078 DCE7     		b	.L3
 148              	.L9:
  65:Core/Src/usart.c ****   }
 149              		.loc 1 65 5 view .LVU46
 150 007a FFF7FEFF 		bl	Error_Handler
 151              	.LVL8:
 152 007e DEE7     		b	.L4
 153              	.L10:
  69:Core/Src/usart.c ****   }
 154              		.loc 1 69 5 view .LVU47
 155 0080 FFF7FEFF 		bl	Error_Handler
 156              	.LVL9:
 157 0084 DFE7     		b	.L5
 158              	.L12:
 159 0086 00BF     		.align	2
 160              	.L11:
 161 0088 00000000 		.word	.LANCHOR0
 162 008c 00380140 		.word	1073821696
 163 0090 00000000 		.word	usart1
 164 0094 00000000 		.word	usart1SendRingBuf
 165 0098 00000000 		.word	usart1SendBuf
 166 009c 00000000 		.word	usart1RecvRingBuf
 167 00a0 00000000 		.word	usart1RecvBuf
 168              		.cfi_endproc
 169              	.LFE135:
 171              		.section	.text.MX_USART2_UART_Init,"ax",%progbits
 172              		.align	1
 173              		.global	MX_USART2_UART_Init
 174              		.syntax unified
 175              		.thumb
 176              		.thumb_func
 178              	MX_USART2_UART_Init:
 179              	.LFB136:
  86:Core/Src/usart.c **** /* USART2 init function */
  87:Core/Src/usart.c **** 
  88:Core/Src/usart.c **** void MX_USART2_UART_Init(void)
  89:Core/Src/usart.c **** {
 180              		.loc 1 89 1 view -0
 181              		.cfi_startproc
 182              		@ args = 0, pretend = 0, frame = 0
 183              		@ frame_needed = 0, uses_anonymous_args = 0
 184 0000 08B5     		push	{r3, lr}
 185              	.LCFI1:
 186              		.cfi_def_cfa_offset 8
 187              		.cfi_offset 3, -8
 188              		.cfi_offset 14, -4
  90:Core/Src/usart.c **** 
  91:Core/Src/usart.c ****   /* USER CODE BEGIN USART2_Init 0 */
  92:Core/Src/usart.c **** 
  93:Core/Src/usart.c ****   /* USER CODE END USART2_Init 0 */
  94:Core/Src/usart.c **** 
  95:Core/Src/usart.c ****   /* USER CODE BEGIN USART2_Init 1 */
  96:Core/Src/usart.c **** 
ARM GAS  C:\Users\86390\AppData\Local\Temp\ccsi2mKh.s 			page 6


  97:Core/Src/usart.c ****   /* USER CODE END USART2_Init 1 */
  98:Core/Src/usart.c ****   huart2.Instance = USART2;
 189              		.loc 1 98 3 view .LVU49
 190              		.loc 1 98 19 is_stmt 0 view .LVU50
 191 0002 1748     		ldr	r0, .L23
 192 0004 174B     		ldr	r3, .L23+4
 193 0006 0360     		str	r3, [r0]
  99:Core/Src/usart.c ****   huart2.Init.BaudRate = 115200;
 194              		.loc 1 99 3 is_stmt 1 view .LVU51
 195              		.loc 1 99 24 is_stmt 0 view .LVU52
 196 0008 4FF4E133 		mov	r3, #115200
 197 000c 4360     		str	r3, [r0, #4]
 100:Core/Src/usart.c ****   huart2.Init.WordLength = UART_WORDLENGTH_8B;
 198              		.loc 1 100 3 is_stmt 1 view .LVU53
 199              		.loc 1 100 26 is_stmt 0 view .LVU54
 200 000e 0023     		movs	r3, #0
 201 0010 8360     		str	r3, [r0, #8]
 101:Core/Src/usart.c ****   huart2.Init.StopBits = UART_STOPBITS_1;
 202              		.loc 1 101 3 is_stmt 1 view .LVU55
 203              		.loc 1 101 24 is_stmt 0 view .LVU56
 204 0012 C360     		str	r3, [r0, #12]
 102:Core/Src/usart.c ****   huart2.Init.Parity = UART_PARITY_NONE;
 205              		.loc 1 102 3 is_stmt 1 view .LVU57
 206              		.loc 1 102 22 is_stmt 0 view .LVU58
 207 0014 0361     		str	r3, [r0, #16]
 103:Core/Src/usart.c ****   huart2.Init.Mode = UART_MODE_TX_RX;
 208              		.loc 1 103 3 is_stmt 1 view .LVU59
 209              		.loc 1 103 20 is_stmt 0 view .LVU60
 210 0016 0C22     		movs	r2, #12
 211 0018 4261     		str	r2, [r0, #20]
 104:Core/Src/usart.c ****   huart2.Init.HwFlowCtl = UART_HWCONTROL_NONE;
 212              		.loc 1 104 3 is_stmt 1 view .LVU61
 213              		.loc 1 104 25 is_stmt 0 view .LVU62
 214 001a 8361     		str	r3, [r0, #24]
 105:Core/Src/usart.c ****   huart2.Init.OverSampling = UART_OVERSAMPLING_16;
 215              		.loc 1 105 3 is_stmt 1 view .LVU63
 216              		.loc 1 105 28 is_stmt 0 view .LVU64
 217 001c C361     		str	r3, [r0, #28]
 106:Core/Src/usart.c ****   huart2.Init.OneBitSampling = UART_ONE_BIT_SAMPLE_DISABLE;
 218              		.loc 1 106 3 is_stmt 1 view .LVU65
 219              		.loc 1 106 30 is_stmt 0 view .LVU66
 220 001e 0362     		str	r3, [r0, #32]
 107:Core/Src/usart.c ****   huart2.Init.ClockPrescaler = UART_PRESCALER_DIV1;
 221              		.loc 1 107 3 is_stmt 1 view .LVU67
 222              		.loc 1 107 30 is_stmt 0 view .LVU68
 223 0020 4362     		str	r3, [r0, #36]
 108:Core/Src/usart.c ****   huart2.AdvancedInit.AdvFeatureInit = UART_ADVFEATURE_NO_INIT;
 224              		.loc 1 108 3 is_stmt 1 view .LVU69
 225              		.loc 1 108 38 is_stmt 0 view .LVU70
 226 0022 8362     		str	r3, [r0, #40]
 109:Core/Src/usart.c ****   if (HAL_UART_Init(&huart2) != HAL_OK)
 227              		.loc 1 109 3 is_stmt 1 view .LVU71
 228              		.loc 1 109 7 is_stmt 0 view .LVU72
 229 0024 FFF7FEFF 		bl	HAL_UART_Init
 230              	.LVL10:
 231              		.loc 1 109 6 view .LVU73
 232 0028 70B9     		cbnz	r0, .L19
ARM GAS  C:\Users\86390\AppData\Local\Temp\ccsi2mKh.s 			page 7


 233              	.L14:
 110:Core/Src/usart.c ****   {
 111:Core/Src/usart.c ****     Error_Handler();
 112:Core/Src/usart.c ****   }
 113:Core/Src/usart.c ****   if (HAL_UARTEx_SetTxFifoThreshold(&huart2, UART_TXFIFO_THRESHOLD_1_8) != HAL_OK)
 234              		.loc 1 113 3 is_stmt 1 view .LVU74
 235              		.loc 1 113 7 is_stmt 0 view .LVU75
 236 002a 0021     		movs	r1, #0
 237 002c 0C48     		ldr	r0, .L23
 238 002e FFF7FEFF 		bl	HAL_UARTEx_SetTxFifoThreshold
 239              	.LVL11:
 240              		.loc 1 113 6 view .LVU76
 241 0032 60B9     		cbnz	r0, .L20
 242              	.L15:
 114:Core/Src/usart.c ****   {
 115:Core/Src/usart.c ****     Error_Handler();
 116:Core/Src/usart.c ****   }
 117:Core/Src/usart.c ****   if (HAL_UARTEx_SetRxFifoThreshold(&huart2, UART_RXFIFO_THRESHOLD_1_8) != HAL_OK)
 243              		.loc 1 117 3 is_stmt 1 view .LVU77
 244              		.loc 1 117 7 is_stmt 0 view .LVU78
 245 0034 0021     		movs	r1, #0
 246 0036 0A48     		ldr	r0, .L23
 247 0038 FFF7FEFF 		bl	HAL_UARTEx_SetRxFifoThreshold
 248              	.LVL12:
 249              		.loc 1 117 6 view .LVU79
 250 003c 50B9     		cbnz	r0, .L21
 251              	.L16:
 118:Core/Src/usart.c ****   {
 119:Core/Src/usart.c ****     Error_Handler();
 120:Core/Src/usart.c ****   }
 121:Core/Src/usart.c ****   if (HAL_UARTEx_DisableFifoMode(&huart2) != HAL_OK)
 252              		.loc 1 121 3 is_stmt 1 view .LVU80
 253              		.loc 1 121 7 is_stmt 0 view .LVU81
 254 003e 0848     		ldr	r0, .L23
 255 0040 FFF7FEFF 		bl	HAL_UARTEx_DisableFifoMode
 256              	.LVL13:
 257              		.loc 1 121 6 view .LVU82
 258 0044 48B9     		cbnz	r0, .L22
 259              	.L13:
 122:Core/Src/usart.c ****   {
 123:Core/Src/usart.c ****     Error_Handler();
 124:Core/Src/usart.c ****   }
 125:Core/Src/usart.c ****   /* USER CODE BEGIN USART2_Init 2 */
 126:Core/Src/usart.c **** 
 127:Core/Src/usart.c ****   /* USER CODE END USART2_Init 2 */
 128:Core/Src/usart.c **** 
 129:Core/Src/usart.c **** }
 260              		.loc 1 129 1 view .LVU83
 261 0046 08BD     		pop	{r3, pc}
 262              	.L19:
 111:Core/Src/usart.c ****   }
 263              		.loc 1 111 5 is_stmt 1 view .LVU84
 264 0048 FFF7FEFF 		bl	Error_Handler
 265              	.LVL14:
 266 004c EDE7     		b	.L14
 267              	.L20:
 115:Core/Src/usart.c ****   }
ARM GAS  C:\Users\86390\AppData\Local\Temp\ccsi2mKh.s 			page 8


 268              		.loc 1 115 5 view .LVU85
 269 004e FFF7FEFF 		bl	Error_Handler
 270              	.LVL15:
 271 0052 EFE7     		b	.L15
 272              	.L21:
 119:Core/Src/usart.c ****   }
 273              		.loc 1 119 5 view .LVU86
 274 0054 FFF7FEFF 		bl	Error_Handler
 275              	.LVL16:
 276 0058 F1E7     		b	.L16
 277              	.L22:
 123:Core/Src/usart.c ****   }
 278              		.loc 1 123 5 view .LVU87
 279 005a FFF7FEFF 		bl	Error_Handler
 280              	.LVL17:
 281              		.loc 1 129 1 is_stmt 0 view .LVU88
 282 005e F2E7     		b	.L13
 283              	.L24:
 284              		.align	2
 285              	.L23:
 286 0060 00000000 		.word	.LANCHOR1
 287 0064 00440040 		.word	1073759232
 288              		.cfi_endproc
 289              	.LFE136:
 291              		.section	.text.MX_USART3_UART_Init,"ax",%progbits
 292              		.align	1
 293              		.global	MX_USART3_UART_Init
 294              		.syntax unified
 295              		.thumb
 296              		.thumb_func
 298              	MX_USART3_UART_Init:
 299              	.LFB137:
 130:Core/Src/usart.c **** /* USART3 init function */
 131:Core/Src/usart.c **** 
 132:Core/Src/usart.c **** void MX_USART3_UART_Init(void)
 133:Core/Src/usart.c **** {
 300              		.loc 1 133 1 is_stmt 1 view -0
 301              		.cfi_startproc
 302              		@ args = 0, pretend = 0, frame = 0
 303              		@ frame_needed = 0, uses_anonymous_args = 0
 304 0000 08B5     		push	{r3, lr}
 305              	.LCFI2:
 306              		.cfi_def_cfa_offset 8
 307              		.cfi_offset 3, -8
 308              		.cfi_offset 14, -4
 134:Core/Src/usart.c **** 
 135:Core/Src/usart.c ****   /* USER CODE BEGIN USART3_Init 0 */
 136:Core/Src/usart.c **** 
 137:Core/Src/usart.c ****   /* USER CODE END USART3_Init 0 */
 138:Core/Src/usart.c **** 
 139:Core/Src/usart.c ****   /* USER CODE BEGIN USART3_Init 1 */
 140:Core/Src/usart.c **** 
 141:Core/Src/usart.c ****   /* USER CODE END USART3_Init 1 */
 142:Core/Src/usart.c ****   huart3.Instance = USART3;
 309              		.loc 1 142 3 view .LVU90
 310              		.loc 1 142 19 is_stmt 0 view .LVU91
 311 0002 1748     		ldr	r0, .L35
ARM GAS  C:\Users\86390\AppData\Local\Temp\ccsi2mKh.s 			page 9


 312 0004 174B     		ldr	r3, .L35+4
 313 0006 0360     		str	r3, [r0]
 143:Core/Src/usart.c ****   huart3.Init.BaudRate = 115200;
 314              		.loc 1 143 3 is_stmt 1 view .LVU92
 315              		.loc 1 143 24 is_stmt 0 view .LVU93
 316 0008 4FF4E133 		mov	r3, #115200
 317 000c 4360     		str	r3, [r0, #4]
 144:Core/Src/usart.c ****   huart3.Init.WordLength = UART_WORDLENGTH_8B;
 318              		.loc 1 144 3 is_stmt 1 view .LVU94
 319              		.loc 1 144 26 is_stmt 0 view .LVU95
 320 000e 0023     		movs	r3, #0
 321 0010 8360     		str	r3, [r0, #8]
 145:Core/Src/usart.c ****   huart3.Init.StopBits = UART_STOPBITS_1;
 322              		.loc 1 145 3 is_stmt 1 view .LVU96
 323              		.loc 1 145 24 is_stmt 0 view .LVU97
 324 0012 C360     		str	r3, [r0, #12]
 146:Core/Src/usart.c ****   huart3.Init.Parity = UART_PARITY_NONE;
 325              		.loc 1 146 3 is_stmt 1 view .LVU98
 326              		.loc 1 146 22 is_stmt 0 view .LVU99
 327 0014 0361     		str	r3, [r0, #16]
 147:Core/Src/usart.c ****   huart3.Init.Mode = UART_MODE_TX_RX;
 328              		.loc 1 147 3 is_stmt 1 view .LVU100
 329              		.loc 1 147 20 is_stmt 0 view .LVU101
 330 0016 0C22     		movs	r2, #12
 331 0018 4261     		str	r2, [r0, #20]
 148:Core/Src/usart.c ****   huart3.Init.HwFlowCtl = UART_HWCONTROL_NONE;
 332              		.loc 1 148 3 is_stmt 1 view .LVU102
 333              		.loc 1 148 25 is_stmt 0 view .LVU103
 334 001a 8361     		str	r3, [r0, #24]
 149:Core/Src/usart.c ****   huart3.Init.OverSampling = UART_OVERSAMPLING_16;
 335              		.loc 1 149 3 is_stmt 1 view .LVU104
 336              		.loc 1 149 28 is_stmt 0 view .LVU105
 337 001c C361     		str	r3, [r0, #28]
 150:Core/Src/usart.c ****   huart3.Init.OneBitSampling = UART_ONE_BIT_SAMPLE_DISABLE;
 338              		.loc 1 150 3 is_stmt 1 view .LVU106
 339              		.loc 1 150 30 is_stmt 0 view .LVU107
 340 001e 0362     		str	r3, [r0, #32]
 151:Core/Src/usart.c ****   huart3.Init.ClockPrescaler = UART_PRESCALER_DIV1;
 341              		.loc 1 151 3 is_stmt 1 view .LVU108
 342              		.loc 1 151 30 is_stmt 0 view .LVU109
 343 0020 4362     		str	r3, [r0, #36]
 152:Core/Src/usart.c ****   huart3.AdvancedInit.AdvFeatureInit = UART_ADVFEATURE_NO_INIT;
 344              		.loc 1 152 3 is_stmt 1 view .LVU110
 345              		.loc 1 152 38 is_stmt 0 view .LVU111
 346 0022 8362     		str	r3, [r0, #40]
 153:Core/Src/usart.c ****   if (HAL_UART_Init(&huart3) != HAL_OK)
 347              		.loc 1 153 3 is_stmt 1 view .LVU112
 348              		.loc 1 153 7 is_stmt 0 view .LVU113
 349 0024 FFF7FEFF 		bl	HAL_UART_Init
 350              	.LVL18:
 351              		.loc 1 153 6 view .LVU114
 352 0028 70B9     		cbnz	r0, .L31
 353              	.L26:
 154:Core/Src/usart.c ****   {
 155:Core/Src/usart.c ****     Error_Handler();
 156:Core/Src/usart.c ****   }
 157:Core/Src/usart.c ****   if (HAL_UARTEx_SetTxFifoThreshold(&huart3, UART_TXFIFO_THRESHOLD_1_8) != HAL_OK)
ARM GAS  C:\Users\86390\AppData\Local\Temp\ccsi2mKh.s 			page 10


 354              		.loc 1 157 3 is_stmt 1 view .LVU115
 355              		.loc 1 157 7 is_stmt 0 view .LVU116
 356 002a 0021     		movs	r1, #0
 357 002c 0C48     		ldr	r0, .L35
 358 002e FFF7FEFF 		bl	HAL_UARTEx_SetTxFifoThreshold
 359              	.LVL19:
 360              		.loc 1 157 6 view .LVU117
 361 0032 60B9     		cbnz	r0, .L32
 362              	.L27:
 158:Core/Src/usart.c ****   {
 159:Core/Src/usart.c ****     Error_Handler();
 160:Core/Src/usart.c ****   }
 161:Core/Src/usart.c ****   if (HAL_UARTEx_SetRxFifoThreshold(&huart3, UART_RXFIFO_THRESHOLD_1_8) != HAL_OK)
 363              		.loc 1 161 3 is_stmt 1 view .LVU118
 364              		.loc 1 161 7 is_stmt 0 view .LVU119
 365 0034 0021     		movs	r1, #0
 366 0036 0A48     		ldr	r0, .L35
 367 0038 FFF7FEFF 		bl	HAL_UARTEx_SetRxFifoThreshold
 368              	.LVL20:
 369              		.loc 1 161 6 view .LVU120
 370 003c 50B9     		cbnz	r0, .L33
 371              	.L28:
 162:Core/Src/usart.c ****   {
 163:Core/Src/usart.c ****     Error_Handler();
 164:Core/Src/usart.c ****   }
 165:Core/Src/usart.c ****   if (HAL_UARTEx_DisableFifoMode(&huart3) != HAL_OK)
 372              		.loc 1 165 3 is_stmt 1 view .LVU121
 373              		.loc 1 165 7 is_stmt 0 view .LVU122
 374 003e 0848     		ldr	r0, .L35
 375 0040 FFF7FEFF 		bl	HAL_UARTEx_DisableFifoMode
 376              	.LVL21:
 377              		.loc 1 165 6 view .LVU123
 378 0044 48B9     		cbnz	r0, .L34
 379              	.L25:
 166:Core/Src/usart.c ****   {
 167:Core/Src/usart.c ****     Error_Handler();
 168:Core/Src/usart.c ****   }
 169:Core/Src/usart.c ****   /* USER CODE BEGIN USART3_Init 2 */
 170:Core/Src/usart.c **** 
 171:Core/Src/usart.c ****   /* USER CODE END USART3_Init 2 */
 172:Core/Src/usart.c **** 
 173:Core/Src/usart.c **** }
 380              		.loc 1 173 1 view .LVU124
 381 0046 08BD     		pop	{r3, pc}
 382              	.L31:
 155:Core/Src/usart.c ****   }
 383              		.loc 1 155 5 is_stmt 1 view .LVU125
 384 0048 FFF7FEFF 		bl	Error_Handler
 385              	.LVL22:
 386 004c EDE7     		b	.L26
 387              	.L32:
 159:Core/Src/usart.c ****   }
 388              		.loc 1 159 5 view .LVU126
 389 004e FFF7FEFF 		bl	Error_Handler
 390              	.LVL23:
 391 0052 EFE7     		b	.L27
 392              	.L33:
ARM GAS  C:\Users\86390\AppData\Local\Temp\ccsi2mKh.s 			page 11


 163:Core/Src/usart.c ****   }
 393              		.loc 1 163 5 view .LVU127
 394 0054 FFF7FEFF 		bl	Error_Handler
 395              	.LVL24:
 396 0058 F1E7     		b	.L28
 397              	.L34:
 167:Core/Src/usart.c ****   }
 398              		.loc 1 167 5 view .LVU128
 399 005a FFF7FEFF 		bl	Error_Handler
 400              	.LVL25:
 401              		.loc 1 173 1 is_stmt 0 view .LVU129
 402 005e F2E7     		b	.L25
 403              	.L36:
 404              		.align	2
 405              	.L35:
 406 0060 00000000 		.word	.LANCHOR2
 407 0064 00480040 		.word	1073760256
 408              		.cfi_endproc
 409              	.LFE137:
 411              		.section	.text.HAL_UART_MspInit,"ax",%progbits
 412              		.align	1
 413              		.global	HAL_UART_MspInit
 414              		.syntax unified
 415              		.thumb
 416              		.thumb_func
 418              	HAL_UART_MspInit:
 419              	.LVL26:
 420              	.LFB138:
 174:Core/Src/usart.c **** 
 175:Core/Src/usart.c **** void HAL_UART_MspInit(UART_HandleTypeDef* uartHandle)
 176:Core/Src/usart.c **** {
 421              		.loc 1 176 1 is_stmt 1 view -0
 422              		.cfi_startproc
 423              		@ args = 0, pretend = 0, frame = 112
 424              		@ frame_needed = 0, uses_anonymous_args = 0
 425              		.loc 1 176 1 is_stmt 0 view .LVU131
 426 0000 30B5     		push	{r4, r5, lr}
 427              	.LCFI3:
 428              		.cfi_def_cfa_offset 12
 429              		.cfi_offset 4, -12
 430              		.cfi_offset 5, -8
 431              		.cfi_offset 14, -4
 432 0002 9DB0     		sub	sp, sp, #116
 433              	.LCFI4:
 434              		.cfi_def_cfa_offset 128
 435 0004 0446     		mov	r4, r0
 177:Core/Src/usart.c **** 
 178:Core/Src/usart.c ****   GPIO_InitTypeDef GPIO_InitStruct = {0};
 436              		.loc 1 178 3 is_stmt 1 view .LVU132
 437              		.loc 1 178 20 is_stmt 0 view .LVU133
 438 0006 0021     		movs	r1, #0
 439 0008 1791     		str	r1, [sp, #92]
 440 000a 1891     		str	r1, [sp, #96]
 441 000c 1991     		str	r1, [sp, #100]
 442 000e 1A91     		str	r1, [sp, #104]
 443 0010 1B91     		str	r1, [sp, #108]
 179:Core/Src/usart.c ****   RCC_PeriphCLKInitTypeDef PeriphClkInit = {0};
ARM GAS  C:\Users\86390\AppData\Local\Temp\ccsi2mKh.s 			page 12


 444              		.loc 1 179 3 is_stmt 1 view .LVU134
 445              		.loc 1 179 28 is_stmt 0 view .LVU135
 446 0012 4422     		movs	r2, #68
 447 0014 06A8     		add	r0, sp, #24
 448              	.LVL27:
 449              		.loc 1 179 28 view .LVU136
 450 0016 FFF7FEFF 		bl	memset
 451              	.LVL28:
 180:Core/Src/usart.c ****   if(uartHandle->Instance==USART1)
 452              		.loc 1 180 3 is_stmt 1 view .LVU137
 453              		.loc 1 180 16 is_stmt 0 view .LVU138
 454 001a 2368     		ldr	r3, [r4]
 455              		.loc 1 180 5 view .LVU139
 456 001c 5E4A     		ldr	r2, .L53
 457 001e 9342     		cmp	r3, r2
 458 0020 07D0     		beq	.L46
 181:Core/Src/usart.c ****   {
 182:Core/Src/usart.c ****   /* USER CODE BEGIN USART1_MspInit 0 */
 183:Core/Src/usart.c **** 
 184:Core/Src/usart.c ****   /* USER CODE END USART1_MspInit 0 */
 185:Core/Src/usart.c **** 
 186:Core/Src/usart.c ****   /** Initializes the peripherals clocks
 187:Core/Src/usart.c ****   */
 188:Core/Src/usart.c ****     PeriphClkInit.PeriphClockSelection = RCC_PERIPHCLK_USART1;
 189:Core/Src/usart.c ****     PeriphClkInit.Usart1ClockSelection = RCC_USART1CLKSOURCE_PCLK2;
 190:Core/Src/usart.c ****     if (HAL_RCCEx_PeriphCLKConfig(&PeriphClkInit) != HAL_OK)
 191:Core/Src/usart.c ****     {
 192:Core/Src/usart.c ****       Error_Handler();
 193:Core/Src/usart.c ****     }
 194:Core/Src/usart.c **** 
 195:Core/Src/usart.c ****     /* USART1 clock enable */
 196:Core/Src/usart.c ****     __HAL_RCC_USART1_CLK_ENABLE();
 197:Core/Src/usart.c **** 
 198:Core/Src/usart.c ****     __HAL_RCC_GPIOA_CLK_ENABLE();
 199:Core/Src/usart.c ****     /**USART1 GPIO Configuration
 200:Core/Src/usart.c ****     PA9     ------> USART1_TX
 201:Core/Src/usart.c ****     PA10     ------> USART1_RX
 202:Core/Src/usart.c ****     */
 203:Core/Src/usart.c ****     GPIO_InitStruct.Pin = uartServo_Tx_Pin|uartServo_Rx_Pin;
 204:Core/Src/usart.c ****     GPIO_InitStruct.Mode = GPIO_MODE_AF_PP;
 205:Core/Src/usart.c ****     GPIO_InitStruct.Pull = GPIO_NOPULL;
 206:Core/Src/usart.c ****     GPIO_InitStruct.Speed = GPIO_SPEED_FREQ_LOW;
 207:Core/Src/usart.c ****     GPIO_InitStruct.Alternate = GPIO_AF7_USART1;
 208:Core/Src/usart.c ****     HAL_GPIO_Init(GPIOA, &GPIO_InitStruct);
 209:Core/Src/usart.c **** 
 210:Core/Src/usart.c ****     /* USART1 interrupt Init */
 211:Core/Src/usart.c ****     HAL_NVIC_SetPriority(USART1_IRQn, 1, 0);
 212:Core/Src/usart.c ****     HAL_NVIC_EnableIRQ(USART1_IRQn);
 213:Core/Src/usart.c ****   /* USER CODE BEGIN USART1_MspInit 1 */
 214:Core/Src/usart.c **** 
 215:Core/Src/usart.c ****   /* USER CODE END USART1_MspInit 1 */
 216:Core/Src/usart.c ****   }
 217:Core/Src/usart.c ****   else if(uartHandle->Instance==USART2)
 459              		.loc 1 217 8 is_stmt 1 view .LVU140
 460              		.loc 1 217 10 is_stmt 0 view .LVU141
 461 0022 5E4A     		ldr	r2, .L53+4
 462 0024 9342     		cmp	r3, r2
ARM GAS  C:\Users\86390\AppData\Local\Temp\ccsi2mKh.s 			page 13


 463 0026 38D0     		beq	.L47
 218:Core/Src/usart.c ****   {
 219:Core/Src/usart.c ****   /* USER CODE BEGIN USART2_MspInit 0 */
 220:Core/Src/usart.c **** 
 221:Core/Src/usart.c ****   /* USER CODE END USART2_MspInit 0 */
 222:Core/Src/usart.c **** 
 223:Core/Src/usart.c ****   /** Initializes the peripherals clocks
 224:Core/Src/usart.c ****   */
 225:Core/Src/usart.c ****     PeriphClkInit.PeriphClockSelection = RCC_PERIPHCLK_USART2;
 226:Core/Src/usart.c ****     PeriphClkInit.Usart2ClockSelection = RCC_USART2CLKSOURCE_PCLK1;
 227:Core/Src/usart.c ****     if (HAL_RCCEx_PeriphCLKConfig(&PeriphClkInit) != HAL_OK)
 228:Core/Src/usart.c ****     {
 229:Core/Src/usart.c ****       Error_Handler();
 230:Core/Src/usart.c ****     }
 231:Core/Src/usart.c **** 
 232:Core/Src/usart.c ****     /* USART2 clock enable */
 233:Core/Src/usart.c ****     __HAL_RCC_USART2_CLK_ENABLE();
 234:Core/Src/usart.c **** 
 235:Core/Src/usart.c ****     __HAL_RCC_GPIOA_CLK_ENABLE();
 236:Core/Src/usart.c ****     /**USART2 GPIO Configuration
 237:Core/Src/usart.c ****     PA2     ------> USART2_TX
 238:Core/Src/usart.c ****     PA3     ------> USART2_RX
 239:Core/Src/usart.c ****     */
 240:Core/Src/usart.c ****     GPIO_InitStruct.Pin = Test_Tx_Pin|Test_Rx_Pin;
 241:Core/Src/usart.c ****     GPIO_InitStruct.Mode = GPIO_MODE_AF_PP;
 242:Core/Src/usart.c ****     GPIO_InitStruct.Pull = GPIO_NOPULL;
 243:Core/Src/usart.c ****     GPIO_InitStruct.Speed = GPIO_SPEED_FREQ_LOW;
 244:Core/Src/usart.c ****     GPIO_InitStruct.Alternate = GPIO_AF7_USART2;
 245:Core/Src/usart.c ****     HAL_GPIO_Init(GPIOA, &GPIO_InitStruct);
 246:Core/Src/usart.c **** 
 247:Core/Src/usart.c ****     /* USART2 interrupt Init */
 248:Core/Src/usart.c ****     HAL_NVIC_SetPriority(USART2_IRQn, 1, 0);
 249:Core/Src/usart.c ****     HAL_NVIC_EnableIRQ(USART2_IRQn);
 250:Core/Src/usart.c ****   /* USER CODE BEGIN USART2_MspInit 1 */
 251:Core/Src/usart.c **** 
 252:Core/Src/usart.c ****   /* USER CODE END USART2_MspInit 1 */
 253:Core/Src/usart.c ****   }
 254:Core/Src/usart.c ****   else if(uartHandle->Instance==USART3)
 464              		.loc 1 254 8 is_stmt 1 view .LVU142
 465              		.loc 1 254 10 is_stmt 0 view .LVU143
 466 0028 5D4A     		ldr	r2, .L53+8
 467 002a 9342     		cmp	r3, r2
 468 002c 68D0     		beq	.L48
 469              	.LVL29:
 470              	.L37:
 255:Core/Src/usart.c ****   {
 256:Core/Src/usart.c ****   /* USER CODE BEGIN USART3_MspInit 0 */
 257:Core/Src/usart.c **** 
 258:Core/Src/usart.c ****   /* USER CODE END USART3_MspInit 0 */
 259:Core/Src/usart.c **** 
 260:Core/Src/usart.c ****   /** Initializes the peripherals clocks
 261:Core/Src/usart.c ****   */
 262:Core/Src/usart.c ****     PeriphClkInit.PeriphClockSelection = RCC_PERIPHCLK_USART3;
 263:Core/Src/usart.c ****     PeriphClkInit.Usart3ClockSelection = RCC_USART3CLKSOURCE_PCLK1;
 264:Core/Src/usart.c ****     if (HAL_RCCEx_PeriphCLKConfig(&PeriphClkInit) != HAL_OK)
 265:Core/Src/usart.c ****     {
 266:Core/Src/usart.c ****       Error_Handler();
ARM GAS  C:\Users\86390\AppData\Local\Temp\ccsi2mKh.s 			page 14


 267:Core/Src/usart.c ****     }
 268:Core/Src/usart.c **** 
 269:Core/Src/usart.c ****     /* USART3 clock enable */
 270:Core/Src/usart.c ****     __HAL_RCC_USART3_CLK_ENABLE();
 271:Core/Src/usart.c **** 
 272:Core/Src/usart.c ****     __HAL_RCC_GPIOB_CLK_ENABLE();
 273:Core/Src/usart.c ****     /**USART3 GPIO Configuration
 274:Core/Src/usart.c ****     PB10     ------> USART3_TX
 275:Core/Src/usart.c ****     PB11     ------> USART3_RX
 276:Core/Src/usart.c ****     */
 277:Core/Src/usart.c ****     GPIO_InitStruct.Pin = shijue_Tx_Pin|shijue_Rx_Pin;
 278:Core/Src/usart.c ****     GPIO_InitStruct.Mode = GPIO_MODE_AF_PP;
 279:Core/Src/usart.c ****     GPIO_InitStruct.Pull = GPIO_NOPULL;
 280:Core/Src/usart.c ****     GPIO_InitStruct.Speed = GPIO_SPEED_FREQ_LOW;
 281:Core/Src/usart.c ****     GPIO_InitStruct.Alternate = GPIO_AF7_USART3;
 282:Core/Src/usart.c ****     HAL_GPIO_Init(GPIOB, &GPIO_InitStruct);
 283:Core/Src/usart.c **** 
 284:Core/Src/usart.c ****     /* USART3 DMA Init */
 285:Core/Src/usart.c ****     /* USART3_RX Init */
 286:Core/Src/usart.c ****     hdma_usart3_rx.Instance = DMA1_Channel1;
 287:Core/Src/usart.c ****     hdma_usart3_rx.Init.Request = DMA_REQUEST_USART3_RX;
 288:Core/Src/usart.c ****     hdma_usart3_rx.Init.Direction = DMA_PERIPH_TO_MEMORY;
 289:Core/Src/usart.c ****     hdma_usart3_rx.Init.PeriphInc = DMA_PINC_DISABLE;
 290:Core/Src/usart.c ****     hdma_usart3_rx.Init.MemInc = DMA_MINC_ENABLE;
 291:Core/Src/usart.c ****     hdma_usart3_rx.Init.PeriphDataAlignment = DMA_PDATAALIGN_BYTE;
 292:Core/Src/usart.c ****     hdma_usart3_rx.Init.MemDataAlignment = DMA_MDATAALIGN_BYTE;
 293:Core/Src/usart.c ****     hdma_usart3_rx.Init.Mode = DMA_NORMAL;
 294:Core/Src/usart.c ****     hdma_usart3_rx.Init.Priority = DMA_PRIORITY_LOW;
 295:Core/Src/usart.c ****     if (HAL_DMA_Init(&hdma_usart3_rx) != HAL_OK)
 296:Core/Src/usart.c ****     {
 297:Core/Src/usart.c ****       Error_Handler();
 298:Core/Src/usart.c ****     }
 299:Core/Src/usart.c **** 
 300:Core/Src/usart.c ****     __HAL_LINKDMA(uartHandle,hdmarx,hdma_usart3_rx);
 301:Core/Src/usart.c **** 
 302:Core/Src/usart.c ****     /* USART3 interrupt Init */
 303:Core/Src/usart.c ****     HAL_NVIC_SetPriority(USART3_IRQn, 0, 0);
 304:Core/Src/usart.c ****     HAL_NVIC_EnableIRQ(USART3_IRQn);
 305:Core/Src/usart.c ****   /* USER CODE BEGIN USART3_MspInit 1 */
 306:Core/Src/usart.c **** 
 307:Core/Src/usart.c ****   /* USER CODE END USART3_MspInit 1 */
 308:Core/Src/usart.c ****   }
 309:Core/Src/usart.c **** }
 471              		.loc 1 309 1 view .LVU144
 472 002e 1DB0     		add	sp, sp, #116
 473              	.LCFI5:
 474              		.cfi_remember_state
 475              		.cfi_def_cfa_offset 12
 476              		@ sp needed
 477 0030 30BD     		pop	{r4, r5, pc}
 478              	.LVL30:
 479              	.L46:
 480              	.LCFI6:
 481              		.cfi_restore_state
 188:Core/Src/usart.c ****     PeriphClkInit.Usart1ClockSelection = RCC_USART1CLKSOURCE_PCLK2;
 482              		.loc 1 188 5 is_stmt 1 view .LVU145
 188:Core/Src/usart.c ****     PeriphClkInit.Usart1ClockSelection = RCC_USART1CLKSOURCE_PCLK2;
ARM GAS  C:\Users\86390\AppData\Local\Temp\ccsi2mKh.s 			page 15


 483              		.loc 1 188 40 is_stmt 0 view .LVU146
 484 0032 0123     		movs	r3, #1
 485 0034 0693     		str	r3, [sp, #24]
 189:Core/Src/usart.c ****     if (HAL_RCCEx_PeriphCLKConfig(&PeriphClkInit) != HAL_OK)
 486              		.loc 1 189 5 is_stmt 1 view .LVU147
 190:Core/Src/usart.c ****     {
 487              		.loc 1 190 5 view .LVU148
 190:Core/Src/usart.c ****     {
 488              		.loc 1 190 9 is_stmt 0 view .LVU149
 489 0036 06A8     		add	r0, sp, #24
 490 0038 FFF7FEFF 		bl	HAL_RCCEx_PeriphCLKConfig
 491              	.LVL31:
 190:Core/Src/usart.c ****     {
 492              		.loc 1 190 8 view .LVU150
 493 003c 50BB     		cbnz	r0, .L49
 494              	.L39:
 196:Core/Src/usart.c **** 
 495              		.loc 1 196 5 is_stmt 1 view .LVU151
 496              	.LBB2:
 196:Core/Src/usart.c **** 
 497              		.loc 1 196 5 view .LVU152
 196:Core/Src/usart.c **** 
 498              		.loc 1 196 5 view .LVU153
 499 003e 594B     		ldr	r3, .L53+12
 500 0040 1A6E     		ldr	r2, [r3, #96]
 501 0042 42F48042 		orr	r2, r2, #16384
 502 0046 1A66     		str	r2, [r3, #96]
 196:Core/Src/usart.c **** 
 503              		.loc 1 196 5 view .LVU154
 504 0048 1A6E     		ldr	r2, [r3, #96]
 505 004a 02F48042 		and	r2, r2, #16384
 506 004e 0092     		str	r2, [sp]
 196:Core/Src/usart.c **** 
 507              		.loc 1 196 5 view .LVU155
 508 0050 009A     		ldr	r2, [sp]
 509              	.LBE2:
 196:Core/Src/usart.c **** 
 510              		.loc 1 196 5 view .LVU156
 198:Core/Src/usart.c ****     /**USART1 GPIO Configuration
 511              		.loc 1 198 5 view .LVU157
 512              	.LBB3:
 198:Core/Src/usart.c ****     /**USART1 GPIO Configuration
 513              		.loc 1 198 5 view .LVU158
 198:Core/Src/usart.c ****     /**USART1 GPIO Configuration
 514              		.loc 1 198 5 view .LVU159
 515 0052 DA6C     		ldr	r2, [r3, #76]
 516 0054 42F00102 		orr	r2, r2, #1
 517 0058 DA64     		str	r2, [r3, #76]
 198:Core/Src/usart.c ****     /**USART1 GPIO Configuration
 518              		.loc 1 198 5 view .LVU160
 519 005a DB6C     		ldr	r3, [r3, #76]
 520 005c 03F00103 		and	r3, r3, #1
 521 0060 0193     		str	r3, [sp, #4]
 198:Core/Src/usart.c ****     /**USART1 GPIO Configuration
 522              		.loc 1 198 5 view .LVU161
 523 0062 019B     		ldr	r3, [sp, #4]
 524              	.LBE3:
ARM GAS  C:\Users\86390\AppData\Local\Temp\ccsi2mKh.s 			page 16


 198:Core/Src/usart.c ****     /**USART1 GPIO Configuration
 525              		.loc 1 198 5 view .LVU162
 203:Core/Src/usart.c ****     GPIO_InitStruct.Mode = GPIO_MODE_AF_PP;
 526              		.loc 1 203 5 view .LVU163
 203:Core/Src/usart.c ****     GPIO_InitStruct.Mode = GPIO_MODE_AF_PP;
 527              		.loc 1 203 25 is_stmt 0 view .LVU164
 528 0064 4FF4C063 		mov	r3, #1536
 529 0068 1793     		str	r3, [sp, #92]
 204:Core/Src/usart.c ****     GPIO_InitStruct.Pull = GPIO_NOPULL;
 530              		.loc 1 204 5 is_stmt 1 view .LVU165
 204:Core/Src/usart.c ****     GPIO_InitStruct.Pull = GPIO_NOPULL;
 531              		.loc 1 204 26 is_stmt 0 view .LVU166
 532 006a 0223     		movs	r3, #2
 533 006c 1893     		str	r3, [sp, #96]
 205:Core/Src/usart.c ****     GPIO_InitStruct.Speed = GPIO_SPEED_FREQ_LOW;
 534              		.loc 1 205 5 is_stmt 1 view .LVU167
 205:Core/Src/usart.c ****     GPIO_InitStruct.Speed = GPIO_SPEED_FREQ_LOW;
 535              		.loc 1 205 26 is_stmt 0 view .LVU168
 536 006e 0024     		movs	r4, #0
 537              	.LVL32:
 205:Core/Src/usart.c ****     GPIO_InitStruct.Speed = GPIO_SPEED_FREQ_LOW;
 538              		.loc 1 205 26 view .LVU169
 539 0070 1994     		str	r4, [sp, #100]
 206:Core/Src/usart.c ****     GPIO_InitStruct.Alternate = GPIO_AF7_USART1;
 540              		.loc 1 206 5 is_stmt 1 view .LVU170
 206:Core/Src/usart.c ****     GPIO_InitStruct.Alternate = GPIO_AF7_USART1;
 541              		.loc 1 206 27 is_stmt 0 view .LVU171
 542 0072 1A94     		str	r4, [sp, #104]
 207:Core/Src/usart.c ****     HAL_GPIO_Init(GPIOA, &GPIO_InitStruct);
 543              		.loc 1 207 5 is_stmt 1 view .LVU172
 207:Core/Src/usart.c ****     HAL_GPIO_Init(GPIOA, &GPIO_InitStruct);
 544              		.loc 1 207 31 is_stmt 0 view .LVU173
 545 0074 0723     		movs	r3, #7
 546 0076 1B93     		str	r3, [sp, #108]
 208:Core/Src/usart.c **** 
 547              		.loc 1 208 5 is_stmt 1 view .LVU174
 548 0078 17A9     		add	r1, sp, #92
 549 007a 4FF09040 		mov	r0, #1207959552
 550 007e FFF7FEFF 		bl	HAL_GPIO_Init
 551              	.LVL33:
 211:Core/Src/usart.c ****     HAL_NVIC_EnableIRQ(USART1_IRQn);
 552              		.loc 1 211 5 view .LVU175
 553 0082 2246     		mov	r2, r4
 554 0084 0121     		movs	r1, #1
 555 0086 2520     		movs	r0, #37
 556 0088 FFF7FEFF 		bl	HAL_NVIC_SetPriority
 557              	.LVL34:
 212:Core/Src/usart.c ****   /* USER CODE BEGIN USART1_MspInit 1 */
 558              		.loc 1 212 5 view .LVU176
 559 008c 2520     		movs	r0, #37
 560 008e FFF7FEFF 		bl	HAL_NVIC_EnableIRQ
 561              	.LVL35:
 562 0092 CCE7     		b	.L37
 563              	.LVL36:
 564              	.L49:
 192:Core/Src/usart.c ****     }
 565              		.loc 1 192 7 view .LVU177
ARM GAS  C:\Users\86390\AppData\Local\Temp\ccsi2mKh.s 			page 17


 566 0094 FFF7FEFF 		bl	Error_Handler
 567              	.LVL37:
 568 0098 D1E7     		b	.L39
 569              	.L47:
 225:Core/Src/usart.c ****     PeriphClkInit.Usart2ClockSelection = RCC_USART2CLKSOURCE_PCLK1;
 570              		.loc 1 225 5 view .LVU178
 225:Core/Src/usart.c ****     PeriphClkInit.Usart2ClockSelection = RCC_USART2CLKSOURCE_PCLK1;
 571              		.loc 1 225 40 is_stmt 0 view .LVU179
 572 009a 0223     		movs	r3, #2
 573 009c 0693     		str	r3, [sp, #24]
 226:Core/Src/usart.c ****     if (HAL_RCCEx_PeriphCLKConfig(&PeriphClkInit) != HAL_OK)
 574              		.loc 1 226 5 is_stmt 1 view .LVU180
 227:Core/Src/usart.c ****     {
 575              		.loc 1 227 5 view .LVU181
 227:Core/Src/usart.c ****     {
 576              		.loc 1 227 9 is_stmt 0 view .LVU182
 577 009e 06A8     		add	r0, sp, #24
 578 00a0 FFF7FEFF 		bl	HAL_RCCEx_PeriphCLKConfig
 579              	.LVL38:
 227:Core/Src/usart.c ****     {
 580              		.loc 1 227 8 view .LVU183
 581 00a4 48BB     		cbnz	r0, .L50
 582              	.L42:
 233:Core/Src/usart.c **** 
 583              		.loc 1 233 5 is_stmt 1 view .LVU184
 584              	.LBB4:
 233:Core/Src/usart.c **** 
 585              		.loc 1 233 5 view .LVU185
 233:Core/Src/usart.c **** 
 586              		.loc 1 233 5 view .LVU186
 587 00a6 3F4B     		ldr	r3, .L53+12
 588 00a8 9A6D     		ldr	r2, [r3, #88]
 589 00aa 42F40032 		orr	r2, r2, #131072
 590 00ae 9A65     		str	r2, [r3, #88]
 233:Core/Src/usart.c **** 
 591              		.loc 1 233 5 view .LVU187
 592 00b0 9A6D     		ldr	r2, [r3, #88]
 593 00b2 02F40032 		and	r2, r2, #131072
 594 00b6 0292     		str	r2, [sp, #8]
 233:Core/Src/usart.c **** 
 595              		.loc 1 233 5 view .LVU188
 596 00b8 029A     		ldr	r2, [sp, #8]
 597              	.LBE4:
 233:Core/Src/usart.c **** 
 598              		.loc 1 233 5 view .LVU189
 235:Core/Src/usart.c ****     /**USART2 GPIO Configuration
 599              		.loc 1 235 5 view .LVU190
 600              	.LBB5:
 235:Core/Src/usart.c ****     /**USART2 GPIO Configuration
 601              		.loc 1 235 5 view .LVU191
 235:Core/Src/usart.c ****     /**USART2 GPIO Configuration
 602              		.loc 1 235 5 view .LVU192
 603 00ba DA6C     		ldr	r2, [r3, #76]
 604 00bc 42F00102 		orr	r2, r2, #1
 605 00c0 DA64     		str	r2, [r3, #76]
 235:Core/Src/usart.c ****     /**USART2 GPIO Configuration
 606              		.loc 1 235 5 view .LVU193
ARM GAS  C:\Users\86390\AppData\Local\Temp\ccsi2mKh.s 			page 18


 607 00c2 DB6C     		ldr	r3, [r3, #76]
 608 00c4 03F00103 		and	r3, r3, #1
 609 00c8 0393     		str	r3, [sp, #12]
 235:Core/Src/usart.c ****     /**USART2 GPIO Configuration
 610              		.loc 1 235 5 view .LVU194
 611 00ca 039B     		ldr	r3, [sp, #12]
 612              	.LBE5:
 235:Core/Src/usart.c ****     /**USART2 GPIO Configuration
 613              		.loc 1 235 5 view .LVU195
 240:Core/Src/usart.c ****     GPIO_InitStruct.Mode = GPIO_MODE_AF_PP;
 614              		.loc 1 240 5 view .LVU196
 240:Core/Src/usart.c ****     GPIO_InitStruct.Mode = GPIO_MODE_AF_PP;
 615              		.loc 1 240 25 is_stmt 0 view .LVU197
 616 00cc 0C23     		movs	r3, #12
 617 00ce 1793     		str	r3, [sp, #92]
 241:Core/Src/usart.c ****     GPIO_InitStruct.Pull = GPIO_NOPULL;
 618              		.loc 1 241 5 is_stmt 1 view .LVU198
 241:Core/Src/usart.c ****     GPIO_InitStruct.Pull = GPIO_NOPULL;
 619              		.loc 1 241 26 is_stmt 0 view .LVU199
 620 00d0 0223     		movs	r3, #2
 621 00d2 1893     		str	r3, [sp, #96]
 242:Core/Src/usart.c ****     GPIO_InitStruct.Speed = GPIO_SPEED_FREQ_LOW;
 622              		.loc 1 242 5 is_stmt 1 view .LVU200
 242:Core/Src/usart.c ****     GPIO_InitStruct.Speed = GPIO_SPEED_FREQ_LOW;
 623              		.loc 1 242 26 is_stmt 0 view .LVU201
 624 00d4 0024     		movs	r4, #0
 625              	.LVL39:
 242:Core/Src/usart.c ****     GPIO_InitStruct.Speed = GPIO_SPEED_FREQ_LOW;
 626              		.loc 1 242 26 view .LVU202
 627 00d6 1994     		str	r4, [sp, #100]
 243:Core/Src/usart.c ****     GPIO_InitStruct.Alternate = GPIO_AF7_USART2;
 628              		.loc 1 243 5 is_stmt 1 view .LVU203
 243:Core/Src/usart.c ****     GPIO_InitStruct.Alternate = GPIO_AF7_USART2;
 629              		.loc 1 243 27 is_stmt 0 view .LVU204
 630 00d8 1A94     		str	r4, [sp, #104]
 244:Core/Src/usart.c ****     HAL_GPIO_Init(GPIOA, &GPIO_InitStruct);
 631              		.loc 1 244 5 is_stmt 1 view .LVU205
 244:Core/Src/usart.c ****     HAL_GPIO_Init(GPIOA, &GPIO_InitStruct);
 632              		.loc 1 244 31 is_stmt 0 view .LVU206
 633 00da 0723     		movs	r3, #7
 634 00dc 1B93     		str	r3, [sp, #108]
 245:Core/Src/usart.c **** 
 635              		.loc 1 245 5 is_stmt 1 view .LVU207
 636 00de 17A9     		add	r1, sp, #92
 637 00e0 4FF09040 		mov	r0, #1207959552
 638 00e4 FFF7FEFF 		bl	HAL_GPIO_Init
 639              	.LVL40:
 248:Core/Src/usart.c ****     HAL_NVIC_EnableIRQ(USART2_IRQn);
 640              		.loc 1 248 5 view .LVU208
 641 00e8 2246     		mov	r2, r4
 642 00ea 0121     		movs	r1, #1
 643 00ec 2620     		movs	r0, #38
 644 00ee FFF7FEFF 		bl	HAL_NVIC_SetPriority
 645              	.LVL41:
 249:Core/Src/usart.c ****   /* USER CODE BEGIN USART2_MspInit 1 */
 646              		.loc 1 249 5 view .LVU209
 647 00f2 2620     		movs	r0, #38
ARM GAS  C:\Users\86390\AppData\Local\Temp\ccsi2mKh.s 			page 19


 648 00f4 FFF7FEFF 		bl	HAL_NVIC_EnableIRQ
 649              	.LVL42:
 650 00f8 99E7     		b	.L37
 651              	.LVL43:
 652              	.L50:
 229:Core/Src/usart.c ****     }
 653              		.loc 1 229 7 view .LVU210
 654 00fa FFF7FEFF 		bl	Error_Handler
 655              	.LVL44:
 656 00fe D2E7     		b	.L42
 657              	.L48:
 262:Core/Src/usart.c ****     PeriphClkInit.Usart3ClockSelection = RCC_USART3CLKSOURCE_PCLK1;
 658              		.loc 1 262 5 view .LVU211
 262:Core/Src/usart.c ****     PeriphClkInit.Usart3ClockSelection = RCC_USART3CLKSOURCE_PCLK1;
 659              		.loc 1 262 40 is_stmt 0 view .LVU212
 660 0100 0423     		movs	r3, #4
 661 0102 0693     		str	r3, [sp, #24]
 263:Core/Src/usart.c ****     if (HAL_RCCEx_PeriphCLKConfig(&PeriphClkInit) != HAL_OK)
 662              		.loc 1 263 5 is_stmt 1 view .LVU213
 264:Core/Src/usart.c ****     {
 663              		.loc 1 264 5 view .LVU214
 264:Core/Src/usart.c ****     {
 664              		.loc 1 264 9 is_stmt 0 view .LVU215
 665 0104 06A8     		add	r0, sp, #24
 666 0106 FFF7FEFF 		bl	HAL_RCCEx_PeriphCLKConfig
 667              	.LVL45:
 264:Core/Src/usart.c ****     {
 668              		.loc 1 264 8 view .LVU216
 669 010a 0028     		cmp	r0, #0
 670 010c 3DD1     		bne	.L51
 671              	.L43:
 270:Core/Src/usart.c **** 
 672              		.loc 1 270 5 is_stmt 1 view .LVU217
 673              	.LBB6:
 270:Core/Src/usart.c **** 
 674              		.loc 1 270 5 view .LVU218
 270:Core/Src/usart.c **** 
 675              		.loc 1 270 5 view .LVU219
 676 010e 254B     		ldr	r3, .L53+12
 677 0110 9A6D     		ldr	r2, [r3, #88]
 678 0112 42F48022 		orr	r2, r2, #262144
 679 0116 9A65     		str	r2, [r3, #88]
 270:Core/Src/usart.c **** 
 680              		.loc 1 270 5 view .LVU220
 681 0118 9A6D     		ldr	r2, [r3, #88]
 682 011a 02F48022 		and	r2, r2, #262144
 683 011e 0492     		str	r2, [sp, #16]
 270:Core/Src/usart.c **** 
 684              		.loc 1 270 5 view .LVU221
 685 0120 049A     		ldr	r2, [sp, #16]
 686              	.LBE6:
 270:Core/Src/usart.c **** 
 687              		.loc 1 270 5 view .LVU222
 272:Core/Src/usart.c ****     /**USART3 GPIO Configuration
 688              		.loc 1 272 5 view .LVU223
 689              	.LBB7:
 272:Core/Src/usart.c ****     /**USART3 GPIO Configuration
ARM GAS  C:\Users\86390\AppData\Local\Temp\ccsi2mKh.s 			page 20


 690              		.loc 1 272 5 view .LVU224
 272:Core/Src/usart.c ****     /**USART3 GPIO Configuration
 691              		.loc 1 272 5 view .LVU225
 692 0122 DA6C     		ldr	r2, [r3, #76]
 693 0124 42F00202 		orr	r2, r2, #2
 694 0128 DA64     		str	r2, [r3, #76]
 272:Core/Src/usart.c ****     /**USART3 GPIO Configuration
 695              		.loc 1 272 5 view .LVU226
 696 012a DB6C     		ldr	r3, [r3, #76]
 697 012c 03F00203 		and	r3, r3, #2
 698 0130 0593     		str	r3, [sp, #20]
 272:Core/Src/usart.c ****     /**USART3 GPIO Configuration
 699              		.loc 1 272 5 view .LVU227
 700 0132 059B     		ldr	r3, [sp, #20]
 701              	.LBE7:
 272:Core/Src/usart.c ****     /**USART3 GPIO Configuration
 702              		.loc 1 272 5 view .LVU228
 277:Core/Src/usart.c ****     GPIO_InitStruct.Mode = GPIO_MODE_AF_PP;
 703              		.loc 1 277 5 view .LVU229
 277:Core/Src/usart.c ****     GPIO_InitStruct.Mode = GPIO_MODE_AF_PP;
 704              		.loc 1 277 25 is_stmt 0 view .LVU230
 705 0134 4FF44063 		mov	r3, #3072
 706 0138 1793     		str	r3, [sp, #92]
 278:Core/Src/usart.c ****     GPIO_InitStruct.Pull = GPIO_NOPULL;
 707              		.loc 1 278 5 is_stmt 1 view .LVU231
 278:Core/Src/usart.c ****     GPIO_InitStruct.Pull = GPIO_NOPULL;
 708              		.loc 1 278 26 is_stmt 0 view .LVU232
 709 013a 0223     		movs	r3, #2
 710 013c 1893     		str	r3, [sp, #96]
 279:Core/Src/usart.c ****     GPIO_InitStruct.Speed = GPIO_SPEED_FREQ_LOW;
 711              		.loc 1 279 5 is_stmt 1 view .LVU233
 279:Core/Src/usart.c ****     GPIO_InitStruct.Speed = GPIO_SPEED_FREQ_LOW;
 712              		.loc 1 279 26 is_stmt 0 view .LVU234
 713 013e 0025     		movs	r5, #0
 714 0140 1995     		str	r5, [sp, #100]
 280:Core/Src/usart.c ****     GPIO_InitStruct.Alternate = GPIO_AF7_USART3;
 715              		.loc 1 280 5 is_stmt 1 view .LVU235
 280:Core/Src/usart.c ****     GPIO_InitStruct.Alternate = GPIO_AF7_USART3;
 716              		.loc 1 280 27 is_stmt 0 view .LVU236
 717 0142 1A95     		str	r5, [sp, #104]
 281:Core/Src/usart.c ****     HAL_GPIO_Init(GPIOB, &GPIO_InitStruct);
 718              		.loc 1 281 5 is_stmt 1 view .LVU237
 281:Core/Src/usart.c ****     HAL_GPIO_Init(GPIOB, &GPIO_InitStruct);
 719              		.loc 1 281 31 is_stmt 0 view .LVU238
 720 0144 0723     		movs	r3, #7
 721 0146 1B93     		str	r3, [sp, #108]
 282:Core/Src/usart.c **** 
 722              		.loc 1 282 5 is_stmt 1 view .LVU239
 723 0148 17A9     		add	r1, sp, #92
 724 014a 1748     		ldr	r0, .L53+16
 725 014c FFF7FEFF 		bl	HAL_GPIO_Init
 726              	.LVL46:
 286:Core/Src/usart.c ****     hdma_usart3_rx.Init.Request = DMA_REQUEST_USART3_RX;
 727              		.loc 1 286 5 view .LVU240
 286:Core/Src/usart.c ****     hdma_usart3_rx.Init.Request = DMA_REQUEST_USART3_RX;
 728              		.loc 1 286 29 is_stmt 0 view .LVU241
 729 0150 1648     		ldr	r0, .L53+20
ARM GAS  C:\Users\86390\AppData\Local\Temp\ccsi2mKh.s 			page 21


 730 0152 174B     		ldr	r3, .L53+24
 731 0154 0360     		str	r3, [r0]
 287:Core/Src/usart.c ****     hdma_usart3_rx.Init.Direction = DMA_PERIPH_TO_MEMORY;
 732              		.loc 1 287 5 is_stmt 1 view .LVU242
 287:Core/Src/usart.c ****     hdma_usart3_rx.Init.Direction = DMA_PERIPH_TO_MEMORY;
 733              		.loc 1 287 33 is_stmt 0 view .LVU243
 734 0156 1C23     		movs	r3, #28
 735 0158 4360     		str	r3, [r0, #4]
 288:Core/Src/usart.c ****     hdma_usart3_rx.Init.PeriphInc = DMA_PINC_DISABLE;
 736              		.loc 1 288 5 is_stmt 1 view .LVU244
 288:Core/Src/usart.c ****     hdma_usart3_rx.Init.PeriphInc = DMA_PINC_DISABLE;
 737              		.loc 1 288 35 is_stmt 0 view .LVU245
 738 015a 8560     		str	r5, [r0, #8]
 289:Core/Src/usart.c ****     hdma_usart3_rx.Init.MemInc = DMA_MINC_ENABLE;
 739              		.loc 1 289 5 is_stmt 1 view .LVU246
 289:Core/Src/usart.c ****     hdma_usart3_rx.Init.MemInc = DMA_MINC_ENABLE;
 740              		.loc 1 289 35 is_stmt 0 view .LVU247
 741 015c C560     		str	r5, [r0, #12]
 290:Core/Src/usart.c ****     hdma_usart3_rx.Init.PeriphDataAlignment = DMA_PDATAALIGN_BYTE;
 742              		.loc 1 290 5 is_stmt 1 view .LVU248
 290:Core/Src/usart.c ****     hdma_usart3_rx.Init.PeriphDataAlignment = DMA_PDATAALIGN_BYTE;
 743              		.loc 1 290 32 is_stmt 0 view .LVU249
 744 015e 8023     		movs	r3, #128
 745 0160 0361     		str	r3, [r0, #16]
 291:Core/Src/usart.c ****     hdma_usart3_rx.Init.MemDataAlignment = DMA_MDATAALIGN_BYTE;
 746              		.loc 1 291 5 is_stmt 1 view .LVU250
 291:Core/Src/usart.c ****     hdma_usart3_rx.Init.MemDataAlignment = DMA_MDATAALIGN_BYTE;
 747              		.loc 1 291 45 is_stmt 0 view .LVU251
 748 0162 4561     		str	r5, [r0, #20]
 292:Core/Src/usart.c ****     hdma_usart3_rx.Init.Mode = DMA_NORMAL;
 749              		.loc 1 292 5 is_stmt 1 view .LVU252
 292:Core/Src/usart.c ****     hdma_usart3_rx.Init.Mode = DMA_NORMAL;
 750              		.loc 1 292 42 is_stmt 0 view .LVU253
 751 0164 8561     		str	r5, [r0, #24]
 293:Core/Src/usart.c ****     hdma_usart3_rx.Init.Priority = DMA_PRIORITY_LOW;
 752              		.loc 1 293 5 is_stmt 1 view .LVU254
 293:Core/Src/usart.c ****     hdma_usart3_rx.Init.Priority = DMA_PRIORITY_LOW;
 753              		.loc 1 293 30 is_stmt 0 view .LVU255
 754 0166 C561     		str	r5, [r0, #28]
 294:Core/Src/usart.c ****     if (HAL_DMA_Init(&hdma_usart3_rx) != HAL_OK)
 755              		.loc 1 294 5 is_stmt 1 view .LVU256
 294:Core/Src/usart.c ****     if (HAL_DMA_Init(&hdma_usart3_rx) != HAL_OK)
 756              		.loc 1 294 34 is_stmt 0 view .LVU257
 757 0168 0562     		str	r5, [r0, #32]
 295:Core/Src/usart.c ****     {
 758              		.loc 1 295 5 is_stmt 1 view .LVU258
 295:Core/Src/usart.c ****     {
 759              		.loc 1 295 9 is_stmt 0 view .LVU259
 760 016a FFF7FEFF 		bl	HAL_DMA_Init
 761              	.LVL47:
 295:Core/Src/usart.c ****     {
 762              		.loc 1 295 8 view .LVU260
 763 016e 78B9     		cbnz	r0, .L52
 764              	.L44:
 300:Core/Src/usart.c **** 
 765              		.loc 1 300 5 is_stmt 1 view .LVU261
 300:Core/Src/usart.c **** 
ARM GAS  C:\Users\86390\AppData\Local\Temp\ccsi2mKh.s 			page 22


 766              		.loc 1 300 5 view .LVU262
 767 0170 0E4B     		ldr	r3, .L53+20
 768 0172 C4F88030 		str	r3, [r4, #128]
 300:Core/Src/usart.c **** 
 769              		.loc 1 300 5 view .LVU263
 770 0176 9C62     		str	r4, [r3, #40]
 300:Core/Src/usart.c **** 
 771              		.loc 1 300 5 view .LVU264
 303:Core/Src/usart.c ****     HAL_NVIC_EnableIRQ(USART3_IRQn);
 772              		.loc 1 303 5 view .LVU265
 773 0178 0022     		movs	r2, #0
 774 017a 1146     		mov	r1, r2
 775 017c 2720     		movs	r0, #39
 776 017e FFF7FEFF 		bl	HAL_NVIC_SetPriority
 777              	.LVL48:
 304:Core/Src/usart.c ****   /* USER CODE BEGIN USART3_MspInit 1 */
 778              		.loc 1 304 5 view .LVU266
 779 0182 2720     		movs	r0, #39
 780 0184 FFF7FEFF 		bl	HAL_NVIC_EnableIRQ
 781              	.LVL49:
 782              		.loc 1 309 1 is_stmt 0 view .LVU267
 783 0188 51E7     		b	.L37
 784              	.L51:
 266:Core/Src/usart.c ****     }
 785              		.loc 1 266 7 is_stmt 1 view .LVU268
 786 018a FFF7FEFF 		bl	Error_Handler
 787              	.LVL50:
 788 018e BEE7     		b	.L43
 789              	.L52:
 297:Core/Src/usart.c ****     }
 790              		.loc 1 297 7 view .LVU269
 791 0190 FFF7FEFF 		bl	Error_Handler
 792              	.LVL51:
 793 0194 ECE7     		b	.L44
 794              	.L54:
 795 0196 00BF     		.align	2
 796              	.L53:
 797 0198 00380140 		.word	1073821696
 798 019c 00440040 		.word	1073759232
 799 01a0 00480040 		.word	1073760256
 800 01a4 00100240 		.word	1073876992
 801 01a8 00040048 		.word	1207960576
 802 01ac 00000000 		.word	.LANCHOR3
 803 01b0 08000240 		.word	1073872904
 804              		.cfi_endproc
 805              	.LFE138:
 807              		.section	.text.HAL_UART_MspDeInit,"ax",%progbits
 808              		.align	1
 809              		.global	HAL_UART_MspDeInit
 810              		.syntax unified
 811              		.thumb
 812              		.thumb_func
 814              	HAL_UART_MspDeInit:
 815              	.LVL52:
 816              	.LFB139:
 310:Core/Src/usart.c **** 
 311:Core/Src/usart.c **** void HAL_UART_MspDeInit(UART_HandleTypeDef* uartHandle)
ARM GAS  C:\Users\86390\AppData\Local\Temp\ccsi2mKh.s 			page 23


 312:Core/Src/usart.c **** {
 817              		.loc 1 312 1 view -0
 818              		.cfi_startproc
 819              		@ args = 0, pretend = 0, frame = 0
 820              		@ frame_needed = 0, uses_anonymous_args = 0
 821              		.loc 1 312 1 is_stmt 0 view .LVU271
 822 0000 10B5     		push	{r4, lr}
 823              	.LCFI7:
 824              		.cfi_def_cfa_offset 8
 825              		.cfi_offset 4, -8
 826              		.cfi_offset 14, -4
 313:Core/Src/usart.c **** 
 314:Core/Src/usart.c ****   if(uartHandle->Instance==USART1)
 827              		.loc 1 314 3 is_stmt 1 view .LVU272
 828              		.loc 1 314 16 is_stmt 0 view .LVU273
 829 0002 0368     		ldr	r3, [r0]
 830              		.loc 1 314 5 view .LVU274
 831 0004 1E4A     		ldr	r2, .L63
 832 0006 9342     		cmp	r3, r2
 833 0008 07D0     		beq	.L60
 834 000a 0446     		mov	r4, r0
 315:Core/Src/usart.c ****   {
 316:Core/Src/usart.c ****   /* USER CODE BEGIN USART1_MspDeInit 0 */
 317:Core/Src/usart.c **** 
 318:Core/Src/usart.c ****   /* USER CODE END USART1_MspDeInit 0 */
 319:Core/Src/usart.c ****     /* Peripheral clock disable */
 320:Core/Src/usart.c ****     __HAL_RCC_USART1_CLK_DISABLE();
 321:Core/Src/usart.c **** 
 322:Core/Src/usart.c ****     /**USART1 GPIO Configuration
 323:Core/Src/usart.c ****     PA9     ------> USART1_TX
 324:Core/Src/usart.c ****     PA10     ------> USART1_RX
 325:Core/Src/usart.c ****     */
 326:Core/Src/usart.c ****     HAL_GPIO_DeInit(GPIOA, uartServo_Tx_Pin|uartServo_Rx_Pin);
 327:Core/Src/usart.c **** 
 328:Core/Src/usart.c ****     /* USART1 interrupt Deinit */
 329:Core/Src/usart.c ****     HAL_NVIC_DisableIRQ(USART1_IRQn);
 330:Core/Src/usart.c ****   /* USER CODE BEGIN USART1_MspDeInit 1 */
 331:Core/Src/usart.c **** 
 332:Core/Src/usart.c ****   /* USER CODE END USART1_MspDeInit 1 */
 333:Core/Src/usart.c ****   }
 334:Core/Src/usart.c ****   else if(uartHandle->Instance==USART2)
 835              		.loc 1 334 8 is_stmt 1 view .LVU275
 836              		.loc 1 334 10 is_stmt 0 view .LVU276
 837 000c 1D4A     		ldr	r2, .L63+4
 838 000e 9342     		cmp	r3, r2
 839 0010 13D0     		beq	.L61
 335:Core/Src/usart.c ****   {
 336:Core/Src/usart.c ****   /* USER CODE BEGIN USART2_MspDeInit 0 */
 337:Core/Src/usart.c **** 
 338:Core/Src/usart.c ****   /* USER CODE END USART2_MspDeInit 0 */
 339:Core/Src/usart.c ****     /* Peripheral clock disable */
 340:Core/Src/usart.c ****     __HAL_RCC_USART2_CLK_DISABLE();
 341:Core/Src/usart.c **** 
 342:Core/Src/usart.c ****     /**USART2 GPIO Configuration
 343:Core/Src/usart.c ****     PA2     ------> USART2_TX
 344:Core/Src/usart.c ****     PA3     ------> USART2_RX
 345:Core/Src/usart.c ****     */
ARM GAS  C:\Users\86390\AppData\Local\Temp\ccsi2mKh.s 			page 24


 346:Core/Src/usart.c ****     HAL_GPIO_DeInit(GPIOA, Test_Tx_Pin|Test_Rx_Pin);
 347:Core/Src/usart.c **** 
 348:Core/Src/usart.c ****     /* USART2 interrupt Deinit */
 349:Core/Src/usart.c ****     HAL_NVIC_DisableIRQ(USART2_IRQn);
 350:Core/Src/usart.c ****   /* USER CODE BEGIN USART2_MspDeInit 1 */
 351:Core/Src/usart.c **** 
 352:Core/Src/usart.c ****   /* USER CODE END USART2_MspDeInit 1 */
 353:Core/Src/usart.c ****   }
 354:Core/Src/usart.c ****   else if(uartHandle->Instance==USART3)
 840              		.loc 1 354 8 is_stmt 1 view .LVU277
 841              		.loc 1 354 10 is_stmt 0 view .LVU278
 842 0012 1D4A     		ldr	r2, .L63+8
 843 0014 9342     		cmp	r3, r2
 844 0016 1FD0     		beq	.L62
 845              	.LVL53:
 846              	.L55:
 355:Core/Src/usart.c ****   {
 356:Core/Src/usart.c ****   /* USER CODE BEGIN USART3_MspDeInit 0 */
 357:Core/Src/usart.c **** 
 358:Core/Src/usart.c ****   /* USER CODE END USART3_MspDeInit 0 */
 359:Core/Src/usart.c ****     /* Peripheral clock disable */
 360:Core/Src/usart.c ****     __HAL_RCC_USART3_CLK_DISABLE();
 361:Core/Src/usart.c **** 
 362:Core/Src/usart.c ****     /**USART3 GPIO Configuration
 363:Core/Src/usart.c ****     PB10     ------> USART3_TX
 364:Core/Src/usart.c ****     PB11     ------> USART3_RX
 365:Core/Src/usart.c ****     */
 366:Core/Src/usart.c ****     HAL_GPIO_DeInit(GPIOB, shijue_Tx_Pin|shijue_Rx_Pin);
 367:Core/Src/usart.c **** 
 368:Core/Src/usart.c ****     /* USART3 DMA DeInit */
 369:Core/Src/usart.c ****     HAL_DMA_DeInit(uartHandle->hdmarx);
 370:Core/Src/usart.c **** 
 371:Core/Src/usart.c ****     /* USART3 interrupt Deinit */
 372:Core/Src/usart.c ****     HAL_NVIC_DisableIRQ(USART3_IRQn);
 373:Core/Src/usart.c ****   /* USER CODE BEGIN USART3_MspDeInit 1 */
 374:Core/Src/usart.c **** 
 375:Core/Src/usart.c ****   /* USER CODE END USART3_MspDeInit 1 */
 376:Core/Src/usart.c ****   }
 377:Core/Src/usart.c **** }
 847              		.loc 1 377 1 view .LVU279
 848 0018 10BD     		pop	{r4, pc}
 849              	.LVL54:
 850              	.L60:
 320:Core/Src/usart.c **** 
 851              		.loc 1 320 5 is_stmt 1 view .LVU280
 852 001a 02F55842 		add	r2, r2, #55296
 853 001e 136E     		ldr	r3, [r2, #96]
 854 0020 23F48043 		bic	r3, r3, #16384
 855 0024 1366     		str	r3, [r2, #96]
 326:Core/Src/usart.c **** 
 856              		.loc 1 326 5 view .LVU281
 857 0026 4FF4C061 		mov	r1, #1536
 858 002a 4FF09040 		mov	r0, #1207959552
 859              	.LVL55:
 326:Core/Src/usart.c **** 
 860              		.loc 1 326 5 is_stmt 0 view .LVU282
 861 002e FFF7FEFF 		bl	HAL_GPIO_DeInit
ARM GAS  C:\Users\86390\AppData\Local\Temp\ccsi2mKh.s 			page 25


 862              	.LVL56:
 329:Core/Src/usart.c ****   /* USER CODE BEGIN USART1_MspDeInit 1 */
 863              		.loc 1 329 5 is_stmt 1 view .LVU283
 864 0032 2520     		movs	r0, #37
 865 0034 FFF7FEFF 		bl	HAL_NVIC_DisableIRQ
 866              	.LVL57:
 867 0038 EEE7     		b	.L55
 868              	.LVL58:
 869              	.L61:
 340:Core/Src/usart.c **** 
 870              		.loc 1 340 5 view .LVU284
 871 003a 02F5E632 		add	r2, r2, #117760
 872 003e 936D     		ldr	r3, [r2, #88]
 873 0040 23F40033 		bic	r3, r3, #131072
 874 0044 9365     		str	r3, [r2, #88]
 346:Core/Src/usart.c **** 
 875              		.loc 1 346 5 view .LVU285
 876 0046 0C21     		movs	r1, #12
 877 0048 4FF09040 		mov	r0, #1207959552
 878              	.LVL59:
 346:Core/Src/usart.c **** 
 879              		.loc 1 346 5 is_stmt 0 view .LVU286
 880 004c FFF7FEFF 		bl	HAL_GPIO_DeInit
 881              	.LVL60:
 349:Core/Src/usart.c ****   /* USER CODE BEGIN USART2_MspDeInit 1 */
 882              		.loc 1 349 5 is_stmt 1 view .LVU287
 883 0050 2620     		movs	r0, #38
 884 0052 FFF7FEFF 		bl	HAL_NVIC_DisableIRQ
 885              	.LVL61:
 886 0056 DFE7     		b	.L55
 887              	.LVL62:
 888              	.L62:
 360:Core/Src/usart.c **** 
 889              		.loc 1 360 5 view .LVU288
 890 0058 02F5E432 		add	r2, r2, #116736
 891 005c 936D     		ldr	r3, [r2, #88]
 892 005e 23F48023 		bic	r3, r3, #262144
 893 0062 9365     		str	r3, [r2, #88]
 366:Core/Src/usart.c **** 
 894              		.loc 1 366 5 view .LVU289
 895 0064 4FF44061 		mov	r1, #3072
 896 0068 0848     		ldr	r0, .L63+12
 897              	.LVL63:
 366:Core/Src/usart.c **** 
 898              		.loc 1 366 5 is_stmt 0 view .LVU290
 899 006a FFF7FEFF 		bl	HAL_GPIO_DeInit
 900              	.LVL64:
 369:Core/Src/usart.c **** 
 901              		.loc 1 369 5 is_stmt 1 view .LVU291
 902 006e D4F88000 		ldr	r0, [r4, #128]
 903 0072 FFF7FEFF 		bl	HAL_DMA_DeInit
 904              	.LVL65:
 372:Core/Src/usart.c ****   /* USER CODE BEGIN USART3_MspDeInit 1 */
 905              		.loc 1 372 5 view .LVU292
 906 0076 2720     		movs	r0, #39
 907 0078 FFF7FEFF 		bl	HAL_NVIC_DisableIRQ
 908              	.LVL66:
ARM GAS  C:\Users\86390\AppData\Local\Temp\ccsi2mKh.s 			page 26


 909              		.loc 1 377 1 is_stmt 0 view .LVU293
 910 007c CCE7     		b	.L55
 911              	.L64:
 912 007e 00BF     		.align	2
 913              	.L63:
 914 0080 00380140 		.word	1073821696
 915 0084 00440040 		.word	1073759232
 916 0088 00480040 		.word	1073760256
 917 008c 00040048 		.word	1207960576
 918              		.cfi_endproc
 919              	.LFE139:
 921              		.global	hdma_usart3_rx
 922              		.global	huart3
 923              		.global	huart2
 924              		.global	huart1
 925              		.section	.bss.hdma_usart3_rx,"aw",%nobits
 926              		.align	2
 927              		.set	.LANCHOR3,. + 0
 930              	hdma_usart3_rx:
 931 0000 00000000 		.space	96
 931      00000000 
 931      00000000 
 931      00000000 
 931      00000000 
 932              		.section	.bss.huart1,"aw",%nobits
 933              		.align	2
 934              		.set	.LANCHOR0,. + 0
 937              	huart1:
 938 0000 00000000 		.space	148
 938      00000000 
 938      00000000 
 938      00000000 
 938      00000000 
 939              		.section	.bss.huart2,"aw",%nobits
 940              		.align	2
 941              		.set	.LANCHOR1,. + 0
 944              	huart2:
 945 0000 00000000 		.space	148
 945      00000000 
 945      00000000 
 945      00000000 
 945      00000000 
 946              		.section	.bss.huart3,"aw",%nobits
 947              		.align	2
 948              		.set	.LANCHOR2,. + 0
 951              	huart3:
 952 0000 00000000 		.space	148
 952      00000000 
 952      00000000 
 952      00000000 
 952      00000000 
 953              		.text
 954              	.Letext0:
 955              		.file 2 "d:\\stm32_vscode_bag\\gnu\\arm-none-eabi\\include\\machine\\_default_types.h"
 956              		.file 3 "d:\\stm32_vscode_bag\\gnu\\arm-none-eabi\\include\\sys\\_stdint.h"
 957              		.file 4 "Drivers/CMSIS/Device/ST/STM32G4xx/Include/stm32g431xx.h"
 958              		.file 5 "Drivers/STM32G4xx_HAL_Driver/Inc/stm32g4xx_hal_def.h"
ARM GAS  C:\Users\86390\AppData\Local\Temp\ccsi2mKh.s 			page 27


 959              		.file 6 "Drivers/STM32G4xx_HAL_Driver/Inc/stm32g4xx_hal_rcc_ex.h"
 960              		.file 7 "Drivers/STM32G4xx_HAL_Driver/Inc/stm32g4xx_hal_gpio.h"
 961              		.file 8 "Drivers/STM32G4xx_HAL_Driver/Inc/stm32g4xx_hal_dma.h"
 962              		.file 9 "Drivers/STM32G4xx_HAL_Driver/Inc/stm32g4xx_hal_uart.h"
 963              		.file 10 "E:/MCU_Project/stm32/Target_tracking/user/My_Peripheral/Servo/ring_buffer.h"
 964              		.file 11 "E:/MCU_Project/stm32/Target_tracking/user/My_Peripheral/Servo/uart_servo_lite.h"
 965              		.file 12 "Core/Inc/usart.h"
 966              		.file 13 "Drivers/STM32G4xx_HAL_Driver/Inc/stm32g4xx_hal_cortex.h"
 967              		.file 14 "Core/Inc/main.h"
 968              		.file 15 "Drivers/STM32G4xx_HAL_Driver/Inc/stm32g4xx_hal_uart_ex.h"
 969              		.file 16 "<built-in>"
ARM GAS  C:\Users\86390\AppData\Local\Temp\ccsi2mKh.s 			page 28


DEFINED SYMBOLS
                            *ABS*:00000000 usart.c
C:\Users\86390\AppData\Local\Temp\ccsi2mKh.s:20     .text.MX_USART1_UART_Init:00000000 $t
C:\Users\86390\AppData\Local\Temp\ccsi2mKh.s:26     .text.MX_USART1_UART_Init:00000000 MX_USART1_UART_Init
C:\Users\86390\AppData\Local\Temp\ccsi2mKh.s:161    .text.MX_USART1_UART_Init:00000088 $d
C:\Users\86390\AppData\Local\Temp\ccsi2mKh.s:172    .text.MX_USART2_UART_Init:00000000 $t
C:\Users\86390\AppData\Local\Temp\ccsi2mKh.s:178    .text.MX_USART2_UART_Init:00000000 MX_USART2_UART_Init
C:\Users\86390\AppData\Local\Temp\ccsi2mKh.s:286    .text.MX_USART2_UART_Init:00000060 $d
C:\Users\86390\AppData\Local\Temp\ccsi2mKh.s:292    .text.MX_USART3_UART_Init:00000000 $t
C:\Users\86390\AppData\Local\Temp\ccsi2mKh.s:298    .text.MX_USART3_UART_Init:00000000 MX_USART3_UART_Init
C:\Users\86390\AppData\Local\Temp\ccsi2mKh.s:406    .text.MX_USART3_UART_Init:00000060 $d
C:\Users\86390\AppData\Local\Temp\ccsi2mKh.s:412    .text.HAL_UART_MspInit:00000000 $t
C:\Users\86390\AppData\Local\Temp\ccsi2mKh.s:418    .text.HAL_UART_MspInit:00000000 HAL_UART_MspInit
C:\Users\86390\AppData\Local\Temp\ccsi2mKh.s:797    .text.HAL_UART_MspInit:00000198 $d
C:\Users\86390\AppData\Local\Temp\ccsi2mKh.s:808    .text.HAL_UART_MspDeInit:00000000 $t
C:\Users\86390\AppData\Local\Temp\ccsi2mKh.s:814    .text.HAL_UART_MspDeInit:00000000 HAL_UART_MspDeInit
C:\Users\86390\AppData\Local\Temp\ccsi2mKh.s:914    .text.HAL_UART_MspDeInit:00000080 $d
C:\Users\86390\AppData\Local\Temp\ccsi2mKh.s:930    .bss.hdma_usart3_rx:00000000 hdma_usart3_rx
C:\Users\86390\AppData\Local\Temp\ccsi2mKh.s:951    .bss.huart3:00000000 huart3
C:\Users\86390\AppData\Local\Temp\ccsi2mKh.s:944    .bss.huart2:00000000 huart2
C:\Users\86390\AppData\Local\Temp\ccsi2mKh.s:937    .bss.huart1:00000000 huart1
C:\Users\86390\AppData\Local\Temp\ccsi2mKh.s:926    .bss.hdma_usart3_rx:00000000 $d
C:\Users\86390\AppData\Local\Temp\ccsi2mKh.s:933    .bss.huart1:00000000 $d
C:\Users\86390\AppData\Local\Temp\ccsi2mKh.s:940    .bss.huart2:00000000 $d
C:\Users\86390\AppData\Local\Temp\ccsi2mKh.s:947    .bss.huart3:00000000 $d

UNDEFINED SYMBOLS
HAL_UART_Init
HAL_UARTEx_SetTxFifoThreshold
HAL_UARTEx_SetRxFifoThreshold
HAL_UARTEx_DisableFifoMode
RingBuffer_Init
Error_Handler
usart1
usart1SendRingBuf
usart1SendBuf
usart1RecvRingBuf
usart1RecvBuf
memset
HAL_RCCEx_PeriphCLKConfig
HAL_GPIO_Init
HAL_NVIC_SetPriority
HAL_NVIC_EnableIRQ
HAL_DMA_Init
HAL_GPIO_DeInit
HAL_NVIC_DisableIRQ
HAL_DMA_DeInit
